
Sun Jun 22 12:36:33 EDT 2025

[32m==== Checking anupq[0m
[32mRunning './configure' '--with-gaproot=/Users/cheldt/Documents/Code/GAP/GAP-4.14.0' [0m
checking for a BSD-compatible install... /usr/bin/install -c
checking whether build environment is sane... yes
checking for a race-free mkdir -p... mkdir -p
checking for gawk... no
checking for mawk... no
checking for nawk... no
checking for awk... awk
checking whether make sets $(MAKE)... yes
checking whether make supports nested variables... yes
checking whether make supports nested variables... (cached) yes
checking whether to enable maintainer-specific portions of Makefiles... no
checking for gawk... (cached) awk
checking for gcc... gcc
checking whether the C compiler works... yes
checking for C compiler default output file name... a.out
checking for suffix of executables... 
checking whether we are cross compiling... no
checking for suffix of object files... o
checking whether the compiler supports GNU C... yes
checking whether gcc accepts -g... yes
checking for gcc option to enable C11 features... none needed
checking whether gcc understands -c and -o together... yes
checking whether make supports the include directive... yes (GNU style)
checking dependency style of gcc... gcc3
checking whether make sets $(MAKE)... (cached) yes
checking for a sed that does not truncate output... /usr/bin/sed
checking for GAP root directory... /Users/cheldt/Documents/Code/GAP/GAP-4.14.0
checking for GAP architecture... aarch64-apple-darwin24-default64-kv9
checking for stdio.h... yes
checking for stdlib.h... yes
checking for string.h... yes
checking for inttypes.h... yes
checking for stdint.h... yes
checking for strings.h... yes
checking for sys/stat.h... yes
checking for sys/types.h... yes
checking for unistd.h... yes
checking for gmp.h... yes
checking whether linking against GMP works... yes
checking for sys/wait.h that is POSIX.1 compatible... yes
checking for gethostname... yes
checking for strftime... yes
checking for library containing log10... none required
checking that generated files are newer than configure... done
configure: creating ./config.status
config.status: creating Makefile
config.status: creating testPq
config.status: creating include/config.h
config.status: executing depfiles commands
[32mRunning 'gmake' 'clean' [0m
test -z "pq" || rm -f pq
rm -rf bin/aarch64-apple-darwin24-default64-kv9
(cd doc && rm -f *.aux *.bbl *.blg *.brf *.idx *.ilg *.ind *.log *.out *.pnr *.toc)
(cd standalone-doc && rm -rf *.aux *.log *.toc)
rm -f *.o
rm -f src/*.o
[32mRunning 'gmake' [0m
  CC       src/pq-AllocateSpace.o
  CC       src/pq-CloseFile.o
  CC       src/pq-Extend_Auts.o
  CC       src/pq-FreeSpace.o
  CC       src/pq-GAP.o
  CC       src/pq-GAP_link_via_file.o
  CC       src/pq-GAP_present.o
  CC       src/pq-OpenFile.o
  CC       src/pq-TemporaryFile.o
  CC       src/pq-action.o
  CC       src/pq-assemble_matrix.o
  CC       src/pq-autgp_order.o
  CC       src/pq-calculate_jacobi.o
  CC       src/pq-central_auts.o
  CC       src/pq-check_exponent.o
  CC       src/pq-class1_eliminate.o
  CC       src/pq-close_relations.o
  CC       src/pq-close_subgroup.o
  CC       src/pq-collect.o
  CC       src/pq-collect_comm.o
  CC       src/pq-collect_gen_word.o
  CC       src/pq-collect_relations.o
  CC       src/pq-collect_word.o
  CC       src/pq-collectp2.o
  CC       src/pq-commutator.o
  CC       src/pq-commute_dgen.o
  CC       src/pq-compact.o
  CC       src/pq-compact_description.o
  CC       src/pq-consistency.o
  CC       src/pq-consistency_filter.o
  CC       src/pq-consistency_info.o
  CC       src/pq-construct.o
  CC       src/pq-convert.o
  CC       src/pq-defaults_pga.o
  CC       src/pq-degree.o
  CC       src/pq-delete_tables.o
  CC       src/pq-down_class.o
  CC       src/pq-echelon.o
  CC       src/pq-echelonise_matrix.o
  CC       src/pq-eliminate.o
  CC       src/pq-expand_commutator.o
  CC       src/pq-exponent_auts.o
  CC       src/pq-exponent_info.o
  CC       src/pq-extend_automorphisms.o
  CC       src/pq-extend_matrix.o
  CC       src/pq-extend_representation.o
  CC       src/pq-extra_relations.o
  CC       src/pq-find_allowable_subgroup.o
  CC       src/pq-find_image.o
  CC       src/pq-find_permutation.o
  CC       src/pq-formula.o
  CC       src/pq-generator_definition.o
  CC       src/pq-get_definition_sets.o
  CC       src/pq-identity.o
  CC       src/pq-immediate_descendant.o
  CC       src/pq-initialise_pcp.o
  CC       src/pq-initialise_pga.o
  CC       src/pq-insoluble_orbits.o
  CC       src/pq-int_power.o
  CC       src/pq-interactive_pga.o
  CC       src/pq-interactive_pq.o
  CC       src/pq-invert.o
  CC       src/pq-invert_auts.o
  CC       src/pq-invert_modp.o
  CC       src/pq-is_genlim_exceeded.o
  CC       src/pq-is_space_exhausted.o
  CC       src/pq-isom_options.o
  CC       src/pq-iteration.o
  CC       src/pq-jacobi.o
  CC       src/pq-label_to_subgroup.o
  CC       src/pq-last_class.o
  CC       src/pq-list_commutators.o
  CC       src/pq-map_relations.o
  CC       src/pq-matrix.o
  CC       src/pq-maxoccur.o
  CC       src/pq-multiply_word.o
  CC       src/pq-next_class.o
  CC       src/pq-options.o
  CC       src/pq-orbit_summary.o
  CC       src/pq-permute_elements.o
  CC       src/pq-permute_subgroups.o
  CC       src/pq-pgroup.o
  CC       src/pq-power.o
  CC       src/pq-pquotient.o
  CC       src/pq-pretty_filter.o
  CC       src/pq-pretty_filterfns.o
  CC       src/pq-print_arrays.o
  CC       src/pq-print_auts.o
  CC       src/pq-print_level.o
  CC       src/pq-print_multiweight.o
  CC       src/pq-print_presentation.o
  CC       src/pq-print_structure.o
  CC       src/pq-print_word.o
  CC       src/pq-read.o
  CC       src/pq-read_auts.o
  CC       src/pq-read_parameters.o
  CC       src/pq-read_relations.o
  CC       src/pq-read_relator_file.o
  CC       src/pq-read_value.o
  CC       src/pq-read_word.o
  CC       src/pq-reduce_matrix.o
  CC       src/pq-reduced_covers.o
  CC       src/pq-report_error.o
  CC       src/pq-restore_group.o
  CC       src/pq-setup.o
  CC       src/pq-setup_reps.o
  CC       src/pq-soluble_orbits.o
  CC       src/pq-solve_equation.o
  CC       src/pq-stabiliser.o
  CC       src/pq-stages.o
  CC       src/pq-standard.o
  CC       src/pq-start_group.o
  CC       src/pq-start_iteration.o
  CC       src/pq-step_range.o
  CC       src/pq-store_definition_sets.o
  CC       src/pq-strip_identities.o
  CC       src/pq-subgroup_to_label.o
  CC       src/pq-system.o
  CC       src/pq-tail_info.o
  CC       src/pq-tails.o
  CC       src/pq-tails_filter.o
  CC       src/pq-text.o
  CC       src/pq-update.o
  CC       src/pq-update_generators.o
  CC       src/pq-update_name.o
  CC       src/pq-write.o
  CC       src/pq-main.o
  CCLD     pq
mkdir -p ./bin/aarch64-apple-darwin24-default64-kv9
rm -f /Users/cheldt/Documents/Code/GAP/GAP-4.14.0/pkg/anupq/bin/aarch64-apple-darwin24-default64-kv9/pq
cp pq /Users/cheldt/Documents/Code/GAP/GAP-4.14.0/pkg/anupq/bin/aarch64-apple-darwin24-default64-kv9
SUCCESS!
