
Sun Jun 22 12:37:19 EDT 2025

[32m==== Checking cddinterface[0m
[32mRunning './configure' '--with-gaproot=/Users/cheldt/Documents/Code/GAP/GAP-4.14.0' [0m
checking for gcc... gcc
checking whether the C compiler works... yes
checking for C compiler default output file name... a.out
checking for suffix of executables... 
checking whether we are cross compiling... no
checking for suffix of object files... o
checking whether the compiler supports GNU C... yes
checking whether gcc accepts -g... yes
checking for gcc option to enable C11 features... none needed
checking for GAP root directory... /Users/cheldt/Documents/Code/GAP/GAP-4.14.0
checking for GAP architecture... aarch64-apple-darwin24-default64-kv9
configure: BREW detected
checking for stdio.h... yes
checking for stdlib.h... yes
checking for string.h... yes
checking for inttypes.h... yes
checking for stdint.h... yes
checking for strings.h... yes
checking for sys/stat.h... yes
checking for sys/types.h... yes
checking for unistd.h... yes
checking for cddlib/setoper.h... no
checking for setoper.h... no
[32mRunning 'gmake' 'clean' [0m
[32mRunning 'gmake' [0m

[33mWARNING: Failed to build cddinterface[0m
