
Mon Aug 11 13:01:30 MDT 2025

[32m==== Checking float[0m
[32mRunning './configure' '--with-gaproot=/Users/cheldt/Documents/Code/GAP/gap-4.14.0' [0m
checking build system type... aarch64-apple-darwin24.6.0
checking host system type... aarch64-apple-darwin24.6.0
checking target system type... aarch64-apple-darwin24.6.0
checking for a BSD-compatible install... /usr/bin/install -c
checking whether build environment is sane... yes
checking for a race-free mkdir -p... mkdir -p
checking for gawk... no
checking for mawk... no
checking for nawk... no
checking for awk... awk
checking whether make sets $(MAKE)... yes
checking whether make supports nested variables... yes
checking how to print strings... printf
checking whether make supports the include directive... yes (GNU style)
checking for gcc... gcc
checking whether the C compiler works... yes
checking for C compiler default output file name... a.out
checking for suffix of executables... 
checking whether we are cross compiling... no
checking for suffix of object files... o
checking whether the compiler supports GNU C... yes
checking whether gcc accepts -g... yes
checking for gcc option to enable C11 features... none needed
checking whether gcc understands -c and -o together... yes
checking dependency style of gcc... gcc3
checking for a sed that does not truncate output... /usr/bin/sed
checking for grep that handles long lines and -e... /usr/bin/grep
checking for egrep... /usr/bin/grep -E
checking for fgrep... /usr/bin/grep -F
checking for ld used by gcc... /Applications/Xcode.app/Contents/Developer/Toolchains/XcodeDefault.xctoolchain/usr/bin/ld
checking if the linker (/Applications/Xcode.app/Contents/Developer/Toolchains/XcodeDefault.xctoolchain/usr/bin/ld) is GNU ld... no
checking for BSD- or MS-compatible name lister (nm)... /usr/bin/nm -B
checking the name lister (/usr/bin/nm -B) interface... BSD nm
checking whether ln -s works... yes
checking the maximum length of command line arguments... 786432
checking how to convert aarch64-apple-darwin24.6.0 file names to aarch64-apple-darwin24.6.0 format... func_convert_file_noop
checking how to convert aarch64-apple-darwin24.6.0 file names to toolchain format... func_convert_file_noop
checking for /Applications/Xcode.app/Contents/Developer/Toolchains/XcodeDefault.xctoolchain/usr/bin/ld option to reload object files... -r
checking for file... file
checking for objdump... objdump
checking how to recognize dependent libraries... pass_all
checking for dlltool... no
checking how to associate runtime and link libraries... printf %s\n
checking for ar... ar
checking for archiver @FILE support... no
checking for strip... strip
checking for ranlib... ranlib
checking command to parse /usr/bin/nm -B output from gcc object... ok
checking for sysroot... no
checking for a working dd... /bin/dd
checking how to truncate binary pipes... /bin/dd bs=4096 count=1
checking for mt... no
checking if : is a manifest tool... no
checking for dsymutil... dsymutil
checking for nmedit... nmedit
checking for lipo... lipo
checking for otool... otool
checking for otool64... no
checking for -single_module linker flag... ld: warning: -single_module is obsolete
no
checking for -exported_symbols_list linker flag... yes
checking for -force_load linker flag... yes
checking for stdio.h... yes
checking for stdlib.h... yes
checking for string.h... yes
checking for inttypes.h... yes
checking for stdint.h... yes
checking for strings.h... yes
checking for sys/stat.h... yes
checking for sys/types.h... yes
checking for unistd.h... yes
checking for dlfcn.h... yes
checking for objdir... .libs
checking if gcc supports -fno-rtti -fno-exceptions... yes
checking for gcc option to produce PIC... -fno-common -DPIC
checking if gcc PIC flag -fno-common -DPIC works... yes
checking if gcc static flag -static works... no
checking if gcc supports -c -o file.o... yes
checking if gcc supports -c -o file.o... (cached) yes
checking whether the gcc linker (/Applications/Xcode.app/Contents/Developer/Toolchains/XcodeDefault.xctoolchain/usr/bin/ld) supports shared libraries... yes
checking dynamic linker characteristics... darwin24.6.0 dyld
checking how to hardcode library paths into programs... immediate
checking for dlopen in -ldl... yes
checking whether a program can dlopen itself... yes
checking whether a statically linked program can dlopen itself... yes
checking whether stripping libraries is possible... yes
checking if libtool supports shared libraries... yes
checking whether to build shared libraries... yes
checking whether to build static libraries... no
checking for gcc... (cached) gcc
checking whether the compiler supports GNU C... (cached) yes
checking whether gcc accepts -g... (cached) yes
checking for gcc option to enable C11 features... (cached) none needed
checking whether gcc understands -c and -o together... (cached) yes
checking dependency style of gcc... (cached) gcc3
checking for g++... g++
checking whether the compiler supports GNU C++... yes
checking whether g++ accepts -g... yes
checking for g++ option to enable C++11 features... none needed
checking dependency style of g++... gcc3
checking how to run the C++ preprocessor... g++ -E
checking for ld used by g++... /Applications/Xcode.app/Contents/Developer/Toolchains/XcodeDefault.xctoolchain/usr/bin/ld
checking if the linker (/Applications/Xcode.app/Contents/Developer/Toolchains/XcodeDefault.xctoolchain/usr/bin/ld) is GNU ld... no
checking whether the g++ linker (/Applications/Xcode.app/Contents/Developer/Toolchains/XcodeDefault.xctoolchain/usr/bin/ld) supports shared libraries... yes
checking for g++ option to produce PIC... -fno-common -DPIC
checking if g++ PIC flag -fno-common -DPIC works... yes
checking if g++ static flag -static works... no
checking if g++ supports -c -o file.o... yes
checking if g++ supports -c -o file.o... (cached) yes
checking whether the g++ linker (/Applications/Xcode.app/Contents/Developer/Toolchains/XcodeDefault.xctoolchain/usr/bin/ld) supports shared libraries... yes
checking dynamic linker characteristics... darwin24.6.0 dyld
checking how to hardcode library paths into programs... immediate
checking for float.h... yes
checking for stdlib.h... (cached) yes
checking for an ANSI C-conforming const... yes
checking for inline... inline
checking for GAP root directory... /Users/cheldt/Documents/Code/GAP/gap-4.14.0
checking for GAP architecture... aarch64-apple-darwin24-default64-kv9
checking for mpfr.h... no
checking for mpfr_sqrt in -lmpfr... no
checking for real.hpp... no
checking for z_zadd in -lcxsc... no
checking that generated files are newer than configure... done
configure: creating ./config.status
config.status: creating Makefile
config.status: creating src/Makefile
config.status: creating src/floatconfig.h
config.status: src/floatconfig.h is unchanged
config.status: executing depfiles commands
config.status: executing libtool commands
[32mRunning 'gmake' 'clean' [0m
Making clean in src
gmake[1]: Entering directory '/Users/cheldt/Documents/Code/GAP/gap-4.14.0/pkg/float/src'
test -z "float.la" || rm -f float.la
rm -f ./so_locations
rm -rf .libs _libs
rm -f *.o
rm -f *.lo
gmake[1]: Leaving directory '/Users/cheldt/Documents/Code/GAP/gap-4.14.0/pkg/float/src'
gmake[1]: Entering directory '/Users/cheldt/Documents/Code/GAP/gap-4.14.0/pkg/float'
rm -rf .libs _libs
rm -f *.lo
gmake[1]: Leaving directory '/Users/cheldt/Documents/Code/GAP/gap-4.14.0/pkg/float'
[32mRunning 'gmake' [0m
Making all in src
gmake[1]: Entering directory '/Users/cheldt/Documents/Code/GAP/gap-4.14.0/pkg/float/src'
gmake  all-am
gmake[2]: Entering directory '/Users/cheldt/Documents/Code/GAP/gap-4.14.0/pkg/float/src'
/bin/sh ../libtool  --tag=CC   --mode=compile gcc -DHAVE_CONFIG_H -I.  -I/Users/cheldt/Documents/Code/GAP/gap-4.14.0/build -I/Users/cheldt/Documents/Code/GAP/gap-4.14.0/src -I/Users/cheldt/Documents/Code/GAP/gap-4.14.0 -DUSE_GASMAN=1   -I/src       -pthread -g -O2 -g -O2 -MT float_la-float.lo -MD -MP -MF .deps/float_la-float.Tpo -c -o float_la-float.lo `test -f 'float.c' || echo './'`float.c
libtool: compile:  gcc -DHAVE_CONFIG_H -I. -I/Users/cheldt/Documents/Code/GAP/gap-4.14.0/build -I/Users/cheldt/Documents/Code/GAP/gap-4.14.0/src -I/Users/cheldt/Documents/Code/GAP/gap-4.14.0 -DUSE_GASMAN=1 -I/src -pthread -g -O2 -g -O2 -MT float_la-float.lo -MD -MP -MF .deps/float_la-float.Tpo -c float.c  -fno-common -DPIC -o .libs/float_la-float.o
gmake[2]: Leaving directory '/Users/cheldt/Documents/Code/GAP/gap-4.14.0/pkg/float/src'
gmake[1]: Leaving directory '/Users/cheldt/Documents/Code/GAP/gap-4.14.0/pkg/float/src'

[33mWARNING: Failed to build float[0m
