
Sun Jun 22 12:37:58 EDT 2025

[32m==== Checking grape[0m
[32mRunning './configure' '/Users/cheldt/Documents/Code/GAP/GAP-4.14.0' [0m
Using settings from /Users/cheldt/Documents/Code/GAP/GAP-4.14.0/sysinfo.gap
[32mRunning 'gmake' 'clean' [0m
make -C nauty2_8_6 clean
[31mmake[1]: *** No rule to make target `clean'.  Stop.[0m
[31mgmake: *** [Makefile:20: clean] Error 2[0m
[32mRunning './configure' '/Users/cheldt/Documents/Code/GAP/GAP-4.14.0' [0m
Using settings from /Users/cheldt/Documents/Code/GAP/GAP-4.14.0/sysinfo.gap
[32mRunning 'gmake' [0m
mkdir -p bin/aarch64-apple-darwin24-default64-kv9
cd nauty2_8_6 && rm -f *.o config.log config.cache config.status makefile
# configure with --enable-generic to turn off -march=native which causes
# problems when installing the result
cd nauty2_8_6 && ./configure --enable-generic
checking build system type... aarch64-apple-darwin24.5.0
checking host system type... aarch64-apple-darwin24.5.0
checking for gcc... gcc
checking whether the C compiler works... yes
checking for C compiler default output file name... a.out
checking for suffix of executables... 
checking whether we are cross compiling... no
checking for suffix of object files... o
checking whether we are using the GNU C compiler... yes
checking whether gcc accepts -g... yes
checking for gcc option to accept ISO C89... none needed
checking for special C compiler options needed for large files... no
checking for _FILE_OFFSET_BITS value needed for large files... no
checking if gcc supports -O4 -Werror flags... no
checking if gcc supports -O3 flags... yes
checking for sys/wait.h that is POSIX.1 compatible... yes
checking how to run the C preprocessor... gcc -E
checking for grep that handles long lines and -e... /usr/bin/grep
checking for egrep... /usr/bin/grep -E
checking for ANSI C header files... yes
checking for sys/types.h... yes
checking for sys/stat.h... yes
checking for stdlib.h... yes
checking for string.h... yes
checking for memory.h... yes
checking for strings.h... yes
checking for inttypes.h... yes
checking for stdint.h... yes
checking for unistd.h... yes
checking signal.h usability... yes
checking signal.h presence... yes
checking for signal.h... yes
checking stddef.h usability... yes
checking stddef.h presence... yes
checking for stddef.h... yes
checking for unistd.h... (cached) yes
checking for sys/types.h... (cached) yes
checking for sys/wait.h... (cached) yes
checking for stdlib.h... (cached) yes
checking for string.h... (cached) yes
checking errno.h usability... yes
checking errno.h presence... yes
checking for errno.h... yes
checking limits.h usability... yes
checking limits.h presence... yes
checking for limits.h... yes
checking for stdint.h... (cached) yes
checking for pid_t... yes
checking whether ftell is declared... yes
checking whether popen is declared... yes
checking whether fdopen is declared... yes
checking whether putenv is declared... yes
checking whether setenv is declared... yes
checking whether malloc is declared... yes
checking if compiler accepts flexible array members... 1
checking if INFINITY is declared in math.h... 1
checking size of int... 4
checking size of long... 8
checking size of long long... 8
checking size of void*... 8
checking size of __int128... 16
checking size of __int128_t... 16
checking for isatty... yes
checking for time... yes
checking for gettimeofday... yes
checking for clock_gettime... yes
checking for clock... yes
checking for times... yes
checking for getrusage... yes
checking for perror... yes
checking for pipe... yes
checking for wait... yes
checking for popen... yes
checking for putenv... yes
checking for setenv... yes
checking vfork.h usability... no
checking vfork.h presence... no
checking for vfork.h... no
checking for fork... yes
checking for vfork... yes
checking for working fork... yes
checking for working vfork... (cached) yes
checking for fseeko... yes
checking for sigaction... yes
checking for sigprocmask... yes
checking if popcnt instruction is available and requested... 1
checking if __builtin_popcount() is supported... 1
checking if __builtin_popcountl() is supported... 1
checking if __builtin_popcountll() is supported... 1
CC=gcc
CFLAGS= -O3
MORECFLAGS=
checking if lzcnt instruction is available and requested... 1
checking if __builtin_clz() is supported... 1
checking if __builtin_clzl() is supported... 1
checking if __builtin_clzll() is supported... 1
checking for getc_unlocked... yes
checking for flockfile... yes
checking for thread local storage (TLS) class... _Thread_local
checking for gsort... no
checking for sort... sort
checking if sort supports the -k switch... 1
checking for a thread-safe mkdir -p... ./install-sh -c -d
checking for a BSD-compatible install... /usr/bin/install -c
checking for gunzip... gunzip
configure: creating ./config.status
config.status: creating makefile
config.status: creating nauty.h
config.status: creating naututil.h
config.status: creating gtools.h
config.status: creating nauty.pc
make -C nauty2_8_6 dreadnaut
gcc -c -O3  -o naututil.o naututil.c
gcc -c -O3  -o nautinv.o nautinv.c
gcc -c -O3  -o traces.o traces.c
gcc -c -O3  -o gtools.o gtools.c
gcc -c -O3  -o nauty.o nauty.c
gcc -c -O3  -o nautil.o nautil.c
gcc -c -O3  -o nausparse.o nausparse.c
gcc -c -O3  -o naugraph.o naugraph.c
gcc -c -O3  -o schreier.o schreier.c
gcc -c -O3  -o naurng.o naurng.c
gcc -o dreadnaut -O3 dreadnaut.c naututil.o \
		nautinv.o gtools.o traces.o nauty.o nautil.o nausparse.o naugraph.o schreier.o naurng.o 
mv nauty2_8_6/dreadnaut bin/aarch64-apple-darwin24-default64-kv9
chmod 755 bin/aarch64-apple-darwin24-default64-kv9/dreadnaut
rm -f nauty2_8_6/*.o
