[31mApple clang version 17.0.0 (clang-1700.0.13.5)[0m
[31mTarget: arm64-apple-darwin24.6.0[0m
[31mThread model: posix[0m
[31mInstalledDir: /Applications/Xcode.app/Contents/Developer/Toolchains/XcodeDefault.xctoolchain/usr/bin[0m
[31m"/Applications/Xcode.app/Contents/Developer/Toolchains/XcodeDefault.xctoolchain/usr/bin/ld" -demangle -lto_library /Applications/Xcode.app/Contents/Developer/Toolchains/XcodeDefault.xctoolchain/usr/lib/libLTO.dylib -dynamic -arch arm64 -platform_version macos 15.0.0 15.5 -syslibroot /Applications/Xcode.app/Contents/Developer/Platforms/MacOSX.platform/Developer/SDKs/MacOSX.sdk -mllvm -enable-linkonceodr-outlining -o setstab -L/usr/local/lib setstab.o addsgen.o bitmanp.o chbase.o compcrep.o compsg.o copy.o cparstab.o csetstab.o cstborb.o cstrbas.o cuprstab.o errmesg.o essentia.o factor.o inform.o new.o oldcopy.o optsvec.o orbit.o orbrefn.o partn.o permgrp.o permut.o primes.o ptstbref.o randgrp.o randschr.o readgrp.o readpar.o readper.o readpts.o rprique.o storage.o token.o util.o -lSystem /Applications/Xcode.app/Contents/Developer/Toolchains/XcodeDefault.xctoolchain/usr/lib/clang/17/lib/darwin/libclang_rt.osx.a[0m
[31mApple clang version 17.0.0 (clang-1700.0.13.5)[0m
[31mTarget: arm64-apple-darwin24.6.0[0m
[31mThread model: posix[0m
[31mInstalledDir: /Applications/Xcode.app/Contents/Developer/Toolchains/XcodeDefault.xctoolchain/usr/bin[0m
[31m"/Applications/Xcode.app/Contents/Developer/Toolchains/XcodeDefault.xctoolchain/usr/bin/ld" -demangle -lto_library /Applications/Xcode.app/Contents/Developer/Toolchains/XcodeDefault.xctoolchain/usr/lib/libLTO.dylib -dynamic -arch arm64 -platform_version macos 15.0.0 15.5 -syslibroot /Applications/Xcode.app/Contents/Developer/Platforms/MacOSX.platform/Developer/SDKs/MacOSX.sdk -mllvm -enable-linkonceodr-outlining -o cent -L/usr/local/lib cent.o addsgen.o bitmanp.o ccent.o chbase.o compcrep.o compsg.o copy.o cparstab.o cstborb.o cstrbas.o errmesg.o essentia.o factor.o inform.o new.o oldcopy.o optsvec.o orbit.o orbrefn.o partn.o permgrp.o permut.o primes.o ptstbref.o randgrp.o randschr.o readgrp.o readper.o rprique.o storage.o token.o util.o -lSystem /Applications/Xcode.app/Contents/Developer/Toolchains/XcodeDefault.xctoolchain/usr/lib/clang/17/lib/darwin/libclang_rt.osx.a[0m
[31mApple clang version 17.0.0 (clang-1700.0.13.5)[0m
[31mTarget: arm64-apple-darwin24.6.0[0m
[31mThread model: posix[0m
[31mInstalledDir: /Applications/Xcode.app/Contents/Developer/Toolchains/XcodeDefault.xctoolchain/usr/bin[0m
[31m"/Applications/Xcode.app/Contents/Developer/Toolchains/XcodeDefault.xctoolchain/usr/bin/ld" -demangle -lto_library /Applications/Xcode.app/Contents/Developer/Toolchains/XcodeDefault.xctoolchain/usr/lib/libLTO.dylib -dynamic -arch arm64 -platform_version macos 15.0.0 15.5 -syslibroot /Applications/Xcode.app/Contents/Developer/Platforms/MacOSX.platform/Developer/SDKs/MacOSX.sdk -mllvm -enable-linkonceodr-outlining -o inter -L/usr/local/lib inter.o addsgen.o bitmanp.o chbase.o cinter.o compcrep.o compsg.o copy.o cstborb.o cstrbas.o errmesg.o essentia.o factor.o inform.o new.o oldcopy.o optsvec.o orbit.o orbrefn.o partn.o permgrp.o permut.o primes.o ptstbref.o randgrp.o randschr.o readgrp.o rprique.o storage.o token.o util.o -lSystem /Applications/Xcode.app/Contents/Developer/Toolchains/XcodeDefault.xctoolchain/usr/lib/clang/17/lib/darwin/libclang_rt.osx.a[0m
[31mApple clang version 17.0.0 (clang-1700.0.13.5)[0m
[31mTarget: arm64-apple-darwin24.6.0[0m
[31mThread model: posix[0m
[31mInstalledDir: /Applications/Xcode.app/Contents/Developer/Toolchains/XcodeDefault.xctoolchain/usr/bin[0m
[31m"/Applications/Xcode.app/Contents/Developer/Toolchains/XcodeDefault.xctoolchain/usr/bin/ld" -demangle -lto_library /Applications/Xcode.app/Contents/Developer/Toolchains/XcodeDefault.xctoolchain/usr/lib/libLTO.dylib -dynamic -arch arm64 -platform_version macos 15.0.0 15.5 -syslibroot /Applications/Xcode.app/Contents/Developer/Platforms/MacOSX.platform/Developer/SDKs/MacOSX.sdk -mllvm -enable-linkonceodr-outlining -o desauto -L/usr/local/lib desauto.o addsgen.o bitmanp.o cdesauto.o chbase.o cmatauto.o code.o compcrep.o compsg.o copy.o cparstab.o cstborb.o cstrbas.o errmesg.o essentia.o factor.o field.o inform.o matrix.o new.o oldcopy.o optsvec.o orbit.o orbrefn.o partn.o permgrp.o permut.o primes.o ptstbref.o randgrp.o randschr.o readdes.o readgrp.o readper.o rprique.o storage.o token.o util.o -lSystem /Applications/Xcode.app/Contents/Developer/Toolchains/XcodeDefault.xctoolchain/usr/lib/clang/17/lib/darwin/libclang_rt.osx.a[0m
[31mApple clang version 17.0.0 (clang-1700.0.13.5)[0m
[31mTarget: arm64-apple-darwin24.6.0[0m
[31mThread model: posix[0m
[31mInstalledDir: /Applications/Xcode.app/Contents/Developer/Toolchains/XcodeDefault.xctoolchain/usr/bin[0m
[31m"/Applications/Xcode.app/Contents/Developer/Toolchains/XcodeDefault.xctoolchain/usr/bin/ld" -demangle -lto_library /Applications/Xcode.app/Contents/Developer/Toolchains/XcodeDefault.xctoolchain/usr/lib/libLTO.dylib -dynamic -arch arm64 -platform_version macos 15.0.0 15.5 -syslibroot /Applications/Xcode.app/Contents/Developer/Platforms/MacOSX.platform/Developer/SDKs/MacOSX.sdk -mllvm -enable-linkonceodr-outlining -o generate -L/usr/local/lib generate.o addsgen.o bitmanp.o chbase.o copy.o cstborb.o errmesg.o essentia.o factor.o inform.o new.o oldcopy.o optsvec.o partn.o permgrp.o permut.o primes.o randgrp.o randschr.o readgrp.o relator.o stcs.o storage.o token.o util.o -lSystem /Applications/Xcode.app/Contents/Developer/Toolchains/XcodeDefault.xctoolchain/usr/lib/clang/17/lib/darwin/libclang_rt.osx.a[0m
[31mApple clang version 17.0.0 (clang-1700.0.13.5)[0m
[31mTarget: arm64-apple-darwin24.6.0[0m
[31mThread model: posix[0m
[31mInstalledDir: /Applications/Xcode.app/Contents/Developer/Toolchains/XcodeDefault.xctoolchain/usr/bin[0m
[31m"/Applications/Xcode.app/Contents/Developer/Toolchains/XcodeDefault.xctoolchain/usr/bin/ld" -demangle -lto_library /Applications/Xcode.app/Contents/Developer/Toolchains/XcodeDefault.xctoolchain/usr/lib/libLTO.dylib -dynamic -arch arm64 -platform_version macos 15.0.0 15.5 -syslibroot /Applications/Xcode.app/Contents/Developer/Platforms/MacOSX.platform/Developer/SDKs/MacOSX.sdk -mllvm -enable-linkonceodr-outlining -o commut -L/usr/local/lib commut.o addsgen.o bitmanp.o chbase.o ccommut.o copy.o cstborb.o errmesg.o essentia.o factor.o new.o oldcopy.o partn.o permgrp.o permut.o primes.o randgrp.o randschr.o readgrp.o storage.o token.o util.o -lSystem /Applications/Xcode.app/Contents/Developer/Toolchains/XcodeDefault.xctoolchain/usr/lib/clang/17/lib/darwin/libclang_rt.osx.a[0m
[31mApple clang version 17.0.0 (clang-1700.0.13.5)[0m
[31mTarget: arm64-apple-darwin24.6.0[0m
[31mThread model: posix[0m
[31mInstalledDir: /Applications/Xcode.app/Contents/Developer/Toolchains/XcodeDefault.xctoolchain/usr/bin[0m
[31m"/Applications/Xcode.app/Contents/Developer/Toolchains/XcodeDefault.xctoolchain/usr/bin/ld" -demangle -lto_library /Applications/Xcode.app/Contents/Developer/Toolchains/XcodeDefault.xctoolchain/usr/lib/libLTO.dylib -dynamic -arch arm64 -platform_version macos 15.0.0 15.5 -syslibroot /Applications/Xcode.app/Contents/Developer/Platforms/MacOSX.platform/Developer/SDKs/MacOSX.sdk -mllvm -enable-linkonceodr-outlining -o cjrndper -L/usr/local/lib cjrndper.o addsgen.o bitmanp.o chbase.o code.o copy.o cstborb.o errmesg.o essentia.o factor.o field.o matrix.o new.o oldcopy.o partn.o permgrp.o permut.o primes.o randgrp.o randschr.o readdes.o readgrp.o readpar.o readper.o readpts.o storage.o token.o util.o -lSystem /Applications/Xcode.app/Contents/Developer/Toolchains/XcodeDefault.xctoolchain/usr/lib/clang/17/lib/darwin/libclang_rt.osx.a[0m
[31mApple clang version 17.0.0 (clang-1700.0.13.5)[0m
[31mTarget: arm64-apple-darwin24.6.0[0m
[31mThread model: posix[0m
[31mInstalledDir: /Applications/Xcode.app/Contents/Developer/Toolchains/XcodeDefault.xctoolchain/usr/bin[0m
[31m"/Applications/Xcode.app/Contents/Developer/Toolchains/XcodeDefault.xctoolchain/usr/bin/ld" -demangle -lto_library /Applications/Xcode.app/Contents/Developer/Toolchains/XcodeDefault.xctoolchain/usr/lib/libLTO.dylib -dynamic -arch arm64 -platform_version macos 15.0.0 15.5 -syslibroot /Applications/Xcode.app/Contents/Developer/Platforms/MacOSX.platform/Developer/SDKs/MacOSX.sdk -mllvm -enable-linkonceodr-outlining -o orblist -L/usr/local/lib orblist.o addsgen.o bitmanp.o chbase.o copy.o cstborb.o errmesg.o essentia.o factor.o new.o oldcopy.o partn.o permgrp.o permut.o primes.o randgrp.o randschr.o readgrp.o readpar.o readpts.o storage.o token.o util.o -lSystem /Applications/Xcode.app/Contents/Developer/Toolchains/XcodeDefault.xctoolchain/usr/lib/clang/17/lib/darwin/libclang_rt.osx.a[0m
[31mApple clang version 17.0.0 (clang-1700.0.13.5)[0m
[31mTarget: arm64-apple-darwin24.6.0[0m
[31mThread model: posix[0m
[31mInstalledDir: /Applications/Xcode.app/Contents/Developer/Toolchains/XcodeDefault.xctoolchain/usr/bin[0m
[31m"/Applications/Xcode.app/Contents/Developer/Toolchains/XcodeDefault.xctoolchain/usr/bin/ld" -demangle -lto_library /Applications/Xcode.app/Contents/Developer/Toolchains/XcodeDefault.xctoolchain/usr/lib/libLTO.dylib -dynamic -arch arm64 -platform_version macos 15.0.0 15.5 -syslibroot /Applications/Xcode.app/Contents/Developer/Platforms/MacOSX.platform/Developer/SDKs/MacOSX.sdk -mllvm -enable-linkonceodr-outlining -o fndelt -L/usr/local/lib fndelt.o addsgen.o bitmanp.o chbase.o copy.o cstborb.o errmesg.o essentia.o factor.o new.o oldcopy.o partn.o permgrp.o permut.o primes.o randgrp.o randschr.o readgrp.o readper.o storage.o token.o util.o -lSystem /Applications/Xcode.app/Contents/Developer/Toolchains/XcodeDefault.xctoolchain/usr/lib/clang/17/lib/darwin/libclang_rt.osx.a[0m
[31mApple clang version 17.0.0 (clang-1700.0.13.5)[0m
[31mTarget: arm64-apple-darwin24.6.0[0m
[31mThread model: posix[0m
[31mInstalledDir: /Applications/Xcode.app/Contents/Developer/Toolchains/XcodeDefault.xctoolchain/usr/bin[0m
[31m"/Applications/Xcode.app/Contents/Developer/Toolchains/XcodeDefault.xctoolchain/usr/bin/ld" -demangle -lto_library /Applications/Xcode.app/Contents/Developer/Toolchains/XcodeDefault.xctoolchain/usr/lib/libLTO.dylib -dynamic -arch arm64 -platform_version macos 15.0.0 15.5 -syslibroot /Applications/Xcode.app/Contents/Developer/Platforms/MacOSX.platform/Developer/SDKs/MacOSX.sdk -mllvm -enable-linkonceodr-outlining -o compgrp -L/usr/local/lib compgrp.o addsgen.o bitmanp.o chbase.o copy.o cstborb.o errmesg.o essentia.o factor.o new.o oldcopy.o partn.o permgrp.o permut.o primes.o randgrp.o randschr.o readgrp.o readpar.o readper.o readpts.o storage.o token.o util.o -lSystem /Applications/Xcode.app/Contents/Developer/Toolchains/XcodeDefault.xctoolchain/usr/lib/clang/17/lib/darwin/libclang_rt.osx.a[0m
[31mApple clang version 17.0.0 (clang-1700.0.13.5)[0m
[31mTarget: arm64-apple-darwin24.6.0[0m
[31mThread model: posix[0m
[31mInstalledDir: /Applications/Xcode.app/Contents/Developer/Toolchains/XcodeDefault.xctoolchain/usr/bin[0m
[31m"/Applications/Xcode.app/Contents/Developer/Toolchains/XcodeDefault.xctoolchain/usr/bin/ld" -demangle -lto_library /Applications/Xcode.app/Contents/Developer/Toolchains/XcodeDefault.xctoolchain/usr/lib/libLTO.dylib -dynamic -arch arm64 -platform_version macos 15.0.0 15.5 -syslibroot /Applications/Xcode.app/Contents/Developer/Platforms/MacOSX.platform/Developer/SDKs/MacOSX.sdk -mllvm -enable-linkonceodr-outlining -o orbdes -L/usr/local/lib orbdes.o addsgen.o bitmanp.o chbase.o code.o copy.o cstborb.o errmesg.o essentia.o factor.o field.o new.o oldcopy.o partn.o permgrp.o permut.o primes.o randgrp.o randschr.o readdes.o readgrp.o readper.o storage.o token.o util.o -lSystem /Applications/Xcode.app/Contents/Developer/Toolchains/XcodeDefault.xctoolchain/usr/lib/clang/17/lib/darwin/libclang_rt.osx.a[0m
[31mApple clang version 17.0.0 (clang-1700.0.13.5)[0m
[31mTarget: arm64-apple-darwin24.6.0[0m
[31mThread model: posix[0m
[31mInstalledDir: /Applications/Xcode.app/Contents/Developer/Toolchains/XcodeDefault.xctoolchain/usr/bin[0m
[31m"/Applications/Xcode.app/Contents/Developer/Toolchains/XcodeDefault.xctoolchain/usr/bin/ld" -demangle -lto_library /Applications/Xcode.app/Contents/Developer/Toolchains/XcodeDefault.xctoolchain/usr/lib/libLTO.dylib -dynamic -arch arm64 -platform_version macos 15.0.0 15.5 -syslibroot /Applications/Xcode.app/Contents/Developer/Platforms/MacOSX.platform/Developer/SDKs/MacOSX.sdk -mllvm -enable-linkonceodr-outlining -o randobj -L/usr/local/lib randobj.o bitmanp.o copy.o errmesg.o essentia.o factor.o new.o oldcopy.o partn.o permgrp.o permut.o primes.o randgrp.o readpar.o readpts.o storage.o token.o util.o -lSystem /Applications/Xcode.app/Contents/Developer/Toolchains/XcodeDefault.xctoolchain/usr/lib/clang/17/lib/darwin/libclang_rt.osx.a[0m
[31mApple clang version 17.0.0 (clang-1700.0.13.5)[0m
[31mTarget: arm64-apple-darwin24.6.0[0m
[31mThread model: posix[0m
[31mInstalledDir: /Applications/Xcode.app/Contents/Developer/Toolchains/XcodeDefault.xctoolchain/usr/bin[0m
[31m"/Applications/Xcode.app/Contents/Developer/Toolchains/XcodeDefault.xctoolchain/usr/bin/ld" -demangle -lto_library /Applications/Xcode.app/Contents/Developer/Toolchains/XcodeDefault.xctoolchain/usr/lib/libLTO.dylib -dynamic -arch arm64 -platform_version macos 15.0.0 15.5 -syslibroot /Applications/Xcode.app/Contents/Developer/Platforms/MacOSX.platform/Developer/SDKs/MacOSX.sdk -mllvm -enable-linkonceodr-outlining -o wtdist -L/usr/local/lib wtdist.o bitmanp.o code.o copy.o errmesg.o essentia.o factor.o field.o new.o partn.o permgrp.o permut.o primes.o readdes.o storage.o token.o util.o -lSystem /Applications/Xcode.app/Contents/Developer/Toolchains/XcodeDefault.xctoolchain/usr/lib/clang/17/lib/darwin/libclang_rt.osx.a[0m
