
Mon Aug 11 13:02:18 MDT 2025

[32m==== Checking normalizinterface[0m
Found GAP in directory /Users/cheldt/Documents/Code/GAP/gap-4.14.0
GAParch = aarch64-apple-darwin24-default64-kv9
Using GMP_FLAG = /opt/homebrew (GMP_PREFIX)

##
## downloading normaliz-3.9.3.tar.gz
##
Checking for normaliz-3.9.3.tar.gz... found existing file, using that
Verifying SHA256 checksum of normaliz-3.9.3.tar.gz...
   valid SHA256 checksum

##
## extracting normaliz-3.9.3.tar.gz
##
##
## compiling Normaliz 3.9.3
##
checking for a BSD-compatible install... /usr/bin/install -c
checking whether build environment is sane... yes
checking for a thread-safe mkdir -p... cnf/install-sh -c -d
checking for gawk... no
checking for mawk... no
checking for nawk... no
checking for awk... awk
checking whether make sets $(MAKE)... yes
checking whether make supports nested variables... yes
checking build system type... arm-apple-darwin24.6.0
checking host system type... arm-apple-darwin24.6.0
checking how to print strings... printf
checking whether make supports the include directive... yes (GNU style)
checking for gcc... gcc
checking whether the C compiler works... yes
checking for C compiler default output file name... a.out
checking for suffix of executables... 
checking whether we are cross compiling... no
checking for suffix of object files... o
checking whether we are using the GNU C compiler... yes
checking whether gcc accepts -g... yes
checking for gcc option to accept ISO C89... none needed
checking whether gcc understands -c and -o together... yes
checking dependency style of gcc... gcc3
checking for a sed that does not truncate output... /usr/bin/sed
checking for grep that handles long lines and -e... /usr/bin/grep
checking for egrep... /usr/bin/grep -E
checking for fgrep... /usr/bin/grep -F
checking for ld used by gcc... /Applications/Xcode.app/Contents/Developer/Toolchains/XcodeDefault.xctoolchain/usr/bin/ld
checking if the linker (/Applications/Xcode.app/Contents/Developer/Toolchains/XcodeDefault.xctoolchain/usr/bin/ld) is GNU ld... no
checking for BSD- or MS-compatible name lister (nm)... /usr/bin/nm -B
checking the name lister (/usr/bin/nm -B) interface... BSD nm
checking whether ln -s works... yes
checking the maximum length of command line arguments... 786432
checking how to convert arm-apple-darwin24.6.0 file names to arm-apple-darwin24.6.0 format... func_convert_file_noop
checking how to convert arm-apple-darwin24.6.0 file names to toolchain format... func_convert_file_noop
checking for /Applications/Xcode.app/Contents/Developer/Toolchains/XcodeDefault.xctoolchain/usr/bin/ld option to reload object files... -r
checking for objdump... objdump
checking how to recognize dependent libraries... pass_all
checking for dlltool... no
checking how to associate runtime and link libraries... printf %s\n
checking for ar... ar
checking for archiver @FILE support... no
checking for strip... strip
checking for ranlib... ranlib
checking command to parse /usr/bin/nm -B output from gcc object... ok
checking for sysroot... no
checking for a working dd... /bin/dd
checking how to truncate binary pipes... /bin/dd bs=4096 count=1
checking for mt... no
checking if : is a manifest tool... no
checking for dsymutil... dsymutil
checking for nmedit... nmedit
checking for lipo... lipo
checking for otool... otool
checking for otool64... no
checking for -single_module linker flag... ld: warning: -single_module is obsolete
no
checking for -exported_symbols_list linker flag... yes
checking for -force_load linker flag... yes
checking how to run the C preprocessor... gcc -E
checking for ANSI C header files... yes
checking for sys/types.h... yes
checking for sys/stat.h... yes
checking for stdlib.h... yes
checking for string.h... yes
checking for memory.h... yes
checking for strings.h... yes
checking for inttypes.h... yes
checking for stdint.h... yes
checking for unistd.h... yes
checking for dlfcn.h... yes
checking for objdir... .libs
checking if gcc supports -fno-rtti -fno-exceptions... yes
checking for gcc option to produce PIC... -fno-common -DPIC
checking if gcc PIC flag -fno-common -DPIC works... yes
checking if gcc static flag -static works... no
checking if gcc supports -c -o file.o... yes
checking if gcc supports -c -o file.o... (cached) yes
checking whether the gcc linker (/Applications/Xcode.app/Contents/Developer/Toolchains/XcodeDefault.xctoolchain/usr/bin/ld) supports shared libraries... yes
checking dynamic linker characteristics... darwin24.6.0 dyld
checking how to hardcode library paths into programs... immediate
checking whether stripping libraries is possible... yes
checking if libtool supports shared libraries... yes
checking whether to build shared libraries... yes
checking whether to build static libraries... yes
checking for g++... g++
checking whether we are using the GNU C++ compiler... yes
checking whether g++ accepts -g... yes
checking dependency style of g++... gcc3
checking how to run the C++ preprocessor... g++ -E
checking for ld used by g++... /Applications/Xcode.app/Contents/Developer/Toolchains/XcodeDefault.xctoolchain/usr/bin/ld
checking if the linker (/Applications/Xcode.app/Contents/Developer/Toolchains/XcodeDefault.xctoolchain/usr/bin/ld) is GNU ld... no
checking whether the g++ linker (/Applications/Xcode.app/Contents/Developer/Toolchains/XcodeDefault.xctoolchain/usr/bin/ld) supports shared libraries... yes
checking for g++ option to produce PIC... -fno-common -DPIC
checking if g++ PIC flag -fno-common -DPIC works... yes
checking if g++ static flag -static works... no
checking if g++ supports -c -o file.o... yes
checking if g++ supports -c -o file.o... (cached) yes
checking whether the g++ linker (/Applications/Xcode.app/Contents/Developer/Toolchains/XcodeDefault.xctoolchain/usr/bin/ld) supports shared libraries... yes
checking dynamic linker characteristics... darwin24.6.0 dyld
checking how to hardcode library paths into programs... immediate
checking whether g++ supports C++14 features by default... yes
checking for __builtin_ctzll... yes
checking for __builtin_popcountll... yes
checking size of long long... 8
checking gmpxx.h usability... yes
checking gmpxx.h presence... yes
checking for gmpxx.h... yes
checking for __gmpz_init in -lgmpxx... yes
checking whether a simple GMP C++ program compiles and links... yes
checking for OpenMP flag of C++ compiler... unknown
configure: Parallelization with OpenMP will not be available because no suitable compiler was found
checking whether CoCoALib headers and library are available... no
checking whether flint headers and library are available... checking flint/flint.h usability... no
checking flint/flint.h presence... no
checking for flint/flint.h... no
checking whether hash-library headers and library are available... no
checking whether nauty headers and library are available (nauty/nauty.h)... checking nauty/nauty.h usability... no
checking nauty/nauty.h presence... no
checking for nauty/nauty.h... no
checking whether nauty headers and library are available (nauty.h)... checking nauty.h usability... no
checking nauty.h presence... no
checking for nauty.h... no
checking whether e-antic headers and library are available... no
checking that generated files are newer than configure... done
configure: creating ./config.status
config.status: creating Makefile
config.status: creating example/Makefile
config.status: creating source/libnormaliz/nmz_config.h
config.status: creating source/libnormaliz/version.h
config.status: creating source/Makefile
config.status: creating test/Makefile
config.status: executing depfiles commands
config.status: executing libtool commands
Making all in source
depbase=`echo normaliz.o | sed 's|[^/]*$|.deps/&|;s|\.o$||'`;\
	g++ -DPACKAGE_NAME=\"Normaliz\" -DPACKAGE_TARNAME=\"normaliz\" -DPACKAGE_VERSION=\"3.9.3\" -DPACKAGE_STRING=\"Normaliz\ 3.9.3\" -DPACKAGE_BUGREPORT=\"https://github.com/Normaliz/Normaliz/issues\" -DPACKAGE_URL=\"https://www.normaliz.uni-osnabrueck.de\" -DPACKAGE=\"normaliz\" -DVERSION=\"3.9.3\" -DSTDC_HEADERS=1 -DHAVE_SYS_TYPES_H=1 -DHAVE_SYS_STAT_H=1 -DHAVE_STDLIB_H=1 -DHAVE_STRING_H=1 -DHAVE_MEMORY_H=1 -DHAVE_STRINGS_H=1 -DHAVE_INTTYPES_H=1 -DHAVE_STDINT_H=1 -DHAVE_UNISTD_H=1 -DHAVE_DLFCN_H=1 -DLT_OBJDIR=\".libs/\" -DHAVE_CXX14=1 -DHAVE___BUILTIN_CTZLL=1 -DHAVE___BUILTIN_POPCOUNTLL=1 -DSIZEOF_LONG_LONG=8 -DHAVE_GMPXX=1 -DDEFINE_NORMALIZ_DLL=1 -I.  -I../source -I/opt/homebrew/include  -Wall -pedantic -Wno-unknown-pragmas -Wno-sign-compare  -g -O2 -MT normaliz.o -MD -MP -MF $depbase.Tpo -c -o normaliz.o normaliz.cpp &&\
	mv -f $depbase.Tpo $depbase.Po
depbase=`echo libnormaliz/automorph.lo | sed 's|[^/]*$|.deps/&|;s|\.lo$||'`;\
	/bin/sh ../libtool  --tag=CXX   --mode=compile g++ -DPACKAGE_NAME=\"Normaliz\" -DPACKAGE_TARNAME=\"normaliz\" -DPACKAGE_VERSION=\"3.9.3\" -DPACKAGE_STRING=\"Normaliz\ 3.9.3\" -DPACKAGE_BUGREPORT=\"https://github.com/Normaliz/Normaliz/issues\" -DPACKAGE_URL=\"https://www.normaliz.uni-osnabrueck.de\" -DPACKAGE=\"normaliz\" -DVERSION=\"3.9.3\" -DSTDC_HEADERS=1 -DHAVE_SYS_TYPES_H=1 -DHAVE_SYS_STAT_H=1 -DHAVE_STDLIB_H=1 -DHAVE_STRING_H=1 -DHAVE_MEMORY_H=1 -DHAVE_STRINGS_H=1 -DHAVE_INTTYPES_H=1 -DHAVE_STDINT_H=1 -DHAVE_UNISTD_H=1 -DHAVE_DLFCN_H=1 -DLT_OBJDIR=\".libs/\" -DHAVE_CXX14=1 -DHAVE___BUILTIN_CTZLL=1 -DHAVE___BUILTIN_POPCOUNTLL=1 -DSIZEOF_LONG_LONG=8 -DHAVE_GMPXX=1 -DDEFINE_NORMALIZ_DLL=1 -I.  -I../source -I/opt/homebrew/include  -Wall -pedantic -Wno-unknown-pragmas -Wno-sign-compare  -g -O2 -MT libnormaliz/automorph.lo -MD -MP -MF $depbase.Tpo -c -o libnormaliz/automorph.lo libnormaliz/automorph.cpp &&\
	mv -f $depbase.Tpo $depbase.Plo
depbase=`echo libnormaliz/chunk.lo | sed 's|[^/]*$|.deps/&|;s|\.lo$||'`;\
	/bin/sh ../libtool  --tag=CXX   --mode=compile g++ -DPACKAGE_NAME=\"Normaliz\" -DPACKAGE_TARNAME=\"normaliz\" -DPACKAGE_VERSION=\"3.9.3\" -DPACKAGE_STRING=\"Normaliz\ 3.9.3\" -DPACKAGE_BUGREPORT=\"https://github.com/Normaliz/Normaliz/issues\" -DPACKAGE_URL=\"https://www.normaliz.uni-osnabrueck.de\" -DPACKAGE=\"normaliz\" -DVERSION=\"3.9.3\" -DSTDC_HEADERS=1 -DHAVE_SYS_TYPES_H=1 -DHAVE_SYS_STAT_H=1 -DHAVE_STDLIB_H=1 -DHAVE_STRING_H=1 -DHAVE_MEMORY_H=1 -DHAVE_STRINGS_H=1 -DHAVE_INTTYPES_H=1 -DHAVE_STDINT_H=1 -DHAVE_UNISTD_H=1 -DHAVE_DLFCN_H=1 -DLT_OBJDIR=\".libs/\" -DHAVE_CXX14=1 -DHAVE___BUILTIN_CTZLL=1 -DHAVE___BUILTIN_POPCOUNTLL=1 -DSIZEOF_LONG_LONG=8 -DHAVE_GMPXX=1 -DDEFINE_NORMALIZ_DLL=1 -I.  -I../source -I/opt/homebrew/include  -Wall -pedantic -Wno-unknown-pragmas -Wno-sign-compare  -g -O2 -MT libnormaliz/chunk.lo -MD -MP -MF $depbase.Tpo -c -o libnormaliz/chunk.lo libnormaliz/chunk.cpp &&\
	mv -f $depbase.Tpo $depbase.Plo
depbase=`echo libnormaliz/collection.lo | sed 's|[^/]*$|.deps/&|;s|\.lo$||'`;\
	/bin/sh ../libtool  --tag=CXX   --mode=compile g++ -DPACKAGE_NAME=\"Normaliz\" -DPACKAGE_TARNAME=\"normaliz\" -DPACKAGE_VERSION=\"3.9.3\" -DPACKAGE_STRING=\"Normaliz\ 3.9.3\" -DPACKAGE_BUGREPORT=\"https://github.com/Normaliz/Normaliz/issues\" -DPACKAGE_URL=\"https://www.normaliz.uni-osnabrueck.de\" -DPACKAGE=\"normaliz\" -DVERSION=\"3.9.3\" -DSTDC_HEADERS=1 -DHAVE_SYS_TYPES_H=1 -DHAVE_SYS_STAT_H=1 -DHAVE_STDLIB_H=1 -DHAVE_STRING_H=1 -DHAVE_MEMORY_H=1 -DHAVE_STRINGS_H=1 -DHAVE_INTTYPES_H=1 -DHAVE_STDINT_H=1 -DHAVE_UNISTD_H=1 -DHAVE_DLFCN_H=1 -DLT_OBJDIR=\".libs/\" -DHAVE_CXX14=1 -DHAVE___BUILTIN_CTZLL=1 -DHAVE___BUILTIN_POPCOUNTLL=1 -DSIZEOF_LONG_LONG=8 -DHAVE_GMPXX=1 -DDEFINE_NORMALIZ_DLL=1 -I.  -I../source -I/opt/homebrew/include  -Wall -pedantic -Wno-unknown-pragmas -Wno-sign-compare  -g -O2 -MT libnormaliz/collection.lo -MD -MP -MF $depbase.Tpo -c -o libnormaliz/collection.lo libnormaliz/collection.cpp &&\
	mv -f $depbase.Tpo $depbase.Plo
libtool: compile:  g++ -DPACKAGE_NAME=\"Normaliz\" -DPACKAGE_TARNAME=\"normaliz\" -DPACKAGE_VERSION=\"3.9.3\" "-DPACKAGE_STRING=\"Normaliz 3.9.3\"" -DPACKAGE_BUGREPORT=\"https://github.com/Normaliz/Normaliz/issues\" -DPACKAGE_URL=\"https://www.normaliz.uni-osnabrueck.de\" -DPACKAGE=\"normaliz\" -DVERSION=\"3.9.3\" -DSTDC_HEADERS=1 -DHAVE_SYS_TYPES_H=1 -DHAVE_SYS_STAT_H=1 -DHAVE_STDLIB_H=1 -DHAVE_STRING_H=1 -DHAVE_MEMORY_H=1 -DHAVE_STRINGS_H=1 -DHAVE_INTTYPES_H=1 -DHAVE_STDINT_H=1 -DHAVE_UNISTD_H=1 -DHAVE_DLFCN_H=1 -DLT_OBJDIR=\".libs/\" -DHAVE_CXX14=1 -DHAVE___BUILTIN_CTZLL=1 -DHAVE___BUILTIN_POPCOUNTLL=1 -DSIZEOF_LONG_LONG=8 -DHAVE_GMPXX=1 -DDEFINE_NORMALIZ_DLL=1 -I. -I../source -I/opt/homebrew/include -Wall -pedantic -Wno-unknown-pragmas -Wno-sign-compare -g -O2 -MT libnormaliz/automorph.lo -MD -MP -MF libnormaliz/.deps/automorph.Tpo -c libnormaliz/automorph.cpp  -fno-common -DPIC -o libnormaliz/.libs/automorph.o
libtool: compile:  g++ -DPACKAGE_NAME=\"Normaliz\" -DPACKAGE_TARNAME=\"normaliz\" -DPACKAGE_VERSION=\"3.9.3\" "-DPACKAGE_STRING=\"Normaliz 3.9.3\"" -DPACKAGE_BUGREPORT=\"https://github.com/Normaliz/Normaliz/issues\" -DPACKAGE_URL=\"https://www.normaliz.uni-osnabrueck.de\" -DPACKAGE=\"normaliz\" -DVERSION=\"3.9.3\" -DSTDC_HEADERS=1 -DHAVE_SYS_TYPES_H=1 -DHAVE_SYS_STAT_H=1 -DHAVE_STDLIB_H=1 -DHAVE_STRING_H=1 -DHAVE_MEMORY_H=1 -DHAVE_STRINGS_H=1 -DHAVE_INTTYPES_H=1 -DHAVE_STDINT_H=1 -DHAVE_UNISTD_H=1 -DHAVE_DLFCN_H=1 -DLT_OBJDIR=\".libs/\" -DHAVE_CXX14=1 -DHAVE___BUILTIN_CTZLL=1 -DHAVE___BUILTIN_POPCOUNTLL=1 -DSIZEOF_LONG_LONG=8 -DHAVE_GMPXX=1 -DDEFINE_NORMALIZ_DLL=1 -I. -I../source -I/opt/homebrew/include -Wall -pedantic -Wno-unknown-pragmas -Wno-sign-compare -g -O2 -MT libnormaliz/chunk.lo -MD -MP -MF libnormaliz/.deps/chunk.Tpo -c libnormaliz/chunk.cpp  -fno-common -DPIC -o libnormaliz/.libs/chunk.o
libtool: compile:  g++ -DPACKAGE_NAME=\"Normaliz\" -DPACKAGE_TARNAME=\"normaliz\" -DPACKAGE_VERSION=\"3.9.3\" "-DPACKAGE_STRING=\"Normaliz 3.9.3\"" -DPACKAGE_BUGREPORT=\"https://github.com/Normaliz/Normaliz/issues\" -DPACKAGE_URL=\"https://www.normaliz.uni-osnabrueck.de\" -DPACKAGE=\"normaliz\" -DVERSION=\"3.9.3\" -DSTDC_HEADERS=1 -DHAVE_SYS_TYPES_H=1 -DHAVE_SYS_STAT_H=1 -DHAVE_STDLIB_H=1 -DHAVE_STRING_H=1 -DHAVE_MEMORY_H=1 -DHAVE_STRINGS_H=1 -DHAVE_INTTYPES_H=1 -DHAVE_STDINT_H=1 -DHAVE_UNISTD_H=1 -DHAVE_DLFCN_H=1 -DLT_OBJDIR=\".libs/\" -DHAVE_CXX14=1 -DHAVE___BUILTIN_CTZLL=1 -DHAVE___BUILTIN_POPCOUNTLL=1 -DSIZEOF_LONG_LONG=8 -DHAVE_GMPXX=1 -DDEFINE_NORMALIZ_DLL=1 -I. -I../source -I/opt/homebrew/include -Wall -pedantic -Wno-unknown-pragmas -Wno-sign-compare -g -O2 -MT libnormaliz/collection.lo -MD -MP -MF libnormaliz/.deps/collection.Tpo -c libnormaliz/collection.cpp  -fno-common -DPIC -o libnormaliz/.libs/collection.o
libtool: compile:  g++ -DPACKAGE_NAME=\"Normaliz\" -DPACKAGE_TARNAME=\"normaliz\" -DPACKAGE_VERSION=\"3.9.3\" "-DPACKAGE_STRING=\"Normaliz 3.9.3\"" -DPACKAGE_BUGREPORT=\"https://github.com/Normaliz/Normaliz/issues\" -DPACKAGE_URL=\"https://www.normaliz.uni-osnabrueck.de\" -DPACKAGE=\"normaliz\" -DVERSION=\"3.9.3\" -DSTDC_HEADERS=1 -DHAVE_SYS_TYPES_H=1 -DHAVE_SYS_STAT_H=1 -DHAVE_STDLIB_H=1 -DHAVE_STRING_H=1 -DHAVE_MEMORY_H=1 -DHAVE_STRINGS_H=1 -DHAVE_INTTYPES_H=1 -DHAVE_STDINT_H=1 -DHAVE_UNISTD_H=1 -DHAVE_DLFCN_H=1 -DLT_OBJDIR=\".libs/\" -DHAVE_CXX14=1 -DHAVE___BUILTIN_CTZLL=1 -DHAVE___BUILTIN_POPCOUNTLL=1 -DSIZEOF_LONG_LONG=8 -DHAVE_GMPXX=1 -DDEFINE_NORMALIZ_DLL=1 -I. -I../source -I/opt/homebrew/include -Wall -pedantic -Wno-unknown-pragmas -Wno-sign-compare -g -O2 -MT libnormaliz/chunk.lo -MD -MP -MF libnormaliz/.deps/chunk.Tpo -c libnormaliz/chunk.cpp -o libnormaliz/chunk.o >/dev/null 2>&1
depbase=`echo libnormaliz/cone_dual_mode.lo | sed 's|[^/]*$|.deps/&|;s|\.lo$||'`;\
	/bin/sh ../libtool  --tag=CXX   --mode=compile g++ -DPACKAGE_NAME=\"Normaliz\" -DPACKAGE_TARNAME=\"normaliz\" -DPACKAGE_VERSION=\"3.9.3\" -DPACKAGE_STRING=\"Normaliz\ 3.9.3\" -DPACKAGE_BUGREPORT=\"https://github.com/Normaliz/Normaliz/issues\" -DPACKAGE_URL=\"https://www.normaliz.uni-osnabrueck.de\" -DPACKAGE=\"normaliz\" -DVERSION=\"3.9.3\" -DSTDC_HEADERS=1 -DHAVE_SYS_TYPES_H=1 -DHAVE_SYS_STAT_H=1 -DHAVE_STDLIB_H=1 -DHAVE_STRING_H=1 -DHAVE_MEMORY_H=1 -DHAVE_STRINGS_H=1 -DHAVE_INTTYPES_H=1 -DHAVE_STDINT_H=1 -DHAVE_UNISTD_H=1 -DHAVE_DLFCN_H=1 -DLT_OBJDIR=\".libs/\" -DHAVE_CXX14=1 -DHAVE___BUILTIN_CTZLL=1 -DHAVE___BUILTIN_POPCOUNTLL=1 -DSIZEOF_LONG_LONG=8 -DHAVE_GMPXX=1 -DDEFINE_NORMALIZ_DLL=1 -I.  -I../source -I/opt/homebrew/include  -Wall -pedantic -Wno-unknown-pragmas -Wno-sign-compare  -g -O2 -MT libnormaliz/cone_dual_mode.lo -MD -MP -MF $depbase.Tpo -c -o libnormaliz/cone_dual_mode.lo libnormaliz/cone_dual_mode.cpp &&\
	mv -f $depbase.Tpo $depbase.Plo
libtool: compile:  g++ -DPACKAGE_NAME=\"Normaliz\" -DPACKAGE_TARNAME=\"normaliz\" -DPACKAGE_VERSION=\"3.9.3\" "-DPACKAGE_STRING=\"Normaliz 3.9.3\"" -DPACKAGE_BUGREPORT=\"https://github.com/Normaliz/Normaliz/issues\" -DPACKAGE_URL=\"https://www.normaliz.uni-osnabrueck.de\" -DPACKAGE=\"normaliz\" -DVERSION=\"3.9.3\" -DSTDC_HEADERS=1 -DHAVE_SYS_TYPES_H=1 -DHAVE_SYS_STAT_H=1 -DHAVE_STDLIB_H=1 -DHAVE_STRING_H=1 -DHAVE_MEMORY_H=1 -DHAVE_STRINGS_H=1 -DHAVE_INTTYPES_H=1 -DHAVE_STDINT_H=1 -DHAVE_UNISTD_H=1 -DHAVE_DLFCN_H=1 -DLT_OBJDIR=\".libs/\" -DHAVE_CXX14=1 -DHAVE___BUILTIN_CTZLL=1 -DHAVE___BUILTIN_POPCOUNTLL=1 -DSIZEOF_LONG_LONG=8 -DHAVE_GMPXX=1 -DDEFINE_NORMALIZ_DLL=1 -I. -I../source -I/opt/homebrew/include -Wall -pedantic -Wno-unknown-pragmas -Wno-sign-compare -g -O2 -MT libnormaliz/cone_dual_mode.lo -MD -MP -MF libnormaliz/.deps/cone_dual_mode.Tpo -c libnormaliz/cone_dual_mode.cpp  -fno-common -DPIC -o libnormaliz/.libs/cone_dual_mode.o
depbase=`echo libnormaliz/cone_property.lo | sed 's|[^/]*$|.deps/&|;s|\.lo$||'`;\
	/bin/sh ../libtool  --tag=CXX   --mode=compile g++ -DPACKAGE_NAME=\"Normaliz\" -DPACKAGE_TARNAME=\"normaliz\" -DPACKAGE_VERSION=\"3.9.3\" -DPACKAGE_STRING=\"Normaliz\ 3.9.3\" -DPACKAGE_BUGREPORT=\"https://github.com/Normaliz/Normaliz/issues\" -DPACKAGE_URL=\"https://www.normaliz.uni-osnabrueck.de\" -DPACKAGE=\"normaliz\" -DVERSION=\"3.9.3\" -DSTDC_HEADERS=1 -DHAVE_SYS_TYPES_H=1 -DHAVE_SYS_STAT_H=1 -DHAVE_STDLIB_H=1 -DHAVE_STRING_H=1 -DHAVE_MEMORY_H=1 -DHAVE_STRINGS_H=1 -DHAVE_INTTYPES_H=1 -DHAVE_STDINT_H=1 -DHAVE_UNISTD_H=1 -DHAVE_DLFCN_H=1 -DLT_OBJDIR=\".libs/\" -DHAVE_CXX14=1 -DHAVE___BUILTIN_CTZLL=1 -DHAVE___BUILTIN_POPCOUNTLL=1 -DSIZEOF_LONG_LONG=8 -DHAVE_GMPXX=1 -DDEFINE_NORMALIZ_DLL=1 -I.  -I../source -I/opt/homebrew/include  -Wall -pedantic -Wno-unknown-pragmas -Wno-sign-compare  -g -O2 -MT libnormaliz/cone_property.lo -MD -MP -MF $depbase.Tpo -c -o libnormaliz/cone_property.lo libnormaliz/cone_property.cpp &&\
	mv -f $depbase.Tpo $depbase.Plo
libtool: compile:  g++ -DPACKAGE_NAME=\"Normaliz\" -DPACKAGE_TARNAME=\"normaliz\" -DPACKAGE_VERSION=\"3.9.3\" "-DPACKAGE_STRING=\"Normaliz 3.9.3\"" -DPACKAGE_BUGREPORT=\"https://github.com/Normaliz/Normaliz/issues\" -DPACKAGE_URL=\"https://www.normaliz.uni-osnabrueck.de\" -DPACKAGE=\"normaliz\" -DVERSION=\"3.9.3\" -DSTDC_HEADERS=1 -DHAVE_SYS_TYPES_H=1 -DHAVE_SYS_STAT_H=1 -DHAVE_STDLIB_H=1 -DHAVE_STRING_H=1 -DHAVE_MEMORY_H=1 -DHAVE_STRINGS_H=1 -DHAVE_INTTYPES_H=1 -DHAVE_STDINT_H=1 -DHAVE_UNISTD_H=1 -DHAVE_DLFCN_H=1 -DLT_OBJDIR=\".libs/\" -DHAVE_CXX14=1 -DHAVE___BUILTIN_CTZLL=1 -DHAVE___BUILTIN_POPCOUNTLL=1 -DSIZEOF_LONG_LONG=8 -DHAVE_GMPXX=1 -DDEFINE_NORMALIZ_DLL=1 -I. -I../source -I/opt/homebrew/include -Wall -pedantic -Wno-unknown-pragmas -Wno-sign-compare -g -O2 -MT libnormaliz/cone_property.lo -MD -MP -MF libnormaliz/.deps/cone_property.Tpo -c libnormaliz/cone_property.cpp  -fno-common -DPIC -o libnormaliz/.libs/cone_property.o
libtool: compile:  g++ -DPACKAGE_NAME=\"Normaliz\" -DPACKAGE_TARNAME=\"normaliz\" -DPACKAGE_VERSION=\"3.9.3\" "-DPACKAGE_STRING=\"Normaliz 3.9.3\"" -DPACKAGE_BUGREPORT=\"https://github.com/Normaliz/Normaliz/issues\" -DPACKAGE_URL=\"https://www.normaliz.uni-osnabrueck.de\" -DPACKAGE=\"normaliz\" -DVERSION=\"3.9.3\" -DSTDC_HEADERS=1 -DHAVE_SYS_TYPES_H=1 -DHAVE_SYS_STAT_H=1 -DHAVE_STDLIB_H=1 -DHAVE_STRING_H=1 -DHAVE_MEMORY_H=1 -DHAVE_STRINGS_H=1 -DHAVE_INTTYPES_H=1 -DHAVE_STDINT_H=1 -DHAVE_UNISTD_H=1 -DHAVE_DLFCN_H=1 -DLT_OBJDIR=\".libs/\" -DHAVE_CXX14=1 -DHAVE___BUILTIN_CTZLL=1 -DHAVE___BUILTIN_POPCOUNTLL=1 -DSIZEOF_LONG_LONG=8 -DHAVE_GMPXX=1 -DDEFINE_NORMALIZ_DLL=1 -I. -I../source -I/opt/homebrew/include -Wall -pedantic -Wno-unknown-pragmas -Wno-sign-compare -g -O2 -MT libnormaliz/cone_property.lo -MD -MP -MF libnormaliz/.deps/cone_property.Tpo -c libnormaliz/cone_property.cpp -o libnormaliz/cone_property.o >/dev/null 2>&1
libtool: compile:  g++ -DPACKAGE_NAME=\"Normaliz\" -DPACKAGE_TARNAME=\"normaliz\" -DPACKAGE_VERSION=\"3.9.3\" "-DPACKAGE_STRING=\"Normaliz 3.9.3\"" -DPACKAGE_BUGREPORT=\"https://github.com/Normaliz/Normaliz/issues\" -DPACKAGE_URL=\"https://www.normaliz.uni-osnabrueck.de\" -DPACKAGE=\"normaliz\" -DVERSION=\"3.9.3\" -DSTDC_HEADERS=1 -DHAVE_SYS_TYPES_H=1 -DHAVE_SYS_STAT_H=1 -DHAVE_STDLIB_H=1 -DHAVE_STRING_H=1 -DHAVE_MEMORY_H=1 -DHAVE_STRINGS_H=1 -DHAVE_INTTYPES_H=1 -DHAVE_STDINT_H=1 -DHAVE_UNISTD_H=1 -DHAVE_DLFCN_H=1 -DLT_OBJDIR=\".libs/\" -DHAVE_CXX14=1 -DHAVE___BUILTIN_CTZLL=1 -DHAVE___BUILTIN_POPCOUNTLL=1 -DSIZEOF_LONG_LONG=8 -DHAVE_GMPXX=1 -DDEFINE_NORMALIZ_DLL=1 -I. -I../source -I/opt/homebrew/include -Wall -pedantic -Wno-unknown-pragmas -Wno-sign-compare -g -O2 -MT libnormaliz/collection.lo -MD -MP -MF libnormaliz/.deps/collection.Tpo -c libnormaliz/collection.cpp -o libnormaliz/collection.o >/dev/null 2>&1
libtool: compile:  g++ -DPACKAGE_NAME=\"Normaliz\" -DPACKAGE_TARNAME=\"normaliz\" -DPACKAGE_VERSION=\"3.9.3\" "-DPACKAGE_STRING=\"Normaliz 3.9.3\"" -DPACKAGE_BUGREPORT=\"https://github.com/Normaliz/Normaliz/issues\" -DPACKAGE_URL=\"https://www.normaliz.uni-osnabrueck.de\" -DPACKAGE=\"normaliz\" -DVERSION=\"3.9.3\" -DSTDC_HEADERS=1 -DHAVE_SYS_TYPES_H=1 -DHAVE_SYS_STAT_H=1 -DHAVE_STDLIB_H=1 -DHAVE_STRING_H=1 -DHAVE_MEMORY_H=1 -DHAVE_STRINGS_H=1 -DHAVE_INTTYPES_H=1 -DHAVE_STDINT_H=1 -DHAVE_UNISTD_H=1 -DHAVE_DLFCN_H=1 -DLT_OBJDIR=\".libs/\" -DHAVE_CXX14=1 -DHAVE___BUILTIN_CTZLL=1 -DHAVE___BUILTIN_POPCOUNTLL=1 -DSIZEOF_LONG_LONG=8 -DHAVE_GMPXX=1 -DDEFINE_NORMALIZ_DLL=1 -I. -I../source -I/opt/homebrew/include -Wall -pedantic -Wno-unknown-pragmas -Wno-sign-compare -g -O2 -MT libnormaliz/automorph.lo -MD -MP -MF libnormaliz/.deps/automorph.Tpo -c libnormaliz/automorph.cpp -o libnormaliz/automorph.o >/dev/null 2>&1
depbase=`echo libnormaliz/cone.lo | sed 's|[^/]*$|.deps/&|;s|\.lo$||'`;\
	/bin/sh ../libtool  --tag=CXX   --mode=compile g++ -DPACKAGE_NAME=\"Normaliz\" -DPACKAGE_TARNAME=\"normaliz\" -DPACKAGE_VERSION=\"3.9.3\" -DPACKAGE_STRING=\"Normaliz\ 3.9.3\" -DPACKAGE_BUGREPORT=\"https://github.com/Normaliz/Normaliz/issues\" -DPACKAGE_URL=\"https://www.normaliz.uni-osnabrueck.de\" -DPACKAGE=\"normaliz\" -DVERSION=\"3.9.3\" -DSTDC_HEADERS=1 -DHAVE_SYS_TYPES_H=1 -DHAVE_SYS_STAT_H=1 -DHAVE_STDLIB_H=1 -DHAVE_STRING_H=1 -DHAVE_MEMORY_H=1 -DHAVE_STRINGS_H=1 -DHAVE_INTTYPES_H=1 -DHAVE_STDINT_H=1 -DHAVE_UNISTD_H=1 -DHAVE_DLFCN_H=1 -DLT_OBJDIR=\".libs/\" -DHAVE_CXX14=1 -DHAVE___BUILTIN_CTZLL=1 -DHAVE___BUILTIN_POPCOUNTLL=1 -DSIZEOF_LONG_LONG=8 -DHAVE_GMPXX=1 -DDEFINE_NORMALIZ_DLL=1 -I.  -I../source -I/opt/homebrew/include  -Wall -pedantic -Wno-unknown-pragmas -Wno-sign-compare  -g -O2 -MT libnormaliz/cone.lo -MD -MP -MF $depbase.Tpo -c -o libnormaliz/cone.lo libnormaliz/cone.cpp &&\
	mv -f $depbase.Tpo $depbase.Plo
libtool: compile:  g++ -DPACKAGE_NAME=\"Normaliz\" -DPACKAGE_TARNAME=\"normaliz\" -DPACKAGE_VERSION=\"3.9.3\" "-DPACKAGE_STRING=\"Normaliz 3.9.3\"" -DPACKAGE_BUGREPORT=\"https://github.com/Normaliz/Normaliz/issues\" -DPACKAGE_URL=\"https://www.normaliz.uni-osnabrueck.de\" -DPACKAGE=\"normaliz\" -DVERSION=\"3.9.3\" -DSTDC_HEADERS=1 -DHAVE_SYS_TYPES_H=1 -DHAVE_SYS_STAT_H=1 -DHAVE_STDLIB_H=1 -DHAVE_STRING_H=1 -DHAVE_MEMORY_H=1 -DHAVE_STRINGS_H=1 -DHAVE_INTTYPES_H=1 -DHAVE_STDINT_H=1 -DHAVE_UNISTD_H=1 -DHAVE_DLFCN_H=1 -DLT_OBJDIR=\".libs/\" -DHAVE_CXX14=1 -DHAVE___BUILTIN_CTZLL=1 -DHAVE___BUILTIN_POPCOUNTLL=1 -DSIZEOF_LONG_LONG=8 -DHAVE_GMPXX=1 -DDEFINE_NORMALIZ_DLL=1 -I. -I../source -I/opt/homebrew/include -Wall -pedantic -Wno-unknown-pragmas -Wno-sign-compare -g -O2 -MT libnormaliz/cone.lo -MD -MP -MF libnormaliz/.deps/cone.Tpo -c libnormaliz/cone.cpp  -fno-common -DPIC -o libnormaliz/.libs/cone.o
libtool: compile:  g++ -DPACKAGE_NAME=\"Normaliz\" -DPACKAGE_TARNAME=\"normaliz\" -DPACKAGE_VERSION=\"3.9.3\" "-DPACKAGE_STRING=\"Normaliz 3.9.3\"" -DPACKAGE_BUGREPORT=\"https://github.com/Normaliz/Normaliz/issues\" -DPACKAGE_URL=\"https://www.normaliz.uni-osnabrueck.de\" -DPACKAGE=\"normaliz\" -DVERSION=\"3.9.3\" -DSTDC_HEADERS=1 -DHAVE_SYS_TYPES_H=1 -DHAVE_SYS_STAT_H=1 -DHAVE_STDLIB_H=1 -DHAVE_STRING_H=1 -DHAVE_MEMORY_H=1 -DHAVE_STRINGS_H=1 -DHAVE_INTTYPES_H=1 -DHAVE_STDINT_H=1 -DHAVE_UNISTD_H=1 -DHAVE_DLFCN_H=1 -DLT_OBJDIR=\".libs/\" -DHAVE_CXX14=1 -DHAVE___BUILTIN_CTZLL=1 -DHAVE___BUILTIN_POPCOUNTLL=1 -DSIZEOF_LONG_LONG=8 -DHAVE_GMPXX=1 -DDEFINE_NORMALIZ_DLL=1 -I. -I../source -I/opt/homebrew/include -Wall -pedantic -Wno-unknown-pragmas -Wno-sign-compare -g -O2 -MT libnormaliz/cone_dual_mode.lo -MD -MP -MF libnormaliz/.deps/cone_dual_mode.Tpo -c libnormaliz/cone_dual_mode.cpp -o libnormaliz/cone_dual_mode.o >/dev/null 2>&1
depbase=`echo libnormaliz/descent.lo | sed 's|[^/]*$|.deps/&|;s|\.lo$||'`;\
	/bin/sh ../libtool  --tag=CXX   --mode=compile g++ -DPACKAGE_NAME=\"Normaliz\" -DPACKAGE_TARNAME=\"normaliz\" -DPACKAGE_VERSION=\"3.9.3\" -DPACKAGE_STRING=\"Normaliz\ 3.9.3\" -DPACKAGE_BUGREPORT=\"https://github.com/Normaliz/Normaliz/issues\" -DPACKAGE_URL=\"https://www.normaliz.uni-osnabrueck.de\" -DPACKAGE=\"normaliz\" -DVERSION=\"3.9.3\" -DSTDC_HEADERS=1 -DHAVE_SYS_TYPES_H=1 -DHAVE_SYS_STAT_H=1 -DHAVE_STDLIB_H=1 -DHAVE_STRING_H=1 -DHAVE_MEMORY_H=1 -DHAVE_STRINGS_H=1 -DHAVE_INTTYPES_H=1 -DHAVE_STDINT_H=1 -DHAVE_UNISTD_H=1 -DHAVE_DLFCN_H=1 -DLT_OBJDIR=\".libs/\" -DHAVE_CXX14=1 -DHAVE___BUILTIN_CTZLL=1 -DHAVE___BUILTIN_POPCOUNTLL=1 -DSIZEOF_LONG_LONG=8 -DHAVE_GMPXX=1 -DDEFINE_NORMALIZ_DLL=1 -I.  -I../source -I/opt/homebrew/include  -Wall -pedantic -Wno-unknown-pragmas -Wno-sign-compare  -g -O2 -MT libnormaliz/descent.lo -MD -MP -MF $depbase.Tpo -c -o libnormaliz/descent.lo libnormaliz/descent.cpp &&\
	mv -f $depbase.Tpo $depbase.Plo
libtool: compile:  g++ -DPACKAGE_NAME=\"Normaliz\" -DPACKAGE_TARNAME=\"normaliz\" -DPACKAGE_VERSION=\"3.9.3\" "-DPACKAGE_STRING=\"Normaliz 3.9.3\"" -DPACKAGE_BUGREPORT=\"https://github.com/Normaliz/Normaliz/issues\" -DPACKAGE_URL=\"https://www.normaliz.uni-osnabrueck.de\" -DPACKAGE=\"normaliz\" -DVERSION=\"3.9.3\" -DSTDC_HEADERS=1 -DHAVE_SYS_TYPES_H=1 -DHAVE_SYS_STAT_H=1 -DHAVE_STDLIB_H=1 -DHAVE_STRING_H=1 -DHAVE_MEMORY_H=1 -DHAVE_STRINGS_H=1 -DHAVE_INTTYPES_H=1 -DHAVE_STDINT_H=1 -DHAVE_UNISTD_H=1 -DHAVE_DLFCN_H=1 -DLT_OBJDIR=\".libs/\" -DHAVE_CXX14=1 -DHAVE___BUILTIN_CTZLL=1 -DHAVE___BUILTIN_POPCOUNTLL=1 -DSIZEOF_LONG_LONG=8 -DHAVE_GMPXX=1 -DDEFINE_NORMALIZ_DLL=1 -I. -I../source -I/opt/homebrew/include -Wall -pedantic -Wno-unknown-pragmas -Wno-sign-compare -g -O2 -MT libnormaliz/descent.lo -MD -MP -MF libnormaliz/.deps/descent.Tpo -c libnormaliz/descent.cpp  -fno-common -DPIC -o libnormaliz/.libs/descent.o
depbase=`echo libnormaliz/face_lattice.lo | sed 's|[^/]*$|.deps/&|;s|\.lo$||'`;\
	/bin/sh ../libtool  --tag=CXX   --mode=compile g++ -DPACKAGE_NAME=\"Normaliz\" -DPACKAGE_TARNAME=\"normaliz\" -DPACKAGE_VERSION=\"3.9.3\" -DPACKAGE_STRING=\"Normaliz\ 3.9.3\" -DPACKAGE_BUGREPORT=\"https://github.com/Normaliz/Normaliz/issues\" -DPACKAGE_URL=\"https://www.normaliz.uni-osnabrueck.de\" -DPACKAGE=\"normaliz\" -DVERSION=\"3.9.3\" -DSTDC_HEADERS=1 -DHAVE_SYS_TYPES_H=1 -DHAVE_SYS_STAT_H=1 -DHAVE_STDLIB_H=1 -DHAVE_STRING_H=1 -DHAVE_MEMORY_H=1 -DHAVE_STRINGS_H=1 -DHAVE_INTTYPES_H=1 -DHAVE_STDINT_H=1 -DHAVE_UNISTD_H=1 -DHAVE_DLFCN_H=1 -DLT_OBJDIR=\".libs/\" -DHAVE_CXX14=1 -DHAVE___BUILTIN_CTZLL=1 -DHAVE___BUILTIN_POPCOUNTLL=1 -DSIZEOF_LONG_LONG=8 -DHAVE_GMPXX=1 -DDEFINE_NORMALIZ_DLL=1 -I.  -I../source -I/opt/homebrew/include  -Wall -pedantic -Wno-unknown-pragmas -Wno-sign-compare  -g -O2 -MT libnormaliz/face_lattice.lo -MD -MP -MF $depbase.Tpo -c -o libnormaliz/face_lattice.lo libnormaliz/face_lattice.cpp &&\
	mv -f $depbase.Tpo $depbase.Plo
libtool: compile:  g++ -DPACKAGE_NAME=\"Normaliz\" -DPACKAGE_TARNAME=\"normaliz\" -DPACKAGE_VERSION=\"3.9.3\" "-DPACKAGE_STRING=\"Normaliz 3.9.3\"" -DPACKAGE_BUGREPORT=\"https://github.com/Normaliz/Normaliz/issues\" -DPACKAGE_URL=\"https://www.normaliz.uni-osnabrueck.de\" -DPACKAGE=\"normaliz\" -DVERSION=\"3.9.3\" -DSTDC_HEADERS=1 -DHAVE_SYS_TYPES_H=1 -DHAVE_SYS_STAT_H=1 -DHAVE_STDLIB_H=1 -DHAVE_STRING_H=1 -DHAVE_MEMORY_H=1 -DHAVE_STRINGS_H=1 -DHAVE_INTTYPES_H=1 -DHAVE_STDINT_H=1 -DHAVE_UNISTD_H=1 -DHAVE_DLFCN_H=1 -DLT_OBJDIR=\".libs/\" -DHAVE_CXX14=1 -DHAVE___BUILTIN_CTZLL=1 -DHAVE___BUILTIN_POPCOUNTLL=1 -DSIZEOF_LONG_LONG=8 -DHAVE_GMPXX=1 -DDEFINE_NORMALIZ_DLL=1 -I. -I../source -I/opt/homebrew/include -Wall -pedantic -Wno-unknown-pragmas -Wno-sign-compare -g -O2 -MT libnormaliz/face_lattice.lo -MD -MP -MF libnormaliz/.deps/face_lattice.Tpo -c libnormaliz/face_lattice.cpp  -fno-common -DPIC -o libnormaliz/.libs/face_lattice.o
depbase=`echo libnormaliz/full_cone.lo | sed 's|[^/]*$|.deps/&|;s|\.lo$||'`;\
	/bin/sh ../libtool  --tag=CXX   --mode=compile g++ -DPACKAGE_NAME=\"Normaliz\" -DPACKAGE_TARNAME=\"normaliz\" -DPACKAGE_VERSION=\"3.9.3\" -DPACKAGE_STRING=\"Normaliz\ 3.9.3\" -DPACKAGE_BUGREPORT=\"https://github.com/Normaliz/Normaliz/issues\" -DPACKAGE_URL=\"https://www.normaliz.uni-osnabrueck.de\" -DPACKAGE=\"normaliz\" -DVERSION=\"3.9.3\" -DSTDC_HEADERS=1 -DHAVE_SYS_TYPES_H=1 -DHAVE_SYS_STAT_H=1 -DHAVE_STDLIB_H=1 -DHAVE_STRING_H=1 -DHAVE_MEMORY_H=1 -DHAVE_STRINGS_H=1 -DHAVE_INTTYPES_H=1 -DHAVE_STDINT_H=1 -DHAVE_UNISTD_H=1 -DHAVE_DLFCN_H=1 -DLT_OBJDIR=\".libs/\" -DHAVE_CXX14=1 -DHAVE___BUILTIN_CTZLL=1 -DHAVE___BUILTIN_POPCOUNTLL=1 -DSIZEOF_LONG_LONG=8 -DHAVE_GMPXX=1 -DDEFINE_NORMALIZ_DLL=1 -I.  -I../source -I/opt/homebrew/include  -Wall -pedantic -Wno-unknown-pragmas -Wno-sign-compare  -g -O2 -MT libnormaliz/full_cone.lo -MD -MP -MF $depbase.Tpo -c -o libnormaliz/full_cone.lo libnormaliz/full_cone.cpp &&\
	mv -f $depbase.Tpo $depbase.Plo
libtool: compile:  g++ -DPACKAGE_NAME=\"Normaliz\" -DPACKAGE_TARNAME=\"normaliz\" -DPACKAGE_VERSION=\"3.9.3\" "-DPACKAGE_STRING=\"Normaliz 3.9.3\"" -DPACKAGE_BUGREPORT=\"https://github.com/Normaliz/Normaliz/issues\" -DPACKAGE_URL=\"https://www.normaliz.uni-osnabrueck.de\" -DPACKAGE=\"normaliz\" -DVERSION=\"3.9.3\" -DSTDC_HEADERS=1 -DHAVE_SYS_TYPES_H=1 -DHAVE_SYS_STAT_H=1 -DHAVE_STDLIB_H=1 -DHAVE_STRING_H=1 -DHAVE_MEMORY_H=1 -DHAVE_STRINGS_H=1 -DHAVE_INTTYPES_H=1 -DHAVE_STDINT_H=1 -DHAVE_UNISTD_H=1 -DHAVE_DLFCN_H=1 -DLT_OBJDIR=\".libs/\" -DHAVE_CXX14=1 -DHAVE___BUILTIN_CTZLL=1 -DHAVE___BUILTIN_POPCOUNTLL=1 -DSIZEOF_LONG_LONG=8 -DHAVE_GMPXX=1 -DDEFINE_NORMALIZ_DLL=1 -I. -I../source -I/opt/homebrew/include -Wall -pedantic -Wno-unknown-pragmas -Wno-sign-compare -g -O2 -MT libnormaliz/full_cone.lo -MD -MP -MF libnormaliz/.deps/full_cone.Tpo -c libnormaliz/full_cone.cpp  -fno-common -DPIC -o libnormaliz/.libs/full_cone.o
libtool: compile:  g++ -DPACKAGE_NAME=\"Normaliz\" -DPACKAGE_TARNAME=\"normaliz\" -DPACKAGE_VERSION=\"3.9.3\" "-DPACKAGE_STRING=\"Normaliz 3.9.3\"" -DPACKAGE_BUGREPORT=\"https://github.com/Normaliz/Normaliz/issues\" -DPACKAGE_URL=\"https://www.normaliz.uni-osnabrueck.de\" -DPACKAGE=\"normaliz\" -DVERSION=\"3.9.3\" -DSTDC_HEADERS=1 -DHAVE_SYS_TYPES_H=1 -DHAVE_SYS_STAT_H=1 -DHAVE_STDLIB_H=1 -DHAVE_STRING_H=1 -DHAVE_MEMORY_H=1 -DHAVE_STRINGS_H=1 -DHAVE_INTTYPES_H=1 -DHAVE_STDINT_H=1 -DHAVE_UNISTD_H=1 -DHAVE_DLFCN_H=1 -DLT_OBJDIR=\".libs/\" -DHAVE_CXX14=1 -DHAVE___BUILTIN_CTZLL=1 -DHAVE___BUILTIN_POPCOUNTLL=1 -DSIZEOF_LONG_LONG=8 -DHAVE_GMPXX=1 -DDEFINE_NORMALIZ_DLL=1 -I. -I../source -I/opt/homebrew/include -Wall -pedantic -Wno-unknown-pragmas -Wno-sign-compare -g -O2 -MT libnormaliz/face_lattice.lo -MD -MP -MF libnormaliz/.deps/face_lattice.Tpo -c libnormaliz/face_lattice.cpp -o libnormaliz/face_lattice.o >/dev/null 2>&1
libtool: compile:  g++ -DPACKAGE_NAME=\"Normaliz\" -DPACKAGE_TARNAME=\"normaliz\" -DPACKAGE_VERSION=\"3.9.3\" "-DPACKAGE_STRING=\"Normaliz 3.9.3\"" -DPACKAGE_BUGREPORT=\"https://github.com/Normaliz/Normaliz/issues\" -DPACKAGE_URL=\"https://www.normaliz.uni-osnabrueck.de\" -DPACKAGE=\"normaliz\" -DVERSION=\"3.9.3\" -DSTDC_HEADERS=1 -DHAVE_SYS_TYPES_H=1 -DHAVE_SYS_STAT_H=1 -DHAVE_STDLIB_H=1 -DHAVE_STRING_H=1 -DHAVE_MEMORY_H=1 -DHAVE_STRINGS_H=1 -DHAVE_INTTYPES_H=1 -DHAVE_STDINT_H=1 -DHAVE_UNISTD_H=1 -DHAVE_DLFCN_H=1 -DLT_OBJDIR=\".libs/\" -DHAVE_CXX14=1 -DHAVE___BUILTIN_CTZLL=1 -DHAVE___BUILTIN_POPCOUNTLL=1 -DSIZEOF_LONG_LONG=8 -DHAVE_GMPXX=1 -DDEFINE_NORMALIZ_DLL=1 -I. -I../source -I/opt/homebrew/include -Wall -pedantic -Wno-unknown-pragmas -Wno-sign-compare -g -O2 -MT libnormaliz/descent.lo -MD -MP -MF libnormaliz/.deps/descent.Tpo -c libnormaliz/descent.cpp -o libnormaliz/descent.o >/dev/null 2>&1
depbase=`echo libnormaliz/general.lo | sed 's|[^/]*$|.deps/&|;s|\.lo$||'`;\
	/bin/sh ../libtool  --tag=CXX   --mode=compile g++ -DPACKAGE_NAME=\"Normaliz\" -DPACKAGE_TARNAME=\"normaliz\" -DPACKAGE_VERSION=\"3.9.3\" -DPACKAGE_STRING=\"Normaliz\ 3.9.3\" -DPACKAGE_BUGREPORT=\"https://github.com/Normaliz/Normaliz/issues\" -DPACKAGE_URL=\"https://www.normaliz.uni-osnabrueck.de\" -DPACKAGE=\"normaliz\" -DVERSION=\"3.9.3\" -DSTDC_HEADERS=1 -DHAVE_SYS_TYPES_H=1 -DHAVE_SYS_STAT_H=1 -DHAVE_STDLIB_H=1 -DHAVE_STRING_H=1 -DHAVE_MEMORY_H=1 -DHAVE_STRINGS_H=1 -DHAVE_INTTYPES_H=1 -DHAVE_STDINT_H=1 -DHAVE_UNISTD_H=1 -DHAVE_DLFCN_H=1 -DLT_OBJDIR=\".libs/\" -DHAVE_CXX14=1 -DHAVE___BUILTIN_CTZLL=1 -DHAVE___BUILTIN_POPCOUNTLL=1 -DSIZEOF_LONG_LONG=8 -DHAVE_GMPXX=1 -DDEFINE_NORMALIZ_DLL=1 -I.  -I../source -I/opt/homebrew/include  -Wall -pedantic -Wno-unknown-pragmas -Wno-sign-compare  -g -O2 -MT libnormaliz/general.lo -MD -MP -MF $depbase.Tpo -c -o libnormaliz/general.lo libnormaliz/general.cpp &&\
	mv -f $depbase.Tpo $depbase.Plo
libtool: compile:  g++ -DPACKAGE_NAME=\"Normaliz\" -DPACKAGE_TARNAME=\"normaliz\" -DPACKAGE_VERSION=\"3.9.3\" "-DPACKAGE_STRING=\"Normaliz 3.9.3\"" -DPACKAGE_BUGREPORT=\"https://github.com/Normaliz/Normaliz/issues\" -DPACKAGE_URL=\"https://www.normaliz.uni-osnabrueck.de\" -DPACKAGE=\"normaliz\" -DVERSION=\"3.9.3\" -DSTDC_HEADERS=1 -DHAVE_SYS_TYPES_H=1 -DHAVE_SYS_STAT_H=1 -DHAVE_STDLIB_H=1 -DHAVE_STRING_H=1 -DHAVE_MEMORY_H=1 -DHAVE_STRINGS_H=1 -DHAVE_INTTYPES_H=1 -DHAVE_STDINT_H=1 -DHAVE_UNISTD_H=1 -DHAVE_DLFCN_H=1 -DLT_OBJDIR=\".libs/\" -DHAVE_CXX14=1 -DHAVE___BUILTIN_CTZLL=1 -DHAVE___BUILTIN_POPCOUNTLL=1 -DSIZEOF_LONG_LONG=8 -DHAVE_GMPXX=1 -DDEFINE_NORMALIZ_DLL=1 -I. -I../source -I/opt/homebrew/include -Wall -pedantic -Wno-unknown-pragmas -Wno-sign-compare -g -O2 -MT libnormaliz/general.lo -MD -MP -MF libnormaliz/.deps/general.Tpo -c libnormaliz/general.cpp  -fno-common -DPIC -o libnormaliz/.libs/general.o
libtool: compile:  g++ -DPACKAGE_NAME=\"Normaliz\" -DPACKAGE_TARNAME=\"normaliz\" -DPACKAGE_VERSION=\"3.9.3\" "-DPACKAGE_STRING=\"Normaliz 3.9.3\"" -DPACKAGE_BUGREPORT=\"https://github.com/Normaliz/Normaliz/issues\" -DPACKAGE_URL=\"https://www.normaliz.uni-osnabrueck.de\" -DPACKAGE=\"normaliz\" -DVERSION=\"3.9.3\" -DSTDC_HEADERS=1 -DHAVE_SYS_TYPES_H=1 -DHAVE_SYS_STAT_H=1 -DHAVE_STDLIB_H=1 -DHAVE_STRING_H=1 -DHAVE_MEMORY_H=1 -DHAVE_STRINGS_H=1 -DHAVE_INTTYPES_H=1 -DHAVE_STDINT_H=1 -DHAVE_UNISTD_H=1 -DHAVE_DLFCN_H=1 -DLT_OBJDIR=\".libs/\" -DHAVE_CXX14=1 -DHAVE___BUILTIN_CTZLL=1 -DHAVE___BUILTIN_POPCOUNTLL=1 -DSIZEOF_LONG_LONG=8 -DHAVE_GMPXX=1 -DDEFINE_NORMALIZ_DLL=1 -I. -I../source -I/opt/homebrew/include -Wall -pedantic -Wno-unknown-pragmas -Wno-sign-compare -g -O2 -MT libnormaliz/general.lo -MD -MP -MF libnormaliz/.deps/general.Tpo -c libnormaliz/general.cpp -o libnormaliz/general.o >/dev/null 2>&1
depbase=`echo libnormaliz/HilbertSeries.lo | sed 's|[^/]*$|.deps/&|;s|\.lo$||'`;\
	/bin/sh ../libtool  --tag=CXX   --mode=compile g++ -DPACKAGE_NAME=\"Normaliz\" -DPACKAGE_TARNAME=\"normaliz\" -DPACKAGE_VERSION=\"3.9.3\" -DPACKAGE_STRING=\"Normaliz\ 3.9.3\" -DPACKAGE_BUGREPORT=\"https://github.com/Normaliz/Normaliz/issues\" -DPACKAGE_URL=\"https://www.normaliz.uni-osnabrueck.de\" -DPACKAGE=\"normaliz\" -DVERSION=\"3.9.3\" -DSTDC_HEADERS=1 -DHAVE_SYS_TYPES_H=1 -DHAVE_SYS_STAT_H=1 -DHAVE_STDLIB_H=1 -DHAVE_STRING_H=1 -DHAVE_MEMORY_H=1 -DHAVE_STRINGS_H=1 -DHAVE_INTTYPES_H=1 -DHAVE_STDINT_H=1 -DHAVE_UNISTD_H=1 -DHAVE_DLFCN_H=1 -DLT_OBJDIR=\".libs/\" -DHAVE_CXX14=1 -DHAVE___BUILTIN_CTZLL=1 -DHAVE___BUILTIN_POPCOUNTLL=1 -DSIZEOF_LONG_LONG=8 -DHAVE_GMPXX=1 -DDEFINE_NORMALIZ_DLL=1 -I.  -I../source -I/opt/homebrew/include  -Wall -pedantic -Wno-unknown-pragmas -Wno-sign-compare  -g -O2 -MT libnormaliz/HilbertSeries.lo -MD -MP -MF $depbase.Tpo -c -o libnormaliz/HilbertSeries.lo libnormaliz/HilbertSeries.cpp &&\
	mv -f $depbase.Tpo $depbase.Plo
libtool: compile:  g++ -DPACKAGE_NAME=\"Normaliz\" -DPACKAGE_TARNAME=\"normaliz\" -DPACKAGE_VERSION=\"3.9.3\" "-DPACKAGE_STRING=\"Normaliz 3.9.3\"" -DPACKAGE_BUGREPORT=\"https://github.com/Normaliz/Normaliz/issues\" -DPACKAGE_URL=\"https://www.normaliz.uni-osnabrueck.de\" -DPACKAGE=\"normaliz\" -DVERSION=\"3.9.3\" -DSTDC_HEADERS=1 -DHAVE_SYS_TYPES_H=1 -DHAVE_SYS_STAT_H=1 -DHAVE_STDLIB_H=1 -DHAVE_STRING_H=1 -DHAVE_MEMORY_H=1 -DHAVE_STRINGS_H=1 -DHAVE_INTTYPES_H=1 -DHAVE_STDINT_H=1 -DHAVE_UNISTD_H=1 -DHAVE_DLFCN_H=1 -DLT_OBJDIR=\".libs/\" -DHAVE_CXX14=1 -DHAVE___BUILTIN_CTZLL=1 -DHAVE___BUILTIN_POPCOUNTLL=1 -DSIZEOF_LONG_LONG=8 -DHAVE_GMPXX=1 -DDEFINE_NORMALIZ_DLL=1 -I. -I../source -I/opt/homebrew/include -Wall -pedantic -Wno-unknown-pragmas -Wno-sign-compare -g -O2 -MT libnormaliz/HilbertSeries.lo -MD -MP -MF libnormaliz/.deps/HilbertSeries.Tpo -c libnormaliz/HilbertSeries.cpp  -fno-common -DPIC -o libnormaliz/.libs/HilbertSeries.o
libtool: compile:  g++ -DPACKAGE_NAME=\"Normaliz\" -DPACKAGE_TARNAME=\"normaliz\" -DPACKAGE_VERSION=\"3.9.3\" "-DPACKAGE_STRING=\"Normaliz 3.9.3\"" -DPACKAGE_BUGREPORT=\"https://github.com/Normaliz/Normaliz/issues\" -DPACKAGE_URL=\"https://www.normaliz.uni-osnabrueck.de\" -DPACKAGE=\"normaliz\" -DVERSION=\"3.9.3\" -DSTDC_HEADERS=1 -DHAVE_SYS_TYPES_H=1 -DHAVE_SYS_STAT_H=1 -DHAVE_STDLIB_H=1 -DHAVE_STRING_H=1 -DHAVE_MEMORY_H=1 -DHAVE_STRINGS_H=1 -DHAVE_INTTYPES_H=1 -DHAVE_STDINT_H=1 -DHAVE_UNISTD_H=1 -DHAVE_DLFCN_H=1 -DLT_OBJDIR=\".libs/\" -DHAVE_CXX14=1 -DHAVE___BUILTIN_CTZLL=1 -DHAVE___BUILTIN_POPCOUNTLL=1 -DSIZEOF_LONG_LONG=8 -DHAVE_GMPXX=1 -DDEFINE_NORMALIZ_DLL=1 -I. -I../source -I/opt/homebrew/include -Wall -pedantic -Wno-unknown-pragmas -Wno-sign-compare -g -O2 -MT libnormaliz/HilbertSeries.lo -MD -MP -MF libnormaliz/.deps/HilbertSeries.Tpo -c libnormaliz/HilbertSeries.cpp -o libnormaliz/HilbertSeries.o >/dev/null 2>&1
depbase=`echo libnormaliz/input.lo | sed 's|[^/]*$|.deps/&|;s|\.lo$||'`;\
	/bin/sh ../libtool  --tag=CXX   --mode=compile g++ -DPACKAGE_NAME=\"Normaliz\" -DPACKAGE_TARNAME=\"normaliz\" -DPACKAGE_VERSION=\"3.9.3\" -DPACKAGE_STRING=\"Normaliz\ 3.9.3\" -DPACKAGE_BUGREPORT=\"https://github.com/Normaliz/Normaliz/issues\" -DPACKAGE_URL=\"https://www.normaliz.uni-osnabrueck.de\" -DPACKAGE=\"normaliz\" -DVERSION=\"3.9.3\" -DSTDC_HEADERS=1 -DHAVE_SYS_TYPES_H=1 -DHAVE_SYS_STAT_H=1 -DHAVE_STDLIB_H=1 -DHAVE_STRING_H=1 -DHAVE_MEMORY_H=1 -DHAVE_STRINGS_H=1 -DHAVE_INTTYPES_H=1 -DHAVE_STDINT_H=1 -DHAVE_UNISTD_H=1 -DHAVE_DLFCN_H=1 -DLT_OBJDIR=\".libs/\" -DHAVE_CXX14=1 -DHAVE___BUILTIN_CTZLL=1 -DHAVE___BUILTIN_POPCOUNTLL=1 -DSIZEOF_LONG_LONG=8 -DHAVE_GMPXX=1 -DDEFINE_NORMALIZ_DLL=1 -I.  -I../source -I/opt/homebrew/include  -Wall -pedantic -Wno-unknown-pragmas -Wno-sign-compare  -g -O2 -MT libnormaliz/input.lo -MD -MP -MF $depbase.Tpo -c -o libnormaliz/input.lo libnormaliz/input.cpp &&\
	mv -f $depbase.Tpo $depbase.Plo
libtool: compile:  g++ -DPACKAGE_NAME=\"Normaliz\" -DPACKAGE_TARNAME=\"normaliz\" -DPACKAGE_VERSION=\"3.9.3\" "-DPACKAGE_STRING=\"Normaliz 3.9.3\"" -DPACKAGE_BUGREPORT=\"https://github.com/Normaliz/Normaliz/issues\" -DPACKAGE_URL=\"https://www.normaliz.uni-osnabrueck.de\" -DPACKAGE=\"normaliz\" -DVERSION=\"3.9.3\" -DSTDC_HEADERS=1 -DHAVE_SYS_TYPES_H=1 -DHAVE_SYS_STAT_H=1 -DHAVE_STDLIB_H=1 -DHAVE_STRING_H=1 -DHAVE_MEMORY_H=1 -DHAVE_STRINGS_H=1 -DHAVE_INTTYPES_H=1 -DHAVE_STDINT_H=1 -DHAVE_UNISTD_H=1 -DHAVE_DLFCN_H=1 -DLT_OBJDIR=\".libs/\" -DHAVE_CXX14=1 -DHAVE___BUILTIN_CTZLL=1 -DHAVE___BUILTIN_POPCOUNTLL=1 -DSIZEOF_LONG_LONG=8 -DHAVE_GMPXX=1 -DDEFINE_NORMALIZ_DLL=1 -I. -I../source -I/opt/homebrew/include -Wall -pedantic -Wno-unknown-pragmas -Wno-sign-compare -g -O2 -MT libnormaliz/input.lo -MD -MP -MF libnormaliz/.deps/input.Tpo -c libnormaliz/input.cpp  -fno-common -DPIC -o libnormaliz/.libs/input.o
depbase=`echo libnormaliz/matrix.lo | sed 's|[^/]*$|.deps/&|;s|\.lo$||'`;\
	/bin/sh ../libtool  --tag=CXX   --mode=compile g++ -DPACKAGE_NAME=\"Normaliz\" -DPACKAGE_TARNAME=\"normaliz\" -DPACKAGE_VERSION=\"3.9.3\" -DPACKAGE_STRING=\"Normaliz\ 3.9.3\" -DPACKAGE_BUGREPORT=\"https://github.com/Normaliz/Normaliz/issues\" -DPACKAGE_URL=\"https://www.normaliz.uni-osnabrueck.de\" -DPACKAGE=\"normaliz\" -DVERSION=\"3.9.3\" -DSTDC_HEADERS=1 -DHAVE_SYS_TYPES_H=1 -DHAVE_SYS_STAT_H=1 -DHAVE_STDLIB_H=1 -DHAVE_STRING_H=1 -DHAVE_MEMORY_H=1 -DHAVE_STRINGS_H=1 -DHAVE_INTTYPES_H=1 -DHAVE_STDINT_H=1 -DHAVE_UNISTD_H=1 -DHAVE_DLFCN_H=1 -DLT_OBJDIR=\".libs/\" -DHAVE_CXX14=1 -DHAVE___BUILTIN_CTZLL=1 -DHAVE___BUILTIN_POPCOUNTLL=1 -DSIZEOF_LONG_LONG=8 -DHAVE_GMPXX=1 -DDEFINE_NORMALIZ_DLL=1 -I.  -I../source -I/opt/homebrew/include  -Wall -pedantic -Wno-unknown-pragmas -Wno-sign-compare  -g -O2 -MT libnormaliz/matrix.lo -MD -MP -MF $depbase.Tpo -c -o libnormaliz/matrix.lo libnormaliz/matrix.cpp &&\
	mv -f $depbase.Tpo $depbase.Plo
libtool: compile:  g++ -DPACKAGE_NAME=\"Normaliz\" -DPACKAGE_TARNAME=\"normaliz\" -DPACKAGE_VERSION=\"3.9.3\" "-DPACKAGE_STRING=\"Normaliz 3.9.3\"" -DPACKAGE_BUGREPORT=\"https://github.com/Normaliz/Normaliz/issues\" -DPACKAGE_URL=\"https://www.normaliz.uni-osnabrueck.de\" -DPACKAGE=\"normaliz\" -DVERSION=\"3.9.3\" -DSTDC_HEADERS=1 -DHAVE_SYS_TYPES_H=1 -DHAVE_SYS_STAT_H=1 -DHAVE_STDLIB_H=1 -DHAVE_STRING_H=1 -DHAVE_MEMORY_H=1 -DHAVE_STRINGS_H=1 -DHAVE_INTTYPES_H=1 -DHAVE_STDINT_H=1 -DHAVE_UNISTD_H=1 -DHAVE_DLFCN_H=1 -DLT_OBJDIR=\".libs/\" -DHAVE_CXX14=1 -DHAVE___BUILTIN_CTZLL=1 -DHAVE___BUILTIN_POPCOUNTLL=1 -DSIZEOF_LONG_LONG=8 -DHAVE_GMPXX=1 -DDEFINE_NORMALIZ_DLL=1 -I. -I../source -I/opt/homebrew/include -Wall -pedantic -Wno-unknown-pragmas -Wno-sign-compare -g -O2 -MT libnormaliz/matrix.lo -MD -MP -MF libnormaliz/.deps/matrix.Tpo -c libnormaliz/matrix.cpp  -fno-common -DPIC -o libnormaliz/.libs/matrix.o
libtool: compile:  g++ -DPACKAGE_NAME=\"Normaliz\" -DPACKAGE_TARNAME=\"normaliz\" -DPACKAGE_VERSION=\"3.9.3\" "-DPACKAGE_STRING=\"Normaliz 3.9.3\"" -DPACKAGE_BUGREPORT=\"https://github.com/Normaliz/Normaliz/issues\" -DPACKAGE_URL=\"https://www.normaliz.uni-osnabrueck.de\" -DPACKAGE=\"normaliz\" -DVERSION=\"3.9.3\" -DSTDC_HEADERS=1 -DHAVE_SYS_TYPES_H=1 -DHAVE_SYS_STAT_H=1 -DHAVE_STDLIB_H=1 -DHAVE_STRING_H=1 -DHAVE_MEMORY_H=1 -DHAVE_STRINGS_H=1 -DHAVE_INTTYPES_H=1 -DHAVE_STDINT_H=1 -DHAVE_UNISTD_H=1 -DHAVE_DLFCN_H=1 -DLT_OBJDIR=\".libs/\" -DHAVE_CXX14=1 -DHAVE___BUILTIN_CTZLL=1 -DHAVE___BUILTIN_POPCOUNTLL=1 -DSIZEOF_LONG_LONG=8 -DHAVE_GMPXX=1 -DDEFINE_NORMALIZ_DLL=1 -I. -I../source -I/opt/homebrew/include -Wall -pedantic -Wno-unknown-pragmas -Wno-sign-compare -g -O2 -MT libnormaliz/input.lo -MD -MP -MF libnormaliz/.deps/input.Tpo -c libnormaliz/input.cpp -o libnormaliz/input.o >/dev/null 2>&1
depbase=`echo libnormaliz/nmz_integral.lo | sed 's|[^/]*$|.deps/&|;s|\.lo$||'`;\
	/bin/sh ../libtool  --tag=CXX   --mode=compile g++ -DPACKAGE_NAME=\"Normaliz\" -DPACKAGE_TARNAME=\"normaliz\" -DPACKAGE_VERSION=\"3.9.3\" -DPACKAGE_STRING=\"Normaliz\ 3.9.3\" -DPACKAGE_BUGREPORT=\"https://github.com/Normaliz/Normaliz/issues\" -DPACKAGE_URL=\"https://www.normaliz.uni-osnabrueck.de\" -DPACKAGE=\"normaliz\" -DVERSION=\"3.9.3\" -DSTDC_HEADERS=1 -DHAVE_SYS_TYPES_H=1 -DHAVE_SYS_STAT_H=1 -DHAVE_STDLIB_H=1 -DHAVE_STRING_H=1 -DHAVE_MEMORY_H=1 -DHAVE_STRINGS_H=1 -DHAVE_INTTYPES_H=1 -DHAVE_STDINT_H=1 -DHAVE_UNISTD_H=1 -DHAVE_DLFCN_H=1 -DLT_OBJDIR=\".libs/\" -DHAVE_CXX14=1 -DHAVE___BUILTIN_CTZLL=1 -DHAVE___BUILTIN_POPCOUNTLL=1 -DSIZEOF_LONG_LONG=8 -DHAVE_GMPXX=1 -DDEFINE_NORMALIZ_DLL=1 -I.  -I../source -I/opt/homebrew/include  -Wall -pedantic -Wno-unknown-pragmas -Wno-sign-compare  -g -O2 -MT libnormaliz/nmz_integral.lo -MD -MP -MF $depbase.Tpo -c -o libnormaliz/nmz_integral.lo libnormaliz/nmz_integral.cpp &&\
	mv -f $depbase.Tpo $depbase.Plo
libtool: compile:  g++ -DPACKAGE_NAME=\"Normaliz\" -DPACKAGE_TARNAME=\"normaliz\" -DPACKAGE_VERSION=\"3.9.3\" "-DPACKAGE_STRING=\"Normaliz 3.9.3\"" -DPACKAGE_BUGREPORT=\"https://github.com/Normaliz/Normaliz/issues\" -DPACKAGE_URL=\"https://www.normaliz.uni-osnabrueck.de\" -DPACKAGE=\"normaliz\" -DVERSION=\"3.9.3\" -DSTDC_HEADERS=1 -DHAVE_SYS_TYPES_H=1 -DHAVE_SYS_STAT_H=1 -DHAVE_STDLIB_H=1 -DHAVE_STRING_H=1 -DHAVE_MEMORY_H=1 -DHAVE_STRINGS_H=1 -DHAVE_INTTYPES_H=1 -DHAVE_STDINT_H=1 -DHAVE_UNISTD_H=1 -DHAVE_DLFCN_H=1 -DLT_OBJDIR=\".libs/\" -DHAVE_CXX14=1 -DHAVE___BUILTIN_CTZLL=1 -DHAVE___BUILTIN_POPCOUNTLL=1 -DSIZEOF_LONG_LONG=8 -DHAVE_GMPXX=1 -DDEFINE_NORMALIZ_DLL=1 -I. -I../source -I/opt/homebrew/include -Wall -pedantic -Wno-unknown-pragmas -Wno-sign-compare -g -O2 -MT libnormaliz/nmz_integral.lo -MD -MP -MF libnormaliz/.deps/nmz_integral.Tpo -c libnormaliz/nmz_integral.cpp  -fno-common -DPIC -o libnormaliz/.libs/nmz_integral.o
libtool: compile:  g++ -DPACKAGE_NAME=\"Normaliz\" -DPACKAGE_TARNAME=\"normaliz\" -DPACKAGE_VERSION=\"3.9.3\" "-DPACKAGE_STRING=\"Normaliz 3.9.3\"" -DPACKAGE_BUGREPORT=\"https://github.com/Normaliz/Normaliz/issues\" -DPACKAGE_URL=\"https://www.normaliz.uni-osnabrueck.de\" -DPACKAGE=\"normaliz\" -DVERSION=\"3.9.3\" -DSTDC_HEADERS=1 -DHAVE_SYS_TYPES_H=1 -DHAVE_SYS_STAT_H=1 -DHAVE_STDLIB_H=1 -DHAVE_STRING_H=1 -DHAVE_MEMORY_H=1 -DHAVE_STRINGS_H=1 -DHAVE_INTTYPES_H=1 -DHAVE_STDINT_H=1 -DHAVE_UNISTD_H=1 -DHAVE_DLFCN_H=1 -DLT_OBJDIR=\".libs/\" -DHAVE_CXX14=1 -DHAVE___BUILTIN_CTZLL=1 -DHAVE___BUILTIN_POPCOUNTLL=1 -DSIZEOF_LONG_LONG=8 -DHAVE_GMPXX=1 -DDEFINE_NORMALIZ_DLL=1 -I. -I../source -I/opt/homebrew/include -Wall -pedantic -Wno-unknown-pragmas -Wno-sign-compare -g -O2 -MT libnormaliz/nmz_integral.lo -MD -MP -MF libnormaliz/.deps/nmz_integral.Tpo -c libnormaliz/nmz_integral.cpp -o libnormaliz/nmz_integral.o >/dev/null 2>&1
depbase=`echo libnormaliz/nmz_nauty.lo | sed 's|[^/]*$|.deps/&|;s|\.lo$||'`;\
	/bin/sh ../libtool  --tag=CXX   --mode=compile g++ -DPACKAGE_NAME=\"Normaliz\" -DPACKAGE_TARNAME=\"normaliz\" -DPACKAGE_VERSION=\"3.9.3\" -DPACKAGE_STRING=\"Normaliz\ 3.9.3\" -DPACKAGE_BUGREPORT=\"https://github.com/Normaliz/Normaliz/issues\" -DPACKAGE_URL=\"https://www.normaliz.uni-osnabrueck.de\" -DPACKAGE=\"normaliz\" -DVERSION=\"3.9.3\" -DSTDC_HEADERS=1 -DHAVE_SYS_TYPES_H=1 -DHAVE_SYS_STAT_H=1 -DHAVE_STDLIB_H=1 -DHAVE_STRING_H=1 -DHAVE_MEMORY_H=1 -DHAVE_STRINGS_H=1 -DHAVE_INTTYPES_H=1 -DHAVE_STDINT_H=1 -DHAVE_UNISTD_H=1 -DHAVE_DLFCN_H=1 -DLT_OBJDIR=\".libs/\" -DHAVE_CXX14=1 -DHAVE___BUILTIN_CTZLL=1 -DHAVE___BUILTIN_POPCOUNTLL=1 -DSIZEOF_LONG_LONG=8 -DHAVE_GMPXX=1 -DDEFINE_NORMALIZ_DLL=1 -I.  -I../source -I/opt/homebrew/include  -Wall -pedantic -Wno-unknown-pragmas -Wno-sign-compare  -g -O2 -MT libnormaliz/nmz_nauty.lo -MD -MP -MF $depbase.Tpo -c -o libnormaliz/nmz_nauty.lo libnormaliz/nmz_nauty.cpp &&\
	mv -f $depbase.Tpo $depbase.Plo
libtool: compile:  g++ -DPACKAGE_NAME=\"Normaliz\" -DPACKAGE_TARNAME=\"normaliz\" -DPACKAGE_VERSION=\"3.9.3\" "-DPACKAGE_STRING=\"Normaliz 3.9.3\"" -DPACKAGE_BUGREPORT=\"https://github.com/Normaliz/Normaliz/issues\" -DPACKAGE_URL=\"https://www.normaliz.uni-osnabrueck.de\" -DPACKAGE=\"normaliz\" -DVERSION=\"3.9.3\" -DSTDC_HEADERS=1 -DHAVE_SYS_TYPES_H=1 -DHAVE_SYS_STAT_H=1 -DHAVE_STDLIB_H=1 -DHAVE_STRING_H=1 -DHAVE_MEMORY_H=1 -DHAVE_STRINGS_H=1 -DHAVE_INTTYPES_H=1 -DHAVE_STDINT_H=1 -DHAVE_UNISTD_H=1 -DHAVE_DLFCN_H=1 -DLT_OBJDIR=\".libs/\" -DHAVE_CXX14=1 -DHAVE___BUILTIN_CTZLL=1 -DHAVE___BUILTIN_POPCOUNTLL=1 -DSIZEOF_LONG_LONG=8 -DHAVE_GMPXX=1 -DDEFINE_NORMALIZ_DLL=1 -I. -I../source -I/opt/homebrew/include -Wall -pedantic -Wno-unknown-pragmas -Wno-sign-compare -g -O2 -MT libnormaliz/nmz_nauty.lo -MD -MP -MF libnormaliz/.deps/nmz_nauty.Tpo -c libnormaliz/nmz_nauty.cpp  -fno-common -DPIC -o libnormaliz/.libs/nmz_nauty.o
libtool: compile:  g++ -DPACKAGE_NAME=\"Normaliz\" -DPACKAGE_TARNAME=\"normaliz\" -DPACKAGE_VERSION=\"3.9.3\" "-DPACKAGE_STRING=\"Normaliz 3.9.3\"" -DPACKAGE_BUGREPORT=\"https://github.com/Normaliz/Normaliz/issues\" -DPACKAGE_URL=\"https://www.normaliz.uni-osnabrueck.de\" -DPACKAGE=\"normaliz\" -DVERSION=\"3.9.3\" -DSTDC_HEADERS=1 -DHAVE_SYS_TYPES_H=1 -DHAVE_SYS_STAT_H=1 -DHAVE_STDLIB_H=1 -DHAVE_STRING_H=1 -DHAVE_MEMORY_H=1 -DHAVE_STRINGS_H=1 -DHAVE_INTTYPES_H=1 -DHAVE_STDINT_H=1 -DHAVE_UNISTD_H=1 -DHAVE_DLFCN_H=1 -DLT_OBJDIR=\".libs/\" -DHAVE_CXX14=1 -DHAVE___BUILTIN_CTZLL=1 -DHAVE___BUILTIN_POPCOUNTLL=1 -DSIZEOF_LONG_LONG=8 -DHAVE_GMPXX=1 -DDEFINE_NORMALIZ_DLL=1 -I. -I../source -I/opt/homebrew/include -Wall -pedantic -Wno-unknown-pragmas -Wno-sign-compare -g -O2 -MT libnormaliz/nmz_nauty.lo -MD -MP -MF libnormaliz/.deps/nmz_nauty.Tpo -c libnormaliz/nmz_nauty.cpp -o libnormaliz/nmz_nauty.o >/dev/null 2>&1
depbase=`echo libnormaliz/nmz_hash.lo | sed 's|[^/]*$|.deps/&|;s|\.lo$||'`;\
	/bin/sh ../libtool  --tag=CXX   --mode=compile g++ -DPACKAGE_NAME=\"Normaliz\" -DPACKAGE_TARNAME=\"normaliz\" -DPACKAGE_VERSION=\"3.9.3\" -DPACKAGE_STRING=\"Normaliz\ 3.9.3\" -DPACKAGE_BUGREPORT=\"https://github.com/Normaliz/Normaliz/issues\" -DPACKAGE_URL=\"https://www.normaliz.uni-osnabrueck.de\" -DPACKAGE=\"normaliz\" -DVERSION=\"3.9.3\" -DSTDC_HEADERS=1 -DHAVE_SYS_TYPES_H=1 -DHAVE_SYS_STAT_H=1 -DHAVE_STDLIB_H=1 -DHAVE_STRING_H=1 -DHAVE_MEMORY_H=1 -DHAVE_STRINGS_H=1 -DHAVE_INTTYPES_H=1 -DHAVE_STDINT_H=1 -DHAVE_UNISTD_H=1 -DHAVE_DLFCN_H=1 -DLT_OBJDIR=\".libs/\" -DHAVE_CXX14=1 -DHAVE___BUILTIN_CTZLL=1 -DHAVE___BUILTIN_POPCOUNTLL=1 -DSIZEOF_LONG_LONG=8 -DHAVE_GMPXX=1 -DDEFINE_NORMALIZ_DLL=1 -I.  -I../source -I/opt/homebrew/include  -Wall -pedantic -Wno-unknown-pragmas -Wno-sign-compare  -g -O2 -MT libnormaliz/nmz_hash.lo -MD -MP -MF $depbase.Tpo -c -o libnormaliz/nmz_hash.lo libnormaliz/nmz_hash.cpp &&\
	mv -f $depbase.Tpo $depbase.Plo
libtool: compile:  g++ -DPACKAGE_NAME=\"Normaliz\" -DPACKAGE_TARNAME=\"normaliz\" -DPACKAGE_VERSION=\"3.9.3\" "-DPACKAGE_STRING=\"Normaliz 3.9.3\"" -DPACKAGE_BUGREPORT=\"https://github.com/Normaliz/Normaliz/issues\" -DPACKAGE_URL=\"https://www.normaliz.uni-osnabrueck.de\" -DPACKAGE=\"normaliz\" -DVERSION=\"3.9.3\" -DSTDC_HEADERS=1 -DHAVE_SYS_TYPES_H=1 -DHAVE_SYS_STAT_H=1 -DHAVE_STDLIB_H=1 -DHAVE_STRING_H=1 -DHAVE_MEMORY_H=1 -DHAVE_STRINGS_H=1 -DHAVE_INTTYPES_H=1 -DHAVE_STDINT_H=1 -DHAVE_UNISTD_H=1 -DHAVE_DLFCN_H=1 -DLT_OBJDIR=\".libs/\" -DHAVE_CXX14=1 -DHAVE___BUILTIN_CTZLL=1 -DHAVE___BUILTIN_POPCOUNTLL=1 -DSIZEOF_LONG_LONG=8 -DHAVE_GMPXX=1 -DDEFINE_NORMALIZ_DLL=1 -I. -I../source -I/opt/homebrew/include -Wall -pedantic -Wno-unknown-pragmas -Wno-sign-compare -g -O2 -MT libnormaliz/nmz_hash.lo -MD -MP -MF libnormaliz/.deps/nmz_hash.Tpo -c libnormaliz/nmz_hash.cpp  -fno-common -DPIC -o libnormaliz/.libs/nmz_hash.o
libtool: compile:  g++ -DPACKAGE_NAME=\"Normaliz\" -DPACKAGE_TARNAME=\"normaliz\" -DPACKAGE_VERSION=\"3.9.3\" "-DPACKAGE_STRING=\"Normaliz 3.9.3\"" -DPACKAGE_BUGREPORT=\"https://github.com/Normaliz/Normaliz/issues\" -DPACKAGE_URL=\"https://www.normaliz.uni-osnabrueck.de\" -DPACKAGE=\"normaliz\" -DVERSION=\"3.9.3\" -DSTDC_HEADERS=1 -DHAVE_SYS_TYPES_H=1 -DHAVE_SYS_STAT_H=1 -DHAVE_STDLIB_H=1 -DHAVE_STRING_H=1 -DHAVE_MEMORY_H=1 -DHAVE_STRINGS_H=1 -DHAVE_INTTYPES_H=1 -DHAVE_STDINT_H=1 -DHAVE_UNISTD_H=1 -DHAVE_DLFCN_H=1 -DLT_OBJDIR=\".libs/\" -DHAVE_CXX14=1 -DHAVE___BUILTIN_CTZLL=1 -DHAVE___BUILTIN_POPCOUNTLL=1 -DSIZEOF_LONG_LONG=8 -DHAVE_GMPXX=1 -DDEFINE_NORMALIZ_DLL=1 -I. -I../source -I/opt/homebrew/include -Wall -pedantic -Wno-unknown-pragmas -Wno-sign-compare -g -O2 -MT libnormaliz/nmz_hash.lo -MD -MP -MF libnormaliz/.deps/nmz_hash.Tpo -c libnormaliz/nmz_hash.cpp -o libnormaliz/nmz_hash.o >/dev/null 2>&1
libtool: compile:  g++ -DPACKAGE_NAME=\"Normaliz\" -DPACKAGE_TARNAME=\"normaliz\" -DPACKAGE_VERSION=\"3.9.3\" "-DPACKAGE_STRING=\"Normaliz 3.9.3\"" -DPACKAGE_BUGREPORT=\"https://github.com/Normaliz/Normaliz/issues\" -DPACKAGE_URL=\"https://www.normaliz.uni-osnabrueck.de\" -DPACKAGE=\"normaliz\" -DVERSION=\"3.9.3\" -DSTDC_HEADERS=1 -DHAVE_SYS_TYPES_H=1 -DHAVE_SYS_STAT_H=1 -DHAVE_STDLIB_H=1 -DHAVE_STRING_H=1 -DHAVE_MEMORY_H=1 -DHAVE_STRINGS_H=1 -DHAVE_INTTYPES_H=1 -DHAVE_STDINT_H=1 -DHAVE_UNISTD_H=1 -DHAVE_DLFCN_H=1 -DLT_OBJDIR=\".libs/\" -DHAVE_CXX14=1 -DHAVE___BUILTIN_CTZLL=1 -DHAVE___BUILTIN_POPCOUNTLL=1 -DSIZEOF_LONG_LONG=8 -DHAVE_GMPXX=1 -DDEFINE_NORMALIZ_DLL=1 -I. -I../source -I/opt/homebrew/include -Wall -pedantic -Wno-unknown-pragmas -Wno-sign-compare -g -O2 -MT libnormaliz/cone.lo -MD -MP -MF libnormaliz/.deps/cone.Tpo -c libnormaliz/cone.cpp -o libnormaliz/cone.o >/dev/null 2>&1
depbase=`echo libnormaliz/offload_handler.lo | sed 's|[^/]*$|.deps/&|;s|\.lo$||'`;\
	/bin/sh ../libtool  --tag=CXX   --mode=compile g++ -DPACKAGE_NAME=\"Normaliz\" -DPACKAGE_TARNAME=\"normaliz\" -DPACKAGE_VERSION=\"3.9.3\" -DPACKAGE_STRING=\"Normaliz\ 3.9.3\" -DPACKAGE_BUGREPORT=\"https://github.com/Normaliz/Normaliz/issues\" -DPACKAGE_URL=\"https://www.normaliz.uni-osnabrueck.de\" -DPACKAGE=\"normaliz\" -DVERSION=\"3.9.3\" -DSTDC_HEADERS=1 -DHAVE_SYS_TYPES_H=1 -DHAVE_SYS_STAT_H=1 -DHAVE_STDLIB_H=1 -DHAVE_STRING_H=1 -DHAVE_MEMORY_H=1 -DHAVE_STRINGS_H=1 -DHAVE_INTTYPES_H=1 -DHAVE_STDINT_H=1 -DHAVE_UNISTD_H=1 -DHAVE_DLFCN_H=1 -DLT_OBJDIR=\".libs/\" -DHAVE_CXX14=1 -DHAVE___BUILTIN_CTZLL=1 -DHAVE___BUILTIN_POPCOUNTLL=1 -DSIZEOF_LONG_LONG=8 -DHAVE_GMPXX=1 -DDEFINE_NORMALIZ_DLL=1 -I.  -I../source -I/opt/homebrew/include  -Wall -pedantic -Wno-unknown-pragmas -Wno-sign-compare  -g -O2 -MT libnormaliz/offload_handler.lo -MD -MP -MF $depbase.Tpo -c -o libnormaliz/offload_handler.lo libnormaliz/offload_handler.cpp &&\
	mv -f $depbase.Tpo $depbase.Plo
libtool: compile:  g++ -DPACKAGE_NAME=\"Normaliz\" -DPACKAGE_TARNAME=\"normaliz\" -DPACKAGE_VERSION=\"3.9.3\" "-DPACKAGE_STRING=\"Normaliz 3.9.3\"" -DPACKAGE_BUGREPORT=\"https://github.com/Normaliz/Normaliz/issues\" -DPACKAGE_URL=\"https://www.normaliz.uni-osnabrueck.de\" -DPACKAGE=\"normaliz\" -DVERSION=\"3.9.3\" -DSTDC_HEADERS=1 -DHAVE_SYS_TYPES_H=1 -DHAVE_SYS_STAT_H=1 -DHAVE_STDLIB_H=1 -DHAVE_STRING_H=1 -DHAVE_MEMORY_H=1 -DHAVE_STRINGS_H=1 -DHAVE_INTTYPES_H=1 -DHAVE_STDINT_H=1 -DHAVE_UNISTD_H=1 -DHAVE_DLFCN_H=1 -DLT_OBJDIR=\".libs/\" -DHAVE_CXX14=1 -DHAVE___BUILTIN_CTZLL=1 -DHAVE___BUILTIN_POPCOUNTLL=1 -DSIZEOF_LONG_LONG=8 -DHAVE_GMPXX=1 -DDEFINE_NORMALIZ_DLL=1 -I. -I../source -I/opt/homebrew/include -Wall -pedantic -Wno-unknown-pragmas -Wno-sign-compare -g -O2 -MT libnormaliz/offload_handler.lo -MD -MP -MF libnormaliz/.deps/offload_handler.Tpo -c libnormaliz/offload_handler.cpp  -fno-common -DPIC -o libnormaliz/.libs/offload_handler.o
libtool: compile:  g++ -DPACKAGE_NAME=\"Normaliz\" -DPACKAGE_TARNAME=\"normaliz\" -DPACKAGE_VERSION=\"3.9.3\" "-DPACKAGE_STRING=\"Normaliz 3.9.3\"" -DPACKAGE_BUGREPORT=\"https://github.com/Normaliz/Normaliz/issues\" -DPACKAGE_URL=\"https://www.normaliz.uni-osnabrueck.de\" -DPACKAGE=\"normaliz\" -DVERSION=\"3.9.3\" -DSTDC_HEADERS=1 -DHAVE_SYS_TYPES_H=1 -DHAVE_SYS_STAT_H=1 -DHAVE_STDLIB_H=1 -DHAVE_STRING_H=1 -DHAVE_MEMORY_H=1 -DHAVE_STRINGS_H=1 -DHAVE_INTTYPES_H=1 -DHAVE_STDINT_H=1 -DHAVE_UNISTD_H=1 -DHAVE_DLFCN_H=1 -DLT_OBJDIR=\".libs/\" -DHAVE_CXX14=1 -DHAVE___BUILTIN_CTZLL=1 -DHAVE___BUILTIN_POPCOUNTLL=1 -DSIZEOF_LONG_LONG=8 -DHAVE_GMPXX=1 -DDEFINE_NORMALIZ_DLL=1 -I. -I../source -I/opt/homebrew/include -Wall -pedantic -Wno-unknown-pragmas -Wno-sign-compare -g -O2 -MT libnormaliz/offload_handler.lo -MD -MP -MF libnormaliz/.deps/offload_handler.Tpo -c libnormaliz/offload_handler.cpp -o libnormaliz/offload_handler.o >/dev/null 2>&1
depbase=`echo libnormaliz/options.lo | sed 's|[^/]*$|.deps/&|;s|\.lo$||'`;\
	/bin/sh ../libtool  --tag=CXX   --mode=compile g++ -DPACKAGE_NAME=\"Normaliz\" -DPACKAGE_TARNAME=\"normaliz\" -DPACKAGE_VERSION=\"3.9.3\" -DPACKAGE_STRING=\"Normaliz\ 3.9.3\" -DPACKAGE_BUGREPORT=\"https://github.com/Normaliz/Normaliz/issues\" -DPACKAGE_URL=\"https://www.normaliz.uni-osnabrueck.de\" -DPACKAGE=\"normaliz\" -DVERSION=\"3.9.3\" -DSTDC_HEADERS=1 -DHAVE_SYS_TYPES_H=1 -DHAVE_SYS_STAT_H=1 -DHAVE_STDLIB_H=1 -DHAVE_STRING_H=1 -DHAVE_MEMORY_H=1 -DHAVE_STRINGS_H=1 -DHAVE_INTTYPES_H=1 -DHAVE_STDINT_H=1 -DHAVE_UNISTD_H=1 -DHAVE_DLFCN_H=1 -DLT_OBJDIR=\".libs/\" -DHAVE_CXX14=1 -DHAVE___BUILTIN_CTZLL=1 -DHAVE___BUILTIN_POPCOUNTLL=1 -DSIZEOF_LONG_LONG=8 -DHAVE_GMPXX=1 -DDEFINE_NORMALIZ_DLL=1 -I.  -I../source -I/opt/homebrew/include  -Wall -pedantic -Wno-unknown-pragmas -Wno-sign-compare  -g -O2 -MT libnormaliz/options.lo -MD -MP -MF $depbase.Tpo -c -o libnormaliz/options.lo libnormaliz/options.cpp &&\
	mv -f $depbase.Tpo $depbase.Plo
libtool: compile:  g++ -DPACKAGE_NAME=\"Normaliz\" -DPACKAGE_TARNAME=\"normaliz\" -DPACKAGE_VERSION=\"3.9.3\" "-DPACKAGE_STRING=\"Normaliz 3.9.3\"" -DPACKAGE_BUGREPORT=\"https://github.com/Normaliz/Normaliz/issues\" -DPACKAGE_URL=\"https://www.normaliz.uni-osnabrueck.de\" -DPACKAGE=\"normaliz\" -DVERSION=\"3.9.3\" -DSTDC_HEADERS=1 -DHAVE_SYS_TYPES_H=1 -DHAVE_SYS_STAT_H=1 -DHAVE_STDLIB_H=1 -DHAVE_STRING_H=1 -DHAVE_MEMORY_H=1 -DHAVE_STRINGS_H=1 -DHAVE_INTTYPES_H=1 -DHAVE_STDINT_H=1 -DHAVE_UNISTD_H=1 -DHAVE_DLFCN_H=1 -DLT_OBJDIR=\".libs/\" -DHAVE_CXX14=1 -DHAVE___BUILTIN_CTZLL=1 -DHAVE___BUILTIN_POPCOUNTLL=1 -DSIZEOF_LONG_LONG=8 -DHAVE_GMPXX=1 -DDEFINE_NORMALIZ_DLL=1 -I. -I../source -I/opt/homebrew/include -Wall -pedantic -Wno-unknown-pragmas -Wno-sign-compare -g -O2 -MT libnormaliz/full_cone.lo -MD -MP -MF libnormaliz/.deps/full_cone.Tpo -c libnormaliz/full_cone.cpp -o libnormaliz/full_cone.o >/dev/null 2>&1
libtool: compile:  g++ -DPACKAGE_NAME=\"Normaliz\" -DPACKAGE_TARNAME=\"normaliz\" -DPACKAGE_VERSION=\"3.9.3\" "-DPACKAGE_STRING=\"Normaliz 3.9.3\"" -DPACKAGE_BUGREPORT=\"https://github.com/Normaliz/Normaliz/issues\" -DPACKAGE_URL=\"https://www.normaliz.uni-osnabrueck.de\" -DPACKAGE=\"normaliz\" -DVERSION=\"3.9.3\" -DSTDC_HEADERS=1 -DHAVE_SYS_TYPES_H=1 -DHAVE_SYS_STAT_H=1 -DHAVE_STDLIB_H=1 -DHAVE_STRING_H=1 -DHAVE_MEMORY_H=1 -DHAVE_STRINGS_H=1 -DHAVE_INTTYPES_H=1 -DHAVE_STDINT_H=1 -DHAVE_UNISTD_H=1 -DHAVE_DLFCN_H=1 -DLT_OBJDIR=\".libs/\" -DHAVE_CXX14=1 -DHAVE___BUILTIN_CTZLL=1 -DHAVE___BUILTIN_POPCOUNTLL=1 -DSIZEOF_LONG_LONG=8 -DHAVE_GMPXX=1 -DDEFINE_NORMALIZ_DLL=1 -I. -I../source -I/opt/homebrew/include -Wall -pedantic -Wno-unknown-pragmas -Wno-sign-compare -g -O2 -MT libnormaliz/options.lo -MD -MP -MF libnormaliz/.deps/options.Tpo -c libnormaliz/options.cpp  -fno-common -DPIC -o libnormaliz/.libs/options.o
libtool: compile:  g++ -DPACKAGE_NAME=\"Normaliz\" -DPACKAGE_TARNAME=\"normaliz\" -DPACKAGE_VERSION=\"3.9.3\" "-DPACKAGE_STRING=\"Normaliz 3.9.3\"" -DPACKAGE_BUGREPORT=\"https://github.com/Normaliz/Normaliz/issues\" -DPACKAGE_URL=\"https://www.normaliz.uni-osnabrueck.de\" -DPACKAGE=\"normaliz\" -DVERSION=\"3.9.3\" -DSTDC_HEADERS=1 -DHAVE_SYS_TYPES_H=1 -DHAVE_SYS_STAT_H=1 -DHAVE_STDLIB_H=1 -DHAVE_STRING_H=1 -DHAVE_MEMORY_H=1 -DHAVE_STRINGS_H=1 -DHAVE_INTTYPES_H=1 -DHAVE_STDINT_H=1 -DHAVE_UNISTD_H=1 -DHAVE_DLFCN_H=1 -DLT_OBJDIR=\".libs/\" -DHAVE_CXX14=1 -DHAVE___BUILTIN_CTZLL=1 -DHAVE___BUILTIN_POPCOUNTLL=1 -DSIZEOF_LONG_LONG=8 -DHAVE_GMPXX=1 -DDEFINE_NORMALIZ_DLL=1 -I. -I../source -I/opt/homebrew/include -Wall -pedantic -Wno-unknown-pragmas -Wno-sign-compare -g -O2 -MT libnormaliz/options.lo -MD -MP -MF libnormaliz/.deps/options.Tpo -c libnormaliz/options.cpp -o libnormaliz/options.o >/dev/null 2>&1
depbase=`echo libnormaliz/output.lo | sed 's|[^/]*$|.deps/&|;s|\.lo$||'`;\
	/bin/sh ../libtool  --tag=CXX   --mode=compile g++ -DPACKAGE_NAME=\"Normaliz\" -DPACKAGE_TARNAME=\"normaliz\" -DPACKAGE_VERSION=\"3.9.3\" -DPACKAGE_STRING=\"Normaliz\ 3.9.3\" -DPACKAGE_BUGREPORT=\"https://github.com/Normaliz/Normaliz/issues\" -DPACKAGE_URL=\"https://www.normaliz.uni-osnabrueck.de\" -DPACKAGE=\"normaliz\" -DVERSION=\"3.9.3\" -DSTDC_HEADERS=1 -DHAVE_SYS_TYPES_H=1 -DHAVE_SYS_STAT_H=1 -DHAVE_STDLIB_H=1 -DHAVE_STRING_H=1 -DHAVE_MEMORY_H=1 -DHAVE_STRINGS_H=1 -DHAVE_INTTYPES_H=1 -DHAVE_STDINT_H=1 -DHAVE_UNISTD_H=1 -DHAVE_DLFCN_H=1 -DLT_OBJDIR=\".libs/\" -DHAVE_CXX14=1 -DHAVE___BUILTIN_CTZLL=1 -DHAVE___BUILTIN_POPCOUNTLL=1 -DSIZEOF_LONG_LONG=8 -DHAVE_GMPXX=1 -DDEFINE_NORMALIZ_DLL=1 -I.  -I../source -I/opt/homebrew/include  -Wall -pedantic -Wno-unknown-pragmas -Wno-sign-compare  -g -O2 -MT libnormaliz/output.lo -MD -MP -MF $depbase.Tpo -c -o libnormaliz/output.lo libnormaliz/output.cpp &&\
	mv -f $depbase.Tpo $depbase.Plo
libtool: compile:  g++ -DPACKAGE_NAME=\"Normaliz\" -DPACKAGE_TARNAME=\"normaliz\" -DPACKAGE_VERSION=\"3.9.3\" "-DPACKAGE_STRING=\"Normaliz 3.9.3\"" -DPACKAGE_BUGREPORT=\"https://github.com/Normaliz/Normaliz/issues\" -DPACKAGE_URL=\"https://www.normaliz.uni-osnabrueck.de\" -DPACKAGE=\"normaliz\" -DVERSION=\"3.9.3\" -DSTDC_HEADERS=1 -DHAVE_SYS_TYPES_H=1 -DHAVE_SYS_STAT_H=1 -DHAVE_STDLIB_H=1 -DHAVE_STRING_H=1 -DHAVE_MEMORY_H=1 -DHAVE_STRINGS_H=1 -DHAVE_INTTYPES_H=1 -DHAVE_STDINT_H=1 -DHAVE_UNISTD_H=1 -DHAVE_DLFCN_H=1 -DLT_OBJDIR=\".libs/\" -DHAVE_CXX14=1 -DHAVE___BUILTIN_CTZLL=1 -DHAVE___BUILTIN_POPCOUNTLL=1 -DSIZEOF_LONG_LONG=8 -DHAVE_GMPXX=1 -DDEFINE_NORMALIZ_DLL=1 -I. -I../source -I/opt/homebrew/include -Wall -pedantic -Wno-unknown-pragmas -Wno-sign-compare -g -O2 -MT libnormaliz/output.lo -MD -MP -MF libnormaliz/.deps/output.Tpo -c libnormaliz/output.cpp  -fno-common -DPIC -o libnormaliz/.libs/output.o
libtool: compile:  g++ -DPACKAGE_NAME=\"Normaliz\" -DPACKAGE_TARNAME=\"normaliz\" -DPACKAGE_VERSION=\"3.9.3\" "-DPACKAGE_STRING=\"Normaliz 3.9.3\"" -DPACKAGE_BUGREPORT=\"https://github.com/Normaliz/Normaliz/issues\" -DPACKAGE_URL=\"https://www.normaliz.uni-osnabrueck.de\" -DPACKAGE=\"normaliz\" -DVERSION=\"3.9.3\" -DSTDC_HEADERS=1 -DHAVE_SYS_TYPES_H=1 -DHAVE_SYS_STAT_H=1 -DHAVE_STDLIB_H=1 -DHAVE_STRING_H=1 -DHAVE_MEMORY_H=1 -DHAVE_STRINGS_H=1 -DHAVE_INTTYPES_H=1 -DHAVE_STDINT_H=1 -DHAVE_UNISTD_H=1 -DHAVE_DLFCN_H=1 -DLT_OBJDIR=\".libs/\" -DHAVE_CXX14=1 -DHAVE___BUILTIN_CTZLL=1 -DHAVE___BUILTIN_POPCOUNTLL=1 -DSIZEOF_LONG_LONG=8 -DHAVE_GMPXX=1 -DDEFINE_NORMALIZ_DLL=1 -I. -I../source -I/opt/homebrew/include -Wall -pedantic -Wno-unknown-pragmas -Wno-sign-compare -g -O2 -MT libnormaliz/matrix.lo -MD -MP -MF libnormaliz/.deps/matrix.Tpo -c libnormaliz/matrix.cpp -o libnormaliz/matrix.o >/dev/null 2>&1
libtool: compile:  g++ -DPACKAGE_NAME=\"Normaliz\" -DPACKAGE_TARNAME=\"normaliz\" -DPACKAGE_VERSION=\"3.9.3\" "-DPACKAGE_STRING=\"Normaliz 3.9.3\"" -DPACKAGE_BUGREPORT=\"https://github.com/Normaliz/Normaliz/issues\" -DPACKAGE_URL=\"https://www.normaliz.uni-osnabrueck.de\" -DPACKAGE=\"normaliz\" -DVERSION=\"3.9.3\" -DSTDC_HEADERS=1 -DHAVE_SYS_TYPES_H=1 -DHAVE_SYS_STAT_H=1 -DHAVE_STDLIB_H=1 -DHAVE_STRING_H=1 -DHAVE_MEMORY_H=1 -DHAVE_STRINGS_H=1 -DHAVE_INTTYPES_H=1 -DHAVE_STDINT_H=1 -DHAVE_UNISTD_H=1 -DHAVE_DLFCN_H=1 -DLT_OBJDIR=\".libs/\" -DHAVE_CXX14=1 -DHAVE___BUILTIN_CTZLL=1 -DHAVE___BUILTIN_POPCOUNTLL=1 -DSIZEOF_LONG_LONG=8 -DHAVE_GMPXX=1 -DDEFINE_NORMALIZ_DLL=1 -I. -I../source -I/opt/homebrew/include -Wall -pedantic -Wno-unknown-pragmas -Wno-sign-compare -g -O2 -MT libnormaliz/output.lo -MD -MP -MF libnormaliz/.deps/output.Tpo -c libnormaliz/output.cpp -o libnormaliz/output.o >/dev/null 2>&1
depbase=`echo libnormaliz/project_and_lift.lo | sed 's|[^/]*$|.deps/&|;s|\.lo$||'`;\
	/bin/sh ../libtool  --tag=CXX   --mode=compile g++ -DPACKAGE_NAME=\"Normaliz\" -DPACKAGE_TARNAME=\"normaliz\" -DPACKAGE_VERSION=\"3.9.3\" -DPACKAGE_STRING=\"Normaliz\ 3.9.3\" -DPACKAGE_BUGREPORT=\"https://github.com/Normaliz/Normaliz/issues\" -DPACKAGE_URL=\"https://www.normaliz.uni-osnabrueck.de\" -DPACKAGE=\"normaliz\" -DVERSION=\"3.9.3\" -DSTDC_HEADERS=1 -DHAVE_SYS_TYPES_H=1 -DHAVE_SYS_STAT_H=1 -DHAVE_STDLIB_H=1 -DHAVE_STRING_H=1 -DHAVE_MEMORY_H=1 -DHAVE_STRINGS_H=1 -DHAVE_INTTYPES_H=1 -DHAVE_STDINT_H=1 -DHAVE_UNISTD_H=1 -DHAVE_DLFCN_H=1 -DLT_OBJDIR=\".libs/\" -DHAVE_CXX14=1 -DHAVE___BUILTIN_CTZLL=1 -DHAVE___BUILTIN_POPCOUNTLL=1 -DSIZEOF_LONG_LONG=8 -DHAVE_GMPXX=1 -DDEFINE_NORMALIZ_DLL=1 -I.  -I../source -I/opt/homebrew/include  -Wall -pedantic -Wno-unknown-pragmas -Wno-sign-compare  -g -O2 -MT libnormaliz/project_and_lift.lo -MD -MP -MF $depbase.Tpo -c -o libnormaliz/project_and_lift.lo libnormaliz/project_and_lift.cpp &&\
	mv -f $depbase.Tpo $depbase.Plo
libtool: compile:  g++ -DPACKAGE_NAME=\"Normaliz\" -DPACKAGE_TARNAME=\"normaliz\" -DPACKAGE_VERSION=\"3.9.3\" "-DPACKAGE_STRING=\"Normaliz 3.9.3\"" -DPACKAGE_BUGREPORT=\"https://github.com/Normaliz/Normaliz/issues\" -DPACKAGE_URL=\"https://www.normaliz.uni-osnabrueck.de\" -DPACKAGE=\"normaliz\" -DVERSION=\"3.9.3\" -DSTDC_HEADERS=1 -DHAVE_SYS_TYPES_H=1 -DHAVE_SYS_STAT_H=1 -DHAVE_STDLIB_H=1 -DHAVE_STRING_H=1 -DHAVE_MEMORY_H=1 -DHAVE_STRINGS_H=1 -DHAVE_INTTYPES_H=1 -DHAVE_STDINT_H=1 -DHAVE_UNISTD_H=1 -DHAVE_DLFCN_H=1 -DLT_OBJDIR=\".libs/\" -DHAVE_CXX14=1 -DHAVE___BUILTIN_CTZLL=1 -DHAVE___BUILTIN_POPCOUNTLL=1 -DSIZEOF_LONG_LONG=8 -DHAVE_GMPXX=1 -DDEFINE_NORMALIZ_DLL=1 -I. -I../source -I/opt/homebrew/include -Wall -pedantic -Wno-unknown-pragmas -Wno-sign-compare -g -O2 -MT libnormaliz/project_and_lift.lo -MD -MP -MF libnormaliz/.deps/project_and_lift.Tpo -c libnormaliz/project_and_lift.cpp  -fno-common -DPIC -o libnormaliz/.libs/project_and_lift.o
depbase=`echo libnormaliz/reduction.lo | sed 's|[^/]*$|.deps/&|;s|\.lo$||'`;\
	/bin/sh ../libtool  --tag=CXX   --mode=compile g++ -DPACKAGE_NAME=\"Normaliz\" -DPACKAGE_TARNAME=\"normaliz\" -DPACKAGE_VERSION=\"3.9.3\" -DPACKAGE_STRING=\"Normaliz\ 3.9.3\" -DPACKAGE_BUGREPORT=\"https://github.com/Normaliz/Normaliz/issues\" -DPACKAGE_URL=\"https://www.normaliz.uni-osnabrueck.de\" -DPACKAGE=\"normaliz\" -DVERSION=\"3.9.3\" -DSTDC_HEADERS=1 -DHAVE_SYS_TYPES_H=1 -DHAVE_SYS_STAT_H=1 -DHAVE_STDLIB_H=1 -DHAVE_STRING_H=1 -DHAVE_MEMORY_H=1 -DHAVE_STRINGS_H=1 -DHAVE_INTTYPES_H=1 -DHAVE_STDINT_H=1 -DHAVE_UNISTD_H=1 -DHAVE_DLFCN_H=1 -DLT_OBJDIR=\".libs/\" -DHAVE_CXX14=1 -DHAVE___BUILTIN_CTZLL=1 -DHAVE___BUILTIN_POPCOUNTLL=1 -DSIZEOF_LONG_LONG=8 -DHAVE_GMPXX=1 -DDEFINE_NORMALIZ_DLL=1 -I.  -I../source -I/opt/homebrew/include  -Wall -pedantic -Wno-unknown-pragmas -Wno-sign-compare  -g -O2 -MT libnormaliz/reduction.lo -MD -MP -MF $depbase.Tpo -c -o libnormaliz/reduction.lo libnormaliz/reduction.cpp &&\
	mv -f $depbase.Tpo $depbase.Plo
libtool: compile:  g++ -DPACKAGE_NAME=\"Normaliz\" -DPACKAGE_TARNAME=\"normaliz\" -DPACKAGE_VERSION=\"3.9.3\" "-DPACKAGE_STRING=\"Normaliz 3.9.3\"" -DPACKAGE_BUGREPORT=\"https://github.com/Normaliz/Normaliz/issues\" -DPACKAGE_URL=\"https://www.normaliz.uni-osnabrueck.de\" -DPACKAGE=\"normaliz\" -DVERSION=\"3.9.3\" -DSTDC_HEADERS=1 -DHAVE_SYS_TYPES_H=1 -DHAVE_SYS_STAT_H=1 -DHAVE_STDLIB_H=1 -DHAVE_STRING_H=1 -DHAVE_MEMORY_H=1 -DHAVE_STRINGS_H=1 -DHAVE_INTTYPES_H=1 -DHAVE_STDINT_H=1 -DHAVE_UNISTD_H=1 -DHAVE_DLFCN_H=1 -DLT_OBJDIR=\".libs/\" -DHAVE_CXX14=1 -DHAVE___BUILTIN_CTZLL=1 -DHAVE___BUILTIN_POPCOUNTLL=1 -DSIZEOF_LONG_LONG=8 -DHAVE_GMPXX=1 -DDEFINE_NORMALIZ_DLL=1 -I. -I../source -I/opt/homebrew/include -Wall -pedantic -Wno-unknown-pragmas -Wno-sign-compare -g -O2 -MT libnormaliz/reduction.lo -MD -MP -MF libnormaliz/.deps/reduction.Tpo -c libnormaliz/reduction.cpp  -fno-common -DPIC -o libnormaliz/.libs/reduction.o
libtool: compile:  g++ -DPACKAGE_NAME=\"Normaliz\" -DPACKAGE_TARNAME=\"normaliz\" -DPACKAGE_VERSION=\"3.9.3\" "-DPACKAGE_STRING=\"Normaliz 3.9.3\"" -DPACKAGE_BUGREPORT=\"https://github.com/Normaliz/Normaliz/issues\" -DPACKAGE_URL=\"https://www.normaliz.uni-osnabrueck.de\" -DPACKAGE=\"normaliz\" -DVERSION=\"3.9.3\" -DSTDC_HEADERS=1 -DHAVE_SYS_TYPES_H=1 -DHAVE_SYS_STAT_H=1 -DHAVE_STDLIB_H=1 -DHAVE_STRING_H=1 -DHAVE_MEMORY_H=1 -DHAVE_STRINGS_H=1 -DHAVE_INTTYPES_H=1 -DHAVE_STDINT_H=1 -DHAVE_UNISTD_H=1 -DHAVE_DLFCN_H=1 -DLT_OBJDIR=\".libs/\" -DHAVE_CXX14=1 -DHAVE___BUILTIN_CTZLL=1 -DHAVE___BUILTIN_POPCOUNTLL=1 -DSIZEOF_LONG_LONG=8 -DHAVE_GMPXX=1 -DDEFINE_NORMALIZ_DLL=1 -I. -I../source -I/opt/homebrew/include -Wall -pedantic -Wno-unknown-pragmas -Wno-sign-compare -g -O2 -MT libnormaliz/reduction.lo -MD -MP -MF libnormaliz/.deps/reduction.Tpo -c libnormaliz/reduction.cpp -o libnormaliz/reduction.o >/dev/null 2>&1
depbase=`echo libnormaliz/signed_dec.lo | sed 's|[^/]*$|.deps/&|;s|\.lo$||'`;\
	/bin/sh ../libtool  --tag=CXX   --mode=compile g++ -DPACKAGE_NAME=\"Normaliz\" -DPACKAGE_TARNAME=\"normaliz\" -DPACKAGE_VERSION=\"3.9.3\" -DPACKAGE_STRING=\"Normaliz\ 3.9.3\" -DPACKAGE_BUGREPORT=\"https://github.com/Normaliz/Normaliz/issues\" -DPACKAGE_URL=\"https://www.normaliz.uni-osnabrueck.de\" -DPACKAGE=\"normaliz\" -DVERSION=\"3.9.3\" -DSTDC_HEADERS=1 -DHAVE_SYS_TYPES_H=1 -DHAVE_SYS_STAT_H=1 -DHAVE_STDLIB_H=1 -DHAVE_STRING_H=1 -DHAVE_MEMORY_H=1 -DHAVE_STRINGS_H=1 -DHAVE_INTTYPES_H=1 -DHAVE_STDINT_H=1 -DHAVE_UNISTD_H=1 -DHAVE_DLFCN_H=1 -DLT_OBJDIR=\".libs/\" -DHAVE_CXX14=1 -DHAVE___BUILTIN_CTZLL=1 -DHAVE___BUILTIN_POPCOUNTLL=1 -DSIZEOF_LONG_LONG=8 -DHAVE_GMPXX=1 -DDEFINE_NORMALIZ_DLL=1 -I.  -I../source -I/opt/homebrew/include  -Wall -pedantic -Wno-unknown-pragmas -Wno-sign-compare  -g -O2 -MT libnormaliz/signed_dec.lo -MD -MP -MF $depbase.Tpo -c -o libnormaliz/signed_dec.lo libnormaliz/signed_dec.cpp &&\
	mv -f $depbase.Tpo $depbase.Plo
libtool: compile:  g++ -DPACKAGE_NAME=\"Normaliz\" -DPACKAGE_TARNAME=\"normaliz\" -DPACKAGE_VERSION=\"3.9.3\" "-DPACKAGE_STRING=\"Normaliz 3.9.3\"" -DPACKAGE_BUGREPORT=\"https://github.com/Normaliz/Normaliz/issues\" -DPACKAGE_URL=\"https://www.normaliz.uni-osnabrueck.de\" -DPACKAGE=\"normaliz\" -DVERSION=\"3.9.3\" -DSTDC_HEADERS=1 -DHAVE_SYS_TYPES_H=1 -DHAVE_SYS_STAT_H=1 -DHAVE_STDLIB_H=1 -DHAVE_STRING_H=1 -DHAVE_MEMORY_H=1 -DHAVE_STRINGS_H=1 -DHAVE_INTTYPES_H=1 -DHAVE_STDINT_H=1 -DHAVE_UNISTD_H=1 -DHAVE_DLFCN_H=1 -DLT_OBJDIR=\".libs/\" -DHAVE_CXX14=1 -DHAVE___BUILTIN_CTZLL=1 -DHAVE___BUILTIN_POPCOUNTLL=1 -DSIZEOF_LONG_LONG=8 -DHAVE_GMPXX=1 -DDEFINE_NORMALIZ_DLL=1 -I. -I../source -I/opt/homebrew/include -Wall -pedantic -Wno-unknown-pragmas -Wno-sign-compare -g -O2 -MT libnormaliz/signed_dec.lo -MD -MP -MF libnormaliz/.deps/signed_dec.Tpo -c libnormaliz/signed_dec.cpp  -fno-common -DPIC -o libnormaliz/.libs/signed_dec.o
depbase=`echo libnormaliz/simplex.lo | sed 's|[^/]*$|.deps/&|;s|\.lo$||'`;\
	/bin/sh ../libtool  --tag=CXX   --mode=compile g++ -DPACKAGE_NAME=\"Normaliz\" -DPACKAGE_TARNAME=\"normaliz\" -DPACKAGE_VERSION=\"3.9.3\" -DPACKAGE_STRING=\"Normaliz\ 3.9.3\" -DPACKAGE_BUGREPORT=\"https://github.com/Normaliz/Normaliz/issues\" -DPACKAGE_URL=\"https://www.normaliz.uni-osnabrueck.de\" -DPACKAGE=\"normaliz\" -DVERSION=\"3.9.3\" -DSTDC_HEADERS=1 -DHAVE_SYS_TYPES_H=1 -DHAVE_SYS_STAT_H=1 -DHAVE_STDLIB_H=1 -DHAVE_STRING_H=1 -DHAVE_MEMORY_H=1 -DHAVE_STRINGS_H=1 -DHAVE_INTTYPES_H=1 -DHAVE_STDINT_H=1 -DHAVE_UNISTD_H=1 -DHAVE_DLFCN_H=1 -DLT_OBJDIR=\".libs/\" -DHAVE_CXX14=1 -DHAVE___BUILTIN_CTZLL=1 -DHAVE___BUILTIN_POPCOUNTLL=1 -DSIZEOF_LONG_LONG=8 -DHAVE_GMPXX=1 -DDEFINE_NORMALIZ_DLL=1 -I.  -I../source -I/opt/homebrew/include  -Wall -pedantic -Wno-unknown-pragmas -Wno-sign-compare  -g -O2 -MT libnormaliz/simplex.lo -MD -MP -MF $depbase.Tpo -c -o libnormaliz/simplex.lo libnormaliz/simplex.cpp &&\
	mv -f $depbase.Tpo $depbase.Plo
libtool: compile:  g++ -DPACKAGE_NAME=\"Normaliz\" -DPACKAGE_TARNAME=\"normaliz\" -DPACKAGE_VERSION=\"3.9.3\" "-DPACKAGE_STRING=\"Normaliz 3.9.3\"" -DPACKAGE_BUGREPORT=\"https://github.com/Normaliz/Normaliz/issues\" -DPACKAGE_URL=\"https://www.normaliz.uni-osnabrueck.de\" -DPACKAGE=\"normaliz\" -DVERSION=\"3.9.3\" -DSTDC_HEADERS=1 -DHAVE_SYS_TYPES_H=1 -DHAVE_SYS_STAT_H=1 -DHAVE_STDLIB_H=1 -DHAVE_STRING_H=1 -DHAVE_MEMORY_H=1 -DHAVE_STRINGS_H=1 -DHAVE_INTTYPES_H=1 -DHAVE_STDINT_H=1 -DHAVE_UNISTD_H=1 -DHAVE_DLFCN_H=1 -DLT_OBJDIR=\".libs/\" -DHAVE_CXX14=1 -DHAVE___BUILTIN_CTZLL=1 -DHAVE___BUILTIN_POPCOUNTLL=1 -DSIZEOF_LONG_LONG=8 -DHAVE_GMPXX=1 -DDEFINE_NORMALIZ_DLL=1 -I. -I../source -I/opt/homebrew/include -Wall -pedantic -Wno-unknown-pragmas -Wno-sign-compare -g -O2 -MT libnormaliz/simplex.lo -MD -MP -MF libnormaliz/.deps/simplex.Tpo -c libnormaliz/simplex.cpp  -fno-common -DPIC -o libnormaliz/.libs/simplex.o
depbase=`echo libnormaliz/sublattice_representation.lo | sed 's|[^/]*$|.deps/&|;s|\.lo$||'`;\
	/bin/sh ../libtool  --tag=CXX   --mode=compile g++ -DPACKAGE_NAME=\"Normaliz\" -DPACKAGE_TARNAME=\"normaliz\" -DPACKAGE_VERSION=\"3.9.3\" -DPACKAGE_STRING=\"Normaliz\ 3.9.3\" -DPACKAGE_BUGREPORT=\"https://github.com/Normaliz/Normaliz/issues\" -DPACKAGE_URL=\"https://www.normaliz.uni-osnabrueck.de\" -DPACKAGE=\"normaliz\" -DVERSION=\"3.9.3\" -DSTDC_HEADERS=1 -DHAVE_SYS_TYPES_H=1 -DHAVE_SYS_STAT_H=1 -DHAVE_STDLIB_H=1 -DHAVE_STRING_H=1 -DHAVE_MEMORY_H=1 -DHAVE_STRINGS_H=1 -DHAVE_INTTYPES_H=1 -DHAVE_STDINT_H=1 -DHAVE_UNISTD_H=1 -DHAVE_DLFCN_H=1 -DLT_OBJDIR=\".libs/\" -DHAVE_CXX14=1 -DHAVE___BUILTIN_CTZLL=1 -DHAVE___BUILTIN_POPCOUNTLL=1 -DSIZEOF_LONG_LONG=8 -DHAVE_GMPXX=1 -DDEFINE_NORMALIZ_DLL=1 -I.  -I../source -I/opt/homebrew/include  -Wall -pedantic -Wno-unknown-pragmas -Wno-sign-compare  -g -O2 -MT libnormaliz/sublattice_representation.lo -MD -MP -MF $depbase.Tpo -c -o libnormaliz/sublattice_representation.lo libnormaliz/sublattice_representation.cpp &&\
	mv -f $depbase.Tpo $depbase.Plo
libtool: compile:  g++ -DPACKAGE_NAME=\"Normaliz\" -DPACKAGE_TARNAME=\"normaliz\" -DPACKAGE_VERSION=\"3.9.3\" "-DPACKAGE_STRING=\"Normaliz 3.9.3\"" -DPACKAGE_BUGREPORT=\"https://github.com/Normaliz/Normaliz/issues\" -DPACKAGE_URL=\"https://www.normaliz.uni-osnabrueck.de\" -DPACKAGE=\"normaliz\" -DVERSION=\"3.9.3\" -DSTDC_HEADERS=1 -DHAVE_SYS_TYPES_H=1 -DHAVE_SYS_STAT_H=1 -DHAVE_STDLIB_H=1 -DHAVE_STRING_H=1 -DHAVE_MEMORY_H=1 -DHAVE_STRINGS_H=1 -DHAVE_INTTYPES_H=1 -DHAVE_STDINT_H=1 -DHAVE_UNISTD_H=1 -DHAVE_DLFCN_H=1 -DLT_OBJDIR=\".libs/\" -DHAVE_CXX14=1 -DHAVE___BUILTIN_CTZLL=1 -DHAVE___BUILTIN_POPCOUNTLL=1 -DSIZEOF_LONG_LONG=8 -DHAVE_GMPXX=1 -DDEFINE_NORMALIZ_DLL=1 -I. -I../source -I/opt/homebrew/include -Wall -pedantic -Wno-unknown-pragmas -Wno-sign-compare -g -O2 -MT libnormaliz/signed_dec.lo -MD -MP -MF libnormaliz/.deps/signed_dec.Tpo -c libnormaliz/signed_dec.cpp -o libnormaliz/signed_dec.o >/dev/null 2>&1
libtool: compile:  g++ -DPACKAGE_NAME=\"Normaliz\" -DPACKAGE_TARNAME=\"normaliz\" -DPACKAGE_VERSION=\"3.9.3\" "-DPACKAGE_STRING=\"Normaliz 3.9.3\"" -DPACKAGE_BUGREPORT=\"https://github.com/Normaliz/Normaliz/issues\" -DPACKAGE_URL=\"https://www.normaliz.uni-osnabrueck.de\" -DPACKAGE=\"normaliz\" -DVERSION=\"3.9.3\" -DSTDC_HEADERS=1 -DHAVE_SYS_TYPES_H=1 -DHAVE_SYS_STAT_H=1 -DHAVE_STDLIB_H=1 -DHAVE_STRING_H=1 -DHAVE_MEMORY_H=1 -DHAVE_STRINGS_H=1 -DHAVE_INTTYPES_H=1 -DHAVE_STDINT_H=1 -DHAVE_UNISTD_H=1 -DHAVE_DLFCN_H=1 -DLT_OBJDIR=\".libs/\" -DHAVE_CXX14=1 -DHAVE___BUILTIN_CTZLL=1 -DHAVE___BUILTIN_POPCOUNTLL=1 -DSIZEOF_LONG_LONG=8 -DHAVE_GMPXX=1 -DDEFINE_NORMALIZ_DLL=1 -I. -I../source -I/opt/homebrew/include -Wall -pedantic -Wno-unknown-pragmas -Wno-sign-compare -g -O2 -MT libnormaliz/sublattice_representation.lo -MD -MP -MF libnormaliz/.deps/sublattice_representation.Tpo -c libnormaliz/sublattice_representation.cpp  -fno-common -DPIC -o libnormaliz/.libs/sublattice_representation.o
libtool: compile:  g++ -DPACKAGE_NAME=\"Normaliz\" -DPACKAGE_TARNAME=\"normaliz\" -DPACKAGE_VERSION=\"3.9.3\" "-DPACKAGE_STRING=\"Normaliz 3.9.3\"" -DPACKAGE_BUGREPORT=\"https://github.com/Normaliz/Normaliz/issues\" -DPACKAGE_URL=\"https://www.normaliz.uni-osnabrueck.de\" -DPACKAGE=\"normaliz\" -DVERSION=\"3.9.3\" -DSTDC_HEADERS=1 -DHAVE_SYS_TYPES_H=1 -DHAVE_SYS_STAT_H=1 -DHAVE_STDLIB_H=1 -DHAVE_STRING_H=1 -DHAVE_MEMORY_H=1 -DHAVE_STRINGS_H=1 -DHAVE_INTTYPES_H=1 -DHAVE_STDINT_H=1 -DHAVE_UNISTD_H=1 -DHAVE_DLFCN_H=1 -DLT_OBJDIR=\".libs/\" -DHAVE_CXX14=1 -DHAVE___BUILTIN_CTZLL=1 -DHAVE___BUILTIN_POPCOUNTLL=1 -DSIZEOF_LONG_LONG=8 -DHAVE_GMPXX=1 -DDEFINE_NORMALIZ_DLL=1 -I. -I../source -I/opt/homebrew/include -Wall -pedantic -Wno-unknown-pragmas -Wno-sign-compare -g -O2 -MT libnormaliz/project_and_lift.lo -MD -MP -MF libnormaliz/.deps/project_and_lift.Tpo -c libnormaliz/project_and_lift.cpp -o libnormaliz/project_and_lift.o >/dev/null 2>&1
libtool: compile:  g++ -DPACKAGE_NAME=\"Normaliz\" -DPACKAGE_TARNAME=\"normaliz\" -DPACKAGE_VERSION=\"3.9.3\" "-DPACKAGE_STRING=\"Normaliz 3.9.3\"" -DPACKAGE_BUGREPORT=\"https://github.com/Normaliz/Normaliz/issues\" -DPACKAGE_URL=\"https://www.normaliz.uni-osnabrueck.de\" -DPACKAGE=\"normaliz\" -DVERSION=\"3.9.3\" -DSTDC_HEADERS=1 -DHAVE_SYS_TYPES_H=1 -DHAVE_SYS_STAT_H=1 -DHAVE_STDLIB_H=1 -DHAVE_STRING_H=1 -DHAVE_MEMORY_H=1 -DHAVE_STRINGS_H=1 -DHAVE_INTTYPES_H=1 -DHAVE_STDINT_H=1 -DHAVE_UNISTD_H=1 -DHAVE_DLFCN_H=1 -DLT_OBJDIR=\".libs/\" -DHAVE_CXX14=1 -DHAVE___BUILTIN_CTZLL=1 -DHAVE___BUILTIN_POPCOUNTLL=1 -DSIZEOF_LONG_LONG=8 -DHAVE_GMPXX=1 -DDEFINE_NORMALIZ_DLL=1 -I. -I../source -I/opt/homebrew/include -Wall -pedantic -Wno-unknown-pragmas -Wno-sign-compare -g -O2 -MT libnormaliz/sublattice_representation.lo -MD -MP -MF libnormaliz/.deps/sublattice_representation.Tpo -c libnormaliz/sublattice_representation.cpp -o libnormaliz/sublattice_representation.o >/dev/null 2>&1
libtool: compile:  g++ -DPACKAGE_NAME=\"Normaliz\" -DPACKAGE_TARNAME=\"normaliz\" -DPACKAGE_VERSION=\"3.9.3\" "-DPACKAGE_STRING=\"Normaliz 3.9.3\"" -DPACKAGE_BUGREPORT=\"https://github.com/Normaliz/Normaliz/issues\" -DPACKAGE_URL=\"https://www.normaliz.uni-osnabrueck.de\" -DPACKAGE=\"normaliz\" -DVERSION=\"3.9.3\" -DSTDC_HEADERS=1 -DHAVE_SYS_TYPES_H=1 -DHAVE_SYS_STAT_H=1 -DHAVE_STDLIB_H=1 -DHAVE_STRING_H=1 -DHAVE_MEMORY_H=1 -DHAVE_STRINGS_H=1 -DHAVE_INTTYPES_H=1 -DHAVE_STDINT_H=1 -DHAVE_UNISTD_H=1 -DHAVE_DLFCN_H=1 -DLT_OBJDIR=\".libs/\" -DHAVE_CXX14=1 -DHAVE___BUILTIN_CTZLL=1 -DHAVE___BUILTIN_POPCOUNTLL=1 -DSIZEOF_LONG_LONG=8 -DHAVE_GMPXX=1 -DDEFINE_NORMALIZ_DLL=1 -I. -I../source -I/opt/homebrew/include -Wall -pedantic -Wno-unknown-pragmas -Wno-sign-compare -g -O2 -MT libnormaliz/simplex.lo -MD -MP -MF libnormaliz/.deps/simplex.Tpo -c libnormaliz/simplex.cpp -o libnormaliz/simplex.o >/dev/null 2>&1
depbase=`echo maxsimplex/maxsimplex.o | sed 's|[^/]*$|.deps/&|;s|\.o$||'`;\
	g++ -DPACKAGE_NAME=\"Normaliz\" -DPACKAGE_TARNAME=\"normaliz\" -DPACKAGE_VERSION=\"3.9.3\" -DPACKAGE_STRING=\"Normaliz\ 3.9.3\" -DPACKAGE_BUGREPORT=\"https://github.com/Normaliz/Normaliz/issues\" -DPACKAGE_URL=\"https://www.normaliz.uni-osnabrueck.de\" -DPACKAGE=\"normaliz\" -DVERSION=\"3.9.3\" -DSTDC_HEADERS=1 -DHAVE_SYS_TYPES_H=1 -DHAVE_SYS_STAT_H=1 -DHAVE_STDLIB_H=1 -DHAVE_STRING_H=1 -DHAVE_MEMORY_H=1 -DHAVE_STRINGS_H=1 -DHAVE_INTTYPES_H=1 -DHAVE_STDINT_H=1 -DHAVE_UNISTD_H=1 -DHAVE_DLFCN_H=1 -DLT_OBJDIR=\".libs/\" -DHAVE_CXX14=1 -DHAVE___BUILTIN_CTZLL=1 -DHAVE___BUILTIN_POPCOUNTLL=1 -DSIZEOF_LONG_LONG=8 -DHAVE_GMPXX=1 -DDEFINE_NORMALIZ_DLL=1 -I.  -I../source -I/opt/homebrew/include  -Wall -pedantic -Wno-unknown-pragmas -Wno-sign-compare  -g -O2 -MT maxsimplex/maxsimplex.o -MD -MP -MF $depbase.Tpo -c -o maxsimplex/maxsimplex.o maxsimplex/maxsimplex.cpp &&\
	mv -f $depbase.Tpo $depbase.Po
depbase=`echo dynamic/dynamic.o | sed 's|[^/]*$|.deps/&|;s|\.o$||'`;\
	g++ -DPACKAGE_NAME=\"Normaliz\" -DPACKAGE_TARNAME=\"normaliz\" -DPACKAGE_VERSION=\"3.9.3\" -DPACKAGE_STRING=\"Normaliz\ 3.9.3\" -DPACKAGE_BUGREPORT=\"https://github.com/Normaliz/Normaliz/issues\" -DPACKAGE_URL=\"https://www.normaliz.uni-osnabrueck.de\" -DPACKAGE=\"normaliz\" -DVERSION=\"3.9.3\" -DSTDC_HEADERS=1 -DHAVE_SYS_TYPES_H=1 -DHAVE_SYS_STAT_H=1 -DHAVE_STDLIB_H=1 -DHAVE_STRING_H=1 -DHAVE_MEMORY_H=1 -DHAVE_STRINGS_H=1 -DHAVE_INTTYPES_H=1 -DHAVE_STDINT_H=1 -DHAVE_UNISTD_H=1 -DHAVE_DLFCN_H=1 -DLT_OBJDIR=\".libs/\" -DHAVE_CXX14=1 -DHAVE___BUILTIN_CTZLL=1 -DHAVE___BUILTIN_POPCOUNTLL=1 -DSIZEOF_LONG_LONG=8 -DHAVE_GMPXX=1 -DDEFINE_NORMALIZ_DLL=1 -I.  -I../source -I/opt/homebrew/include  -Wall -pedantic -Wno-unknown-pragmas -Wno-sign-compare  -g -O2 -MT dynamic/dynamic.o -MD -MP -MF $depbase.Tpo -c -o dynamic/dynamic.o dynamic/dynamic.cpp &&\
	mv -f $depbase.Tpo $depbase.Po
/bin/sh ../libtool  --tag=CXX   --mode=link g++ -Wall -pedantic -Wno-unknown-pragmas -Wno-sign-compare  -g -O2 -no-undefined -version-info 12:3:9 -L/opt/homebrew/lib  -o libnormaliz.la -rpath /Users/cheldt/Documents/Code/GAP/gap-4.14.0/pkg/normalizinterface/NormalizInstallDir/lib libnormaliz/automorph.lo libnormaliz/chunk.lo libnormaliz/collection.lo libnormaliz/cone_dual_mode.lo libnormaliz/cone_property.lo libnormaliz/cone.lo libnormaliz/descent.lo libnormaliz/face_lattice.lo libnormaliz/full_cone.lo libnormaliz/general.lo libnormaliz/HilbertSeries.lo libnormaliz/input.lo libnormaliz/matrix.lo libnormaliz/nmz_integral.lo libnormaliz/nmz_nauty.lo libnormaliz/nmz_hash.lo libnormaliz/offload_handler.lo libnormaliz/options.lo libnormaliz/output.lo libnormaliz/project_and_lift.lo libnormaliz/reduction.lo libnormaliz/signed_dec.lo libnormaliz/simplex.lo libnormaliz/sublattice_representation.lo      -lgmpxx -lgmp
libtool: link: g++ -r -keep_private_externs -nostdlib -o .libs/libnormaliz.3.dylib-master.o  libnormaliz/.libs/automorph.o libnormaliz/.libs/chunk.o libnormaliz/.libs/collection.o libnormaliz/.libs/cone_dual_mode.o libnormaliz/.libs/cone_property.o libnormaliz/.libs/cone.o libnormaliz/.libs/descent.o libnormaliz/.libs/face_lattice.o libnormaliz/.libs/full_cone.o libnormaliz/.libs/general.o libnormaliz/.libs/HilbertSeries.o libnormaliz/.libs/input.o libnormaliz/.libs/matrix.o libnormaliz/.libs/nmz_integral.o libnormaliz/.libs/nmz_nauty.o libnormaliz/.libs/nmz_hash.o libnormaliz/.libs/offload_handler.o libnormaliz/.libs/options.o libnormaliz/.libs/output.o libnormaliz/.libs/project_and_lift.o libnormaliz/.libs/reduction.o libnormaliz/.libs/signed_dec.o libnormaliz/.libs/simplex.o libnormaliz/.libs/sublattice_representation.o 
libtool: link: g++ -dynamiclib  -o .libs/libnormaliz.3.dylib .libs/libnormaliz.3.dylib-master.o  -L/opt/homebrew/lib -lgmpxx -lgmp  -g -O2   -install_name  /Users/cheldt/Documents/Code/GAP/gap-4.14.0/pkg/normalizinterface/NormalizInstallDir/lib/libnormaliz.3.dylib -compatibility_version 13 -current_version 13.3
libtool: link: (cd ".libs" && rm -f "libnormaliz.dylib" && ln -s "libnormaliz.3.dylib" "libnormaliz.dylib")
libtool: link: ar cr .libs/libnormaliz.a  libnormaliz/automorph.o libnormaliz/chunk.o libnormaliz/collection.o libnormaliz/cone_dual_mode.o libnormaliz/cone_property.o libnormaliz/cone.o libnormaliz/descent.o libnormaliz/face_lattice.o libnormaliz/full_cone.o libnormaliz/general.o libnormaliz/HilbertSeries.o libnormaliz/input.o libnormaliz/matrix.o libnormaliz/nmz_integral.o libnormaliz/nmz_nauty.o libnormaliz/nmz_hash.o libnormaliz/offload_handler.o libnormaliz/options.o libnormaliz/output.o libnormaliz/project_and_lift.o libnormaliz/reduction.o libnormaliz/signed_dec.o libnormaliz/simplex.o libnormaliz/sublattice_representation.o
libtool: link: ranlib .libs/libnormaliz.a
libtool: link: ( cd ".libs" && rm -f "libnormaliz.la" && ln -s "../libnormaliz.la" "libnormaliz.la" )
/bin/sh ../libtool  --tag=CXX   --mode=link g++ -Wall -pedantic -Wno-unknown-pragmas -Wno-sign-compare  -g -O2 -Wl,-s -L/opt/homebrew/lib  -o normaliz normaliz.o libnormaliz.la     -lgmpxx -lgmp
/bin/sh ../libtool  --tag=CXX   --mode=link g++ -Wall -pedantic -Wno-unknown-pragmas -Wno-sign-compare  -g -O2 -Wl,-s -L/opt/homebrew/lib  -o maxsimplex/maxsimplex maxsimplex/maxsimplex.o libnormaliz.la     -lgmpxx -lgmp
/bin/sh ../libtool  --tag=CXX   --mode=link g++ -Wall -pedantic -Wno-unknown-pragmas -Wno-sign-compare  -g -O2 -Wl,-s -L/opt/homebrew/lib  -o dynamic/dynamic dynamic/dynamic.o libnormaliz.la     -lgmpxx -lgmp
libtool: link: g++ -Wall -pedantic -Wno-unknown-pragmas -Wno-sign-compare -g -O2 -Wl,-s -o .libs/normaliz normaliz.o -Wl,-bind_at_load  -L/opt/homebrew/lib ./.libs/libnormaliz.dylib -lgmpxx -lgmp
libtool: link: g++ -Wall -pedantic -Wno-unknown-pragmas -Wno-sign-compare -g -O2 -Wl,-s -o maxsimplex/.libs/maxsimplex maxsimplex/maxsimplex.o -Wl,-bind_at_load  -L/opt/homebrew/lib ./.libs/libnormaliz.dylib -lgmpxx -lgmp
libtool: link: g++ -Wall -pedantic -Wno-unknown-pragmas -Wno-sign-compare -g -O2 -Wl,-s -o dynamic/.libs/dynamic dynamic/dynamic.o -Wl,-bind_at_load  -L/opt/homebrew/lib ./.libs/libnormaliz.dylib -lgmpxx -lgmp
Making all in test
make[1]: Nothing to be done for `all'.
Making all in example
make[1]: Nothing to be done for `all'.
make[1]: Nothing to be done for `all-am'.
Making install in source
 ../cnf/install-sh -c -d '/Users/cheldt/Documents/Code/GAP/gap-4.14.0/pkg/normalizinterface/NormalizInstallDir/lib'
 /bin/sh ../libtool   --mode=install /usr/bin/install -c   libnormaliz.la '/Users/cheldt/Documents/Code/GAP/gap-4.14.0/pkg/normalizinterface/NormalizInstallDir/lib'
libtool: install: /usr/bin/install -c .libs/libnormaliz.3.dylib /Users/cheldt/Documents/Code/GAP/gap-4.14.0/pkg/normalizinterface/NormalizInstallDir/lib/libnormaliz.3.dylib
libtool: install: (cd /Users/cheldt/Documents/Code/GAP/gap-4.14.0/pkg/normalizinterface/NormalizInstallDir/lib && { ln -s -f libnormaliz.3.dylib libnormaliz.dylib || { rm -f libnormaliz.dylib && ln -s libnormaliz.3.dylib libnormaliz.dylib; }; })
libtool: install: /usr/bin/install -c .libs/libnormaliz.lai /Users/cheldt/Documents/Code/GAP/gap-4.14.0/pkg/normalizinterface/NormalizInstallDir/lib/libnormaliz.la
libtool: install: /usr/bin/install -c .libs/libnormaliz.a /Users/cheldt/Documents/Code/GAP/gap-4.14.0/pkg/normalizinterface/NormalizInstallDir/lib/libnormaliz.a
libtool: install: chmod 644 /Users/cheldt/Documents/Code/GAP/gap-4.14.0/pkg/normalizinterface/NormalizInstallDir/lib/libnormaliz.a
libtool: install: ranlib /Users/cheldt/Documents/Code/GAP/gap-4.14.0/pkg/normalizinterface/NormalizInstallDir/lib/libnormaliz.a
 ../cnf/install-sh -c -d '/Users/cheldt/Documents/Code/GAP/gap-4.14.0/pkg/normalizinterface/NormalizInstallDir/bin'
  /bin/sh ../libtool   --mode=install /usr/bin/install -c normaliz '/Users/cheldt/Documents/Code/GAP/gap-4.14.0/pkg/normalizinterface/NormalizInstallDir/bin'
libtool: install: /usr/bin/install -c .libs/normaliz /Users/cheldt/Documents/Code/GAP/gap-4.14.0/pkg/normalizinterface/NormalizInstallDir/bin/normaliz
 ../cnf/install-sh -c -d '/Users/cheldt/Documents/Code/GAP/gap-4.14.0/pkg/normalizinterface/NormalizInstallDir/include'
 ../cnf/install-sh -c -d '/Users/cheldt/Documents/Code/GAP/gap-4.14.0/pkg/normalizinterface/NormalizInstallDir/include/libnormaliz'
 /usr/bin/install -c -m 644  libnormaliz/automorph.h libnormaliz/cone_property.h libnormaliz/cone.h libnormaliz/descent.h libnormaliz/dynamic_bitset.h libnormaliz/general.h libnormaliz/HilbertSeries.h libnormaliz/input.h libnormaliz/input_type.h libnormaliz/integer.h libnormaliz/libnormaliz.h libnormaliz/list_and_map_operations.h libnormaliz/matrix.h libnormaliz/my_omp.h libnormaliz/nmz_config.h libnormaliz/nmz_nauty.h libnormaliz/normaliz_exception.h libnormaliz/options.h libnormaliz/output.h libnormaliz/sublattice_representation.h libnormaliz/vector_operations.h libnormaliz/version.h '/Users/cheldt/Documents/Code/GAP/gap-4.14.0/pkg/normalizinterface/NormalizInstallDir/include/libnormaliz'
Making install in test
make[2]: Nothing to be done for `install-exec-am'.
make[2]: Nothing to be done for `install-data-am'.
Making install in example
make[2]: Nothing to be done for `install-exec-am'.
make[2]: Nothing to be done for `install-data-am'.
make[2]: Nothing to be done for `install-exec-am'.
make[2]: Nothing to be done for `install-data-am'.
[32mRunning './configure' '--with-gaproot=/Users/cheldt/Documents/Code/GAP/gap-4.14.0' [0m
checking for g++... g++
checking whether the C++ compiler works... yes
checking for C++ compiler default output file name... a.out
checking for suffix of executables... 
checking whether we are cross compiling... no
checking for suffix of object files... o
checking whether the compiler supports GNU C++... yes
checking whether g++ accepts -g... yes
checking for g++ option to enable C++11 features... none needed
checking whether g++ supports C++14 features with -std=gnu++14... yes
checking for GAP root directory... /Users/cheldt/Documents/Code/GAP/gap-4.14.0
checking for GAP architecture... aarch64-apple-darwin24-default64-kv9
checking for GMP... yes, at GAP supplied prefix /opt/homebrew
checking for stdio.h... yes
checking for stdlib.h... yes
checking for string.h... yes
checking for inttypes.h... yes
checking for stdint.h... yes
checking for strings.h... yes
checking for sys/stat.h... yes
checking for sys/types.h... yes
checking for unistd.h... yes
checking for libnormaliz/cone.h... yes
checking for Normaliz >= 3.5.4... yes
configure: creating ./config.status
config.status: creating Makefile
[32mRunning 'gmake' 'clean' [0m
rm -rf bin/aarch64-apple-darwin24-default64-kv9 gen
[32mRunning 'gmake' [0m
   GAC     src/normaliz.cc => gen/src/normaliz.o
   GAC     gen/src/normaliz.o => bin/aarch64-apple-darwin24-default64-kv9/NormalizInterface.so
