
Sun Jun 22 12:39:30 EDT 2025

[32m==== Checking nq[0m
[32mRunning './configure' '--with-gaproot=/Users/cheldt/Documents/Code/GAP/GAP-4.14.0' [0m
checking for a BSD-compatible install... /usr/bin/install -c
checking whether build environment is sane... yes
checking for a race-free mkdir -p... ./cnf/install-sh -c -d
checking for gawk... no
checking for mawk... no
checking for nawk... no
checking for awk... awk
checking whether make sets $(MAKE)... yes
checking whether make supports nested variables... yes
checking whether make supports nested variables... (cached) yes
checking whether to enable maintainer-specific portions of Makefiles... no
checking for gawk... (cached) awk
checking for gcc... gcc
checking whether the C compiler works... yes
checking for C compiler default output file name... a.out
checking for suffix of executables... 
checking whether we are cross compiling... no
checking for suffix of object files... o
checking whether the compiler supports GNU C... yes
checking whether gcc accepts -g... yes
checking for gcc option to enable C11 features... none needed
checking whether gcc understands -c and -o together... yes
checking whether make supports the include directive... yes (GNU style)
checking dependency style of gcc... gcc3
checking whether make sets $(MAKE)... (cached) yes
checking for a sed that does not truncate output... /usr/bin/sed
checking for GAP root directory... /Users/cheldt/Documents/Code/GAP/GAP-4.14.0
checking for GAP architecture... aarch64-apple-darwin24-default64-kv9
checking for stdio.h... yes
checking for stdlib.h... yes
checking for string.h... yes
checking for inttypes.h... yes
checking for stdint.h... yes
checking for strings.h... yes
checking for sys/stat.h... yes
checking for sys/types.h... yes
checking for unistd.h... yes
checking for gmp.h... yes
checking whether linking against GMP works... yes
checking for unsigned long long int... yes
checking for long long int... yes
checking for getrusage... yes
checking that generated files are newer than configure... done
configure: creating ./config.status
config.status: creating Makefile
config.status: creating examples/Makefile
config.status: creating src/config.h
config.status: executing depfiles commands
[32mRunning 'gmake' 'clean' [0m
test -z "nq" || rm -f nq
rm -f examples/G?.tst examples/G?.old *~
(cd doc && rm -f *.aux *.bbl *.blg *.brf *.idx *.ilg *.ind *.log *.out *.pnr *.tex *.toc)
(cd doc && rm -f test/nqman.tst test/diffs)
rm -rf ./bin/aarch64-apple-darwin24-default64-kv9
rm -f *.o
rm -f src/*.o
[32mRunning 'gmake' [0m
  CC       src/nq-addgen.o
  CC       src/nq-collect.o
  CC       src/nq-combicol.o
  CC       src/nq-consistency.o
  CC       src/nq-eliminate.o
  CC       src/nq-engel.o
  CC       src/nq-gap.o
  CC       src/nq-glimt.o
  CC       src/nq-instances.o
  CC       src/nq-mem.o
  CC       src/nq-nq.o
  CC       src/nq-pc.o
  CC       src/nq-pcarith.o
  CC       src/nq-presentation.o
  CC       src/nq-relations.o
  CC       src/nq-system.o
  CC       src/nq-tails.o
  CC       src/nq-time.o
  CC       src/nq-trmetab.o
  CC       src/nq-word.o
  CCLD     nq
./cnf/install-sh -c -d ./bin/aarch64-apple-darwin24-default64-kv9
rm -f /Users/cheldt/Documents/Code/GAP/GAP-4.14.0/pkg/nq/bin/aarch64-apple-darwin24-default64-kv9/nq
cp nq /Users/cheldt/Documents/Code/GAP/GAP-4.14.0/pkg/nq/bin/aarch64-apple-darwin24-default64-kv9
SUCCESS!
