
Mon Aug 11 13:03:24 MDT 2025

[32m==== Checking semigroups[0m
[32mlibsemigroups v2.7.3 is required by this version of Semigroups[0m
[32mThe libsemigroups directory exists and is non-empty[0m
[32mThe file libsemigroups/.VERSION is present[0m
[32mThe installed version of libsemigroups is v2.7.3[0m
[32mRunning './configure' '--with-gaproot=/Users/cheldt/Documents/Code/GAP/gap-4.14.0' [0m
checking for g++... g++
checking whether the C++ compiler works... yes
checking for C++ compiler default output file name... a.out
checking for suffix of executables... 
checking whether we are cross compiling... no
checking for suffix of object files... o
checking whether the compiler supports GNU C++... yes
checking whether g++ accepts -g... yes
checking for g++ option to enable C++11 features... none needed
checking whether g++ supports C++14 features by default... yes
checking for GAP root directory... /Users/cheldt/Documents/Code/GAP/gap-4.14.0
checking for GAP architecture... aarch64-apple-darwin24-default64-kv9
checking build system type... aarch64-apple-darwin24.6.0
checking host system type... aarch64-apple-darwin24.6.0
checking for gcc... gcc
checking whether the compiler supports GNU C... yes
checking whether gcc accepts -g... yes
checking for gcc option to enable C11 features... none needed
checking for a sed that does not truncate output... /usr/bin/sed
checking how to run the C preprocessor... gcc -E
checking for egrep -e... /usr/bin/grep -E
checking whether gcc is Clang... yes
checking whether pthreads work with "-pthread" and "-lpthread"... yes
checking whether Clang needs flag to prevent "argument unused" warning when linking with -pthread... no
checking for joinable pthread attribute... PTHREAD_CREATE_JOINABLE
checking whether more special flags are required for pthreads... no
checking for PTHREAD_PRIO_INHERIT... yes
checking for pthread_create in -lpthread... yes
checking for pkg-config... /opt/homebrew/bin/pkg-config
checking pkg-config is at least version 0.9.0... yes
checking for gawk... no
checking for mawk... no
checking for nawk... no
checking for awk... awk
configure: using included libsemigroups...
checking libsemigroups version... 2.7.3
checking whether to enable debug mode... no
checking for stdio.h... yes
checking for stdlib.h... yes
checking for string.h... yes
checking for inttypes.h... yes
checking for stdint.h... yes
checking for strings.h... yes
checking for sys/stat.h... yes
checking for sys/types.h... yes
checking for unistd.h... yes
checking whether to enable HPCombi... yes
checking the required version of HPCombi... 0.0.6
checking the version of HPCombi that's present... 0.0.6
checking whether C++ compiler accepts -mavx... no
[31mconfigure: WARNING: flag -mavx not supported, HPCombi is disabled[0m
configure: creating ./config.status
config.status: creating GNUmakefile
config.status: creating gen/pkgconfig.h
config.status: gen/pkgconfig.h is unchanged
config.status: executing src/semigroups-config.hpp commands
config.status: creating src/semigroups-config.hpp - prefix SEMIGROUPS for gen/pkgconfig.h defines
config.status: src/semigroups-config.hpp is unchanged
=== configuring in libsemigroups (/Users/cheldt/Documents/Code/GAP/gap-4.14.0/pkg/semigroups/libsemigroups)
configure: running /bin/sh ./configure --disable-option-checking '--prefix=${abs_top_builddir}/../bin/'  '--with-gaproot=/Users/cheldt/Documents/Code/GAP/gap-4.14.0' --cache-file=/dev/null --srcdir=.
checking build system type... aarch64-apple-darwin24.6.0
checking host system type... aarch64-apple-darwin24.6.0
checking target system type... aarch64-apple-darwin24.6.0
checking for a BSD-compatible install... /usr/bin/install -c
checking whether sleep supports fractional seconds... yes
checking filesystem timestamp resolution... 2
checking whether build environment is sane... yes
checking for a race-free mkdir -p... mkdir -p
checking for gawk... no
checking for mawk... no
checking for nawk... no
checking for awk... awk
checking whether make sets $(MAKE)... yes
checking whether make supports nested variables... yes
checking xargs -n works... yes
checking how to create a pax tar archive... gnutar
checking whether make supports the include directive... yes (GNU style)
checking for gcc... gcc
checking whether the C compiler works... yes
checking for C compiler default output file name... a.out
checking for suffix of executables... 
checking whether we are cross compiling... no
checking for suffix of object files... o
checking whether the compiler supports GNU C... yes
checking whether gcc accepts -g... yes
checking for gcc option to enable C11 features... none needed
checking whether gcc understands -c and -o together... yes
checking dependency style of gcc... gcc3
checking for ar... ar
checking the archiver (ar) interface... ar
checking for g++... g++
checking whether the compiler supports GNU C++... yes
checking whether g++ accepts -g... yes
checking for g++ option to enable C++11 features... none needed
checking dependency style of g++... gcc3
checking whether g++ supports C++14 features by default... yes
checking for a sed that does not truncate output... /usr/bin/sed
checking how to run the C preprocessor... gcc -E
checking for egrep -e... /usr/bin/grep -E
checking whether gcc is Clang... yes
checking whether pthreads work with "-pthread" and "-lpthread"... yes
checking whether Clang needs flag to prevent "argument unused" warning when linking with -pthread... no
checking for joinable pthread attribute... PTHREAD_CREATE_JOINABLE
checking whether more special flags are required for pthreads... no
checking for PTHREAD_PRIO_INHERIT... yes
checking for pthread_create in -lpthread... yes
checking whether to enable maintainer-specific portions of Makefiles... no
checking whether ln -s works... yes
checking how to print strings... printf
checking for a sed that does not truncate output... (cached) /usr/bin/sed
checking for grep that handles long lines and -e... /usr/bin/grep
checking for egrep... /usr/bin/grep -E
checking for fgrep... /usr/bin/grep -F
checking for ld used by gcc... /Applications/Xcode.app/Contents/Developer/Toolchains/XcodeDefault.xctoolchain/usr/bin/ld
checking if the linker (/Applications/Xcode.app/Contents/Developer/Toolchains/XcodeDefault.xctoolchain/usr/bin/ld) is GNU ld... no
checking for BSD- or MS-compatible name lister (nm)... /usr/bin/nm -B
checking the name lister (/usr/bin/nm -B) interface... BSD nm
checking the maximum length of command line arguments... 786432
checking how to convert aarch64-apple-darwin24.6.0 file names to aarch64-apple-darwin24.6.0 format... func_convert_file_noop
checking how to convert aarch64-apple-darwin24.6.0 file names to toolchain format... func_convert_file_noop
checking for /Applications/Xcode.app/Contents/Developer/Toolchains/XcodeDefault.xctoolchain/usr/bin/ld option to reload object files... -r
checking for file... file
checking for objdump... objdump
checking how to recognize dependent libraries... pass_all
checking for dlltool... no
checking how to associate runtime and link libraries... printf %s\n
checking for archiver @FILE support... no
checking for strip... strip
checking for ranlib... ranlib
checking command to parse /usr/bin/nm -B output from gcc object... ok
checking for sysroot... no
checking for a working dd... /bin/dd
checking how to truncate binary pipes... /bin/dd bs=4096 count=1
checking for mt... no
checking if : is a manifest tool... no
checking for dsymutil... dsymutil
checking for nmedit... nmedit
checking for lipo... lipo
checking for otool... otool
checking for otool64... no
checking for -single_module linker flag... ld: warning: -single_module is obsolete
no
checking for -exported_symbols_list linker flag... yes
checking for -force_load linker flag... yes
checking for stdio.h... yes
checking for stdlib.h... yes
checking for string.h... yes
checking for inttypes.h... yes
checking for stdint.h... yes
checking for strings.h... yes
checking for sys/stat.h... yes
checking for sys/types.h... yes
checking for unistd.h... yes
checking for dlfcn.h... yes
checking for objdir... .libs
checking if gcc supports -fno-rtti -fno-exceptions... yes
checking for gcc option to produce PIC... -fno-common -DPIC
checking if gcc PIC flag -fno-common -DPIC works... yes
checking if gcc static flag -static works... no
checking if gcc supports -c -o file.o... yes
checking if gcc supports -c -o file.o... (cached) yes
checking whether the gcc linker (/Applications/Xcode.app/Contents/Developer/Toolchains/XcodeDefault.xctoolchain/usr/bin/ld) supports shared libraries... yes
checking dynamic linker characteristics... darwin24.6.0 dyld
checking how to hardcode library paths into programs... immediate
checking whether stripping libraries is possible... yes
checking if libtool supports shared libraries... yes
checking whether to build shared libraries... yes
checking whether to build static libraries... yes
checking how to run the C++ preprocessor... g++ -E
checking for ld used by g++... /Applications/Xcode.app/Contents/Developer/Toolchains/XcodeDefault.xctoolchain/usr/bin/ld
checking if the linker (/Applications/Xcode.app/Contents/Developer/Toolchains/XcodeDefault.xctoolchain/usr/bin/ld) is GNU ld... no
checking whether the g++ linker (/Applications/Xcode.app/Contents/Developer/Toolchains/XcodeDefault.xctoolchain/usr/bin/ld) supports shared libraries... yes
checking for g++ option to produce PIC... -fno-common -DPIC
checking if g++ PIC flag -fno-common -DPIC works... yes
checking if g++ static flag -static works... no
checking if g++ supports -c -o file.o... yes
checking if g++ supports -c -o file.o... (cached) yes
checking whether the g++ linker (/Applications/Xcode.app/Contents/Developer/Toolchains/XcodeDefault.xctoolchain/usr/bin/ld) supports shared libraries... yes
checking dynamic linker characteristics... darwin24.6.0 dyld
checking how to hardcode library paths into programs... immediate
checking for limits.h... yes
checking for stdint.h... (cached) yes
checking for stdlib.h... (cached) yes
checking for sys/time.h... yes
checking for unistd.h... (cached) yes
checking for pthread.h... yes
checking for _Bool... yes
checking for stdbool.h that conforms to C99 or later... yes
checking for inline... inline
checking for int64_t... yes
checking for size_t... yes
checking for uint64_t... yes
checking for ptrdiff_t... yes
checking size of void *... 8
checking for GNU libc compatible malloc... yes
checking for gettimeofday... yes
checking for memset... yes
checking for pow... yes
checking for sqrt... yes
checking whether to enable debug mode... no
checking whether to enable verbose mode... no
checking whether enable compiler warnings... no
checking whether to enable stats mode... yes
checking whether to enable backward mode... yes
checking for execinfo.h... yes
checking whether to build with code coverage support... no
checking whether to enable HPCombi... yes
checking for ./extern/HPCombi/VERSION... yes
checking the required version of HPCombi... 0.0.6
checking the version of HPCombi that's present... 0.0.6
checking whether C++ compiler accepts -mavx... no
[31mconfigure: WARNING: flag -mavx not supported, HPCombi is disabled[0m
checking for pkg-config... /opt/homebrew/bin/pkg-config
checking pkg-config is at least version 0.9.0... yes
checking whether to enable fmt... no
checking whether to enable eigen... yes
checking whether to use external eigen... no
checking for __builtin_popcountl... yes
checking for __builtin_clzll... yes
checking whether to try and use __builtin_popcntl... yes
checking whether to try and use __builtin_clzlll... yes
checking that generated files are newer than configure... done
configure: creating ./config.status
config.status: creating Makefile
config.status: creating libsemigroups.pc
config.status: creating config/config.h
config.status: config/config.h is unchanged
config.status: executing depfiles commands
config.status: executing include/libsemigroups/config.hpp commands
config.status: creating include/libsemigroups/config.hpp - prefix LIBSEMIGROUPS for config/config.h defines
config.status: include/libsemigroups/config.hpp is unchanged
config.status: executing libtool commands
[32mRunning 'gmake' 'clean' [0m
rm -rf bin/aarch64-apple-darwin24-default64-kv9 gen
find . -name '*.gcda' -delete
[32mRunning 'gmake' [0m
./config.status gen/pkgconfig.h
config.status: creating gen/pkgconfig.h
echo > gen/pkgconfig.h.stamp
   GAC     src/bipart.cpp => gen/src/bipart.o
   GAC     src/cong.cpp => gen/src/cong.o
   GAC     src/conglatt.cpp => gen/src/conglatt.o
   GAC     src/froidure-pin-base.cpp => gen/src/froidure-pin-base.o
   GAC     src/froidure-pin-bipart.cpp => gen/src/froidure-pin-bipart.o
   GAC     src/froidure-pin-bmat.cpp => gen/src/froidure-pin-bmat.o
   GAC     src/froidure-pin-fallback.cpp => gen/src/froidure-pin-fallback.o
   GAC     src/froidure-pin-matrix.cpp => gen/src/froidure-pin-matrix.o
   GAC     src/froidure-pin-max-plus-mat.cpp => gen/src/froidure-pin-max-plus-mat.o
   GAC     src/froidure-pin-min-plus-mat.cpp => gen/src/froidure-pin-min-plus-mat.o
   GAC     src/froidure-pin-pbr.cpp => gen/src/froidure-pin-pbr.o
   GAC     src/froidure-pin-pperm.cpp => gen/src/froidure-pin-pperm.o
   GAC     src/froidure-pin-transf.cpp => gen/src/froidure-pin-transf.o
   GAC     src/pkg.cpp => gen/src/pkg.o
[31mIn file included from src/pkg.cpp:59:[0m
[31mIn file included from ./bin/include/libsemigroups/sims1.hpp:1269:[0m
[31m./bin/include/libsemigroups/sims1.tpp:622:39: error: no member named 'long_rules' in 'libsemigroups::Sims1::iterator_base'[0m
[31m622 |     _longs           = std::move(that.long_rules());[0m
[31m|                                  ~~~~ ^[0m
[31m1 error generated.[0m
[31mgmake: *** [Makefile.gappkg:130: gen/src/pkg.o] Error 1[0m

[33mWARNING: Failed to build semigroups[0m
