
Sun Jun 22 12:44:37 EDT 2025

[32m==== Checking simpcomp[0m
[32mRunning './configure' '--with-gaproot=/Users/cheldt/Documents/Code/GAP/GAP-4.14.0' [0m
checking for a BSD-compatible install... /usr/bin/install -c
checking whether build environment is sane... yes
checking for a thread-safe mkdir -p... ./install-sh -c -d
checking for gawk... no
checking for mawk... no
checking for nawk... no
checking for awk... awk
checking whether make sets $(MAKE)... yes
checking whether make supports nested variables... yes
checking for g++... g++
checking whether the C++ compiler works... yes
checking for C++ compiler default output file name... a.out
checking for suffix of executables... 
checking whether we are cross compiling... no
checking for suffix of object files... o
checking whether we are using the GNU C++ compiler... yes
checking whether g++ accepts -g... yes
checking for style of include used by make... GNU
checking dependency style of g++... gcc3
checking that generated files are newer than configure... done
configure: creating ./config.status
config.status: creating Makefile
config.status: executing depfiles commands
[32mRunning 'gmake' 'clean' [0m
test -z "bistellar" || rm -f bistellar
rm -f *.o
rm -f src/*.o
[32mRunning 'gmake' [0m
depbase=`echo src/bistellar_move.o | sed 's|[^/]*$|.deps/&|;s|\.o$||'`;\
g++ -DPACKAGE_NAME=\"Simpcomp\ Bistellar\" -DPACKAGE_TARNAME=\"simpcomp-bistellar\" -DPACKAGE_VERSION=\"1.0\" -DPACKAGE_STRING=\"Simpcomp\ Bistellar\ 1.0\" -DPACKAGE_BUGREPORT=\"\" -DPACKAGE_URL=\"\" -I.     -g -O2 -MT src/bistellar_move.o -MD -MP -MF $depbase.Tpo -c -o src/bistellar_move.o src/bistellar_move.cpp &&\
mv -f $depbase.Tpo $depbase.Po
depbase=`echo src/face.o | sed 's|[^/]*$|.deps/&|;s|\.o$||'`;\
g++ -DPACKAGE_NAME=\"Simpcomp\ Bistellar\" -DPACKAGE_TARNAME=\"simpcomp-bistellar\" -DPACKAGE_VERSION=\"1.0\" -DPACKAGE_STRING=\"Simpcomp\ Bistellar\ 1.0\" -DPACKAGE_BUGREPORT=\"\" -DPACKAGE_URL=\"\" -I.     -g -O2 -MT src/face.o -MD -MP -MF $depbase.Tpo -c -o src/face.o src/face.cpp &&\
mv -f $depbase.Tpo $depbase.Po
depbase=`echo src/main.o | sed 's|[^/]*$|.deps/&|;s|\.o$||'`;\
g++ -DPACKAGE_NAME=\"Simpcomp\ Bistellar\" -DPACKAGE_TARNAME=\"simpcomp-bistellar\" -DPACKAGE_VERSION=\"1.0\" -DPACKAGE_STRING=\"Simpcomp\ Bistellar\ 1.0\" -DPACKAGE_BUGREPORT=\"\" -DPACKAGE_URL=\"\" -I.     -g -O2 -MT src/main.o -MD -MP -MF $depbase.Tpo -c -o src/main.o src/main.cpp &&\
mv -f $depbase.Tpo $depbase.Po
depbase=`echo src/movable_complex.o | sed 's|[^/]*$|.deps/&|;s|\.o$||'`;\
g++ -DPACKAGE_NAME=\"Simpcomp\ Bistellar\" -DPACKAGE_TARNAME=\"simpcomp-bistellar\" -DPACKAGE_VERSION=\"1.0\" -DPACKAGE_STRING=\"Simpcomp\ Bistellar\ 1.0\" -DPACKAGE_BUGREPORT=\"\" -DPACKAGE_URL=\"\" -I.     -g -O2 -MT src/movable_complex.o -MD -MP -MF $depbase.Tpo -c -o src/movable_complex.o src/movable_complex.cpp &&\
mv -f $depbase.Tpo $depbase.Po
depbase=`echo src/randomize_complex.o | sed 's|[^/]*$|.deps/&|;s|\.o$||'`;\
g++ -DPACKAGE_NAME=\"Simpcomp\ Bistellar\" -DPACKAGE_TARNAME=\"simpcomp-bistellar\" -DPACKAGE_VERSION=\"1.0\" -DPACKAGE_STRING=\"Simpcomp\ Bistellar\ 1.0\" -DPACKAGE_BUGREPORT=\"\" -DPACKAGE_URL=\"\" -I.     -g -O2 -MT src/randomize_complex.o -MD -MP -MF $depbase.Tpo -c -o src/randomize_complex.o src/randomize_complex.cpp &&\
mv -f $depbase.Tpo $depbase.Po
depbase=`echo src/reduce_complex.o | sed 's|[^/]*$|.deps/&|;s|\.o$||'`;\
g++ -DPACKAGE_NAME=\"Simpcomp\ Bistellar\" -DPACKAGE_TARNAME=\"simpcomp-bistellar\" -DPACKAGE_VERSION=\"1.0\" -DPACKAGE_STRING=\"Simpcomp\ Bistellar\ 1.0\" -DPACKAGE_BUGREPORT=\"\" -DPACKAGE_URL=\"\" -I.     -g -O2 -MT src/reduce_complex.o -MD -MP -MF $depbase.Tpo -c -o src/reduce_complex.o src/reduce_complex.cpp &&\
mv -f $depbase.Tpo $depbase.Po
depbase=`echo src/types.o | sed 's|[^/]*$|.deps/&|;s|\.o$||'`;\
g++ -DPACKAGE_NAME=\"Simpcomp\ Bistellar\" -DPACKAGE_TARNAME=\"simpcomp-bistellar\" -DPACKAGE_VERSION=\"1.0\" -DPACKAGE_STRING=\"Simpcomp\ Bistellar\ 1.0\" -DPACKAGE_BUGREPORT=\"\" -DPACKAGE_URL=\"\" -I.     -g -O2 -MT src/types.o -MD -MP -MF $depbase.Tpo -c -o src/types.o src/types.cpp &&\
mv -f $depbase.Tpo $depbase.Po
depbase=`echo src/util.o | sed 's|[^/]*$|.deps/&|;s|\.o$||'`;\
g++ -DPACKAGE_NAME=\"Simpcomp\ Bistellar\" -DPACKAGE_TARNAME=\"simpcomp-bistellar\" -DPACKAGE_VERSION=\"1.0\" -DPACKAGE_STRING=\"Simpcomp\ Bistellar\ 1.0\" -DPACKAGE_BUGREPORT=\"\" -DPACKAGE_URL=\"\" -I.     -g -O2 -MT src/util.o -MD -MP -MF $depbase.Tpo -c -o src/util.o src/util.cpp &&\
mv -f $depbase.Tpo $depbase.Po
g++  -g -O2   -o bistellar src/bistellar_move.o src/face.o src/main.o src/movable_complex.o src/randomize_complex.o src/reduce_complex.o src/types.o src/util.o  
mkdir -p bin
cp bistellar bin/bistellar
rm -f bistellar
rm -f *.o
rm -f src/*.o
