
Mon Aug 11 13:07:54 MDT 2025

[32m==== Checking xgap[0m
[32mRunning './configure' '--with-gaproot=/Users/cheldt/Documents/Code/GAP/gap-4.14.0' [0m
checking for make... make
checking build system type... aarch64-apple-darwin24.6.0
checking host system type... aarch64-apple-darwin24.6.0
checking target system type... aarch64-apple-darwin24.6.0
checking for gcc... gcc
checking whether the C compiler works... yes
checking for C compiler default output file name... a.out
checking for suffix of executables... 
checking whether we are cross compiling... no
checking for suffix of object files... o
checking whether the compiler supports GNU C... yes
checking whether gcc accepts -g... yes
checking for gcc option to enable C11 features... none needed
checking whether make sets $(MAKE)... yes
checking for CONFIGNAME... none
checking for GAP root directory... /Users/cheldt/Documents/Code/GAP/gap-4.14.0
checking for GAP architecture... aarch64-apple-darwin24-default64-kv9
configure: creating ./config.status
config.status: creating Makefile
config.status: creating xgap.sh
config.status: executing default commands
[32mRunning 'gmake' 'clean' [0m
rm -rf bin/aarch64-apple-darwin24-default64-kv9
rm -f xgap.sh bin/xgap.sh
[32mRunning 'gmake' [0m
mkdir -p bin/aarch64-apple-darwin24-default64-kv9
cp cnf/configure.out bin/aarch64-apple-darwin24-default64-kv9/configure
( cd bin/aarch64-apple-darwin24-default64-kv9 ; CC=gcc ./configure --with-gaproot=/Users/cheldt/Documents/Code/GAP/gap-4.14.0 )
checking for gcc... gcc
checking whether the C compiler works... yes
checking for C compiler default output file name... a.out
checking for suffix of executables... 
checking whether we are cross compiling... no
checking for suffix of object files... o
checking whether the compiler supports GNU C... yes
checking whether gcc accepts -g... yes
checking for gcc option to enable C11 features... none needed
checking whether gcc and cc understand -c and -o together... yes
checking for an ANSI C-conforming const... yes
checking build system type... aarch64-apple-darwin24.6.0
checking host system type... aarch64-apple-darwin24.6.0
checking target system type... aarch64-apple-darwin24.6.0
checking for stdio.h... yes
checking for stdlib.h... yes
checking for string.h... yes
checking for inttypes.h... yes
checking for stdint.h... yes
checking for strings.h... yes
checking for sys/stat.h... yes
checking for sys/types.h... yes
checking for unistd.h... yes
checking for sys/time.h... yes
checking for sys/wait.h that is POSIX.1 compatible... yes
checking for library containing openpty... none required
checking for util.h... yes
checking for pty.h... no
checking for libutil.h... no
checking for sgtty.h... yes
checking for termios.h... yes
checking for termio.h... no
checking for sys/ioctl.h... yes
checking for sys/select.h... yes
checking for signal.h... yes
checking for sys/signal.h... yes
checking for signal... yes
checking for dirent.h that defines DIR... yes
checking for library containing opendir... none required
checking whether closedir returns void... no
checking how to run the C preprocessor... gcc -E
checking for X... no

[33mWARNING: Failed to build xgap[0m
