
Mon Aug 11 13:07:58 MDT 2025

[32m==== Checking zeromqinterface[0m
[32mRunning './configure' '--with-gaproot=/Users/cheldt/Documents/Code/GAP/gap-4.14.0' [0m
checking for gcc... gcc
checking whether the C compiler works... yes
checking for C compiler default output file name... a.out
checking for suffix of executables... 
checking whether we are cross compiling... no
checking for suffix of object files... o
checking whether the compiler supports GNU C... yes
checking whether gcc accepts -g... yes
checking for gcc option to enable C11 features... none needed
checking for GAP root directory... /Users/cheldt/Documents/Code/GAP/gap-4.14.0
checking for GAP architecture... aarch64-apple-darwin24-default64-kv9
checking for stdio.h... yes
checking for stdlib.h... yes
checking for string.h... yes
checking for inttypes.h... yes
checking for stdint.h... yes
checking for strings.h... yes
checking for sys/stat.h... yes
checking for sys/types.h... yes
checking for unistd.h... yes
checking how to run the C preprocessor... gcc -E
checking for egrep -e... /usr/bin/grep -E
configure: BREW zeromq detected
checking for zmq.h... yes
checking for ZMQ version >= 2.0.0... yes
configure: creating ./config.status
config.status: creating Makefile
[32mRunning 'gmake' 'clean' [0m
rm -rf bin/aarch64-apple-darwin24-default64-kv9 gen
[32mRunning 'gmake' [0m
   GAC     src/zmqgap.c => gen/src/zmqgap.o
   GAC     gen/src/zmqgap.o => bin/aarch64-apple-darwin24-default64-kv9/zeromqinterface.so
